[2023-06-27T11:23:43.698+0000] {logging_mixin.py:149} INFO - Changing /opt/***/logs/dag_id=2_Test_Badge_5_Loop/run_id=scheduled__2023-06-27T11:22:00+00:00/task_id=get_choice permission to 509
[2023-06-27T11:23:43.700+0000] {logging_mixin.py:149} INFO - Failed to change /opt/***/logs/dag_id=2_Test_Badge_5_Loop/run_id=scheduled__2023-06-27T11:22:00+00:00/task_id=get_choice permission to 509: [Errno 1] Operation not permitted: '/opt/***/logs/dag_id=2_Test_Badge_5_Loop/run_id=scheduled__2023-06-27T11:22:00+00:00/task_id=get_choice'
[2023-06-27T11:23:43.877+0000] {logging_mixin.py:149} INFO - Changing /opt/***/logs/dag_id=2_Test_Badge_5_Loop/run_id=scheduled__2023-06-27T11:22:00+00:00/task_id=get_choice permission to 509
[2023-06-27T11:23:43.879+0000] {logging_mixin.py:149} INFO - Failed to change /opt/***/logs/dag_id=2_Test_Badge_5_Loop/run_id=scheduled__2023-06-27T11:22:00+00:00/task_id=get_choice permission to 509: [Errno 1] Operation not permitted: '/opt/***/logs/dag_id=2_Test_Badge_5_Loop/run_id=scheduled__2023-06-27T11:22:00+00:00/task_id=get_choice'
[2023-06-27T11:23:43.953+0000] {taskinstance.py:1103} INFO - Dependencies all met for dep_context=non-requeueable deps ti=<TaskInstance: 2_Test_Badge_5_Loop.get_choice scheduled__2023-06-27T11:22:00+00:00 [queued]>
[2023-06-27T11:23:43.968+0000] {taskinstance.py:1103} INFO - Dependencies all met for dep_context=requeueable deps ti=<TaskInstance: 2_Test_Badge_5_Loop.get_choice scheduled__2023-06-27T11:22:00+00:00 [queued]>
[2023-06-27T11:23:43.969+0000] {taskinstance.py:1308} INFO - Starting attempt 1 of 1
[2023-06-27T11:23:43.989+0000] {taskinstance.py:1327} INFO - Executing <Task(BashOperator): get_choice> on 2023-06-27 11:22:00+00:00
[2023-06-27T11:23:43.999+0000] {standard_task_runner.py:57} INFO - Started process 70 to run task
[2023-06-27T11:23:44.003+0000] {standard_task_runner.py:84} INFO - Running: ['***', 'tasks', 'run', '2_Test_Badge_5_Loop', 'get_choice', 'scheduled__2023-06-27T11:22:00+00:00', '--job-id', '247', '--raw', '--subdir', 'DAGS_FOLDER/test.py', '--cfg-path', '/tmp/tmp20_qw17e']
[2023-06-27T11:23:44.006+0000] {standard_task_runner.py:85} INFO - Job 247: Subtask get_choice
[2023-06-27T11:23:44.073+0000] {logging_mixin.py:149} INFO - Changing /opt/***/logs/dag_id=2_Test_Badge_5_Loop/run_id=scheduled__2023-06-27T11:22:00+00:00/task_id=get_choice permission to 509
[2023-06-27T11:23:44.074+0000] {logging_mixin.py:149} INFO - Failed to change /opt/***/logs/dag_id=2_Test_Badge_5_Loop/run_id=scheduled__2023-06-27T11:22:00+00:00/task_id=get_choice permission to 509: [Errno 1] Operation not permitted: '/opt/***/logs/dag_id=2_Test_Badge_5_Loop/run_id=scheduled__2023-06-27T11:22:00+00:00/task_id=get_choice'
[2023-06-27T11:23:44.078+0000] {task_command.py:410} INFO - Running <TaskInstance: 2_Test_Badge_5_Loop.get_choice scheduled__2023-06-27T11:22:00+00:00 [running]> on host fdcb641f4a74
[2023-06-27T11:23:44.273+0000] {taskinstance.py:1547} INFO - Exporting env vars: AIRFLOW_CTX_DAG_OWNER='***' AIRFLOW_CTX_DAG_ID='2_Test_Badge_5_Loop' AIRFLOW_CTX_TASK_ID='get_choice' AIRFLOW_CTX_EXECUTION_DATE='2023-06-27T11:22:00+00:00' AIRFLOW_CTX_TRY_NUMBER='1' AIRFLOW_CTX_DAG_RUN_ID='scheduled__2023-06-27T11:22:00+00:00'
[2023-06-27T11:23:44.276+0000] {subprocess.py:63} INFO - Tmp dir root location: 
 /tmp
[2023-06-27T11:23:44.277+0000] {subprocess.py:75} INFO - Running command: ['/bin/bash', '-c', 'cd /dbt && dbt run-operation get_stream_value --args \'{                            "stream_name": "ed_cdc_stream",                             "dry_run": false}\'']
[2023-06-27T11:23:44.292+0000] {subprocess.py:86} INFO - Output:
[2023-06-27T11:23:48.208+0000] {subprocess.py:93} INFO - [0m11:23:48  Running with dbt=1.5.1
[2023-06-27T11:23:57.819+0000] {subprocess.py:93} INFO - [0m11:23:57  Found 2 models, 0 tests, 0 snapshots, 0 analyses, 456 macros, 0 operations, 1 seed file, 0 sources, 0 exposures, 0 metrics, 0 groups
[2023-06-27T11:23:59.626+0000] {subprocess.py:93} INFO - [0m11:23:59  Encountered an error while running operation: Database Error
[2023-06-27T11:23:59.627+0000] {subprocess.py:93} INFO -   001046 (22023): SQL compilation error:
[2023-06-27T11:23:59.628+0000] {subprocess.py:93} INFO -   Invalid value ['ed_cdc_stream'] for function 'SYSTEM$STREAM_HAS_DATA', parameter 1: must be a valid stream name
[2023-06-27T11:24:00.399+0000] {subprocess.py:97} INFO - Command exited with return code 1
[2023-06-27T11:24:00.412+0000] {taskinstance.py:1824} ERROR - Task failed with exception
Traceback (most recent call last):
  File "/home/airflow/.local/lib/python3.7/site-packages/airflow/operators/bash.py", line 211, in execute
    f"Bash command failed. The command returned a non-zero exit code {result.exit_code}."
airflow.exceptions.AirflowException: Bash command failed. The command returned a non-zero exit code 1.
[2023-06-27T11:24:00.416+0000] {taskinstance.py:1350} INFO - Marking task as FAILED. dag_id=2_Test_Badge_5_Loop, task_id=get_choice, execution_date=20230627T112200, start_date=20230627T112343, end_date=20230627T112400
[2023-06-27T11:24:00.435+0000] {standard_task_runner.py:109} ERROR - Failed to execute job 247 for task get_choice (Bash command failed. The command returned a non-zero exit code 1.; 70)
[2023-06-27T11:24:00.454+0000] {local_task_job_runner.py:225} INFO - Task exited with return code 1
[2023-06-27T11:24:00.499+0000] {taskinstance.py:2651} INFO - 0 downstream tasks scheduled from follow-on schedule check
