[2023-06-27T08:41:24.027+0000] {logging_mixin.py:149} INFO - Changing /opt/***/logs/dag_id=2_Test_Badge_5_Loop/run_id=scheduled__2023-06-27T00:35:00+00:00/task_id=create_select permission to 509
[2023-06-27T08:41:24.039+0000] {logging_mixin.py:149} INFO - Failed to change /opt/***/logs/dag_id=2_Test_Badge_5_Loop/run_id=scheduled__2023-06-27T00:35:00+00:00/task_id=create_select permission to 509: [Errno 1] Operation not permitted: '/opt/***/logs/dag_id=2_Test_Badge_5_Loop/run_id=scheduled__2023-06-27T00:35:00+00:00/task_id=create_select'
[2023-06-27T08:41:24.190+0000] {logging_mixin.py:149} INFO - Changing /opt/***/logs/dag_id=2_Test_Badge_5_Loop/run_id=scheduled__2023-06-27T00:35:00+00:00/task_id=create_select permission to 509
[2023-06-27T08:41:24.212+0000] {logging_mixin.py:149} INFO - Failed to change /opt/***/logs/dag_id=2_Test_Badge_5_Loop/run_id=scheduled__2023-06-27T00:35:00+00:00/task_id=create_select permission to 509: [Errno 1] Operation not permitted: '/opt/***/logs/dag_id=2_Test_Badge_5_Loop/run_id=scheduled__2023-06-27T00:35:00+00:00/task_id=create_select'
[2023-06-27T08:41:24.938+0000] {taskinstance.py:1103} INFO - Dependencies all met for dep_context=non-requeueable deps ti=<TaskInstance: 2_Test_Badge_5_Loop.create_select scheduled__2023-06-27T00:35:00+00:00 [queued]>
[2023-06-27T08:41:24.982+0000] {taskinstance.py:1103} INFO - Dependencies all met for dep_context=requeueable deps ti=<TaskInstance: 2_Test_Badge_5_Loop.create_select scheduled__2023-06-27T00:35:00+00:00 [queued]>
[2023-06-27T08:41:24.990+0000] {taskinstance.py:1308} INFO - Starting attempt 1 of 1
[2023-06-27T08:41:25.047+0000] {taskinstance.py:1327} INFO - Executing <Task(BashOperator): create_select> on 2023-06-27 00:35:00+00:00
[2023-06-27T08:41:25.070+0000] {standard_task_runner.py:57} INFO - Started process 858 to run task
[2023-06-27T08:41:25.095+0000] {standard_task_runner.py:84} INFO - Running: ['***', 'tasks', 'run', '2_Test_Badge_5_Loop', 'create_select', 'scheduled__2023-06-27T00:35:00+00:00', '--job-id', '151', '--raw', '--subdir', 'DAGS_FOLDER/test.py', '--cfg-path', '/tmp/tmpv42z30aa']
[2023-06-27T08:41:25.102+0000] {standard_task_runner.py:85} INFO - Job 151: Subtask create_select
[2023-06-27T08:41:25.455+0000] {logging_mixin.py:149} INFO - Changing /opt/***/logs/dag_id=2_Test_Badge_5_Loop/run_id=scheduled__2023-06-27T00:35:00+00:00/task_id=create_select permission to 509
[2023-06-27T08:41:25.460+0000] {logging_mixin.py:149} INFO - Failed to change /opt/***/logs/dag_id=2_Test_Badge_5_Loop/run_id=scheduled__2023-06-27T00:35:00+00:00/task_id=create_select permission to 509: [Errno 1] Operation not permitted: '/opt/***/logs/dag_id=2_Test_Badge_5_Loop/run_id=scheduled__2023-06-27T00:35:00+00:00/task_id=create_select'
[2023-06-27T08:41:25.468+0000] {task_command.py:410} INFO - Running <TaskInstance: 2_Test_Badge_5_Loop.create_select scheduled__2023-06-27T00:35:00+00:00 [running]> on host 4d37da440d5c
[2023-06-27T08:41:25.986+0000] {taskinstance.py:1547} INFO - Exporting env vars: AIRFLOW_CTX_DAG_OWNER='***' AIRFLOW_CTX_DAG_ID='2_Test_Badge_5_Loop' AIRFLOW_CTX_TASK_ID='create_select' AIRFLOW_CTX_EXECUTION_DATE='2023-06-27T00:35:00+00:00' AIRFLOW_CTX_TRY_NUMBER='1' AIRFLOW_CTX_DAG_RUN_ID='scheduled__2023-06-27T00:35:00+00:00'
[2023-06-27T08:41:25.997+0000] {subprocess.py:63} INFO - Tmp dir root location: 
 /tmp
[2023-06-27T08:41:26.004+0000] {subprocess.py:75} INFO - Running command: ['/bin/bash', '-c', 'cd /dbt && dbt run --model select']
[2023-06-27T08:41:26.036+0000] {subprocess.py:86} INFO - Output:
[2023-06-27T08:41:37.161+0000] {subprocess.py:93} INFO - [0m08:41:37  Running with dbt=1.5.1
[2023-06-27T08:41:54.443+0000] {subprocess.py:93} INFO - [0m08:41:54  [[33mWARNING[0m]: Configuration paths exist in your dbt_project.yml file which do not apply to any resources.
[2023-06-27T08:41:54.445+0000] {subprocess.py:93} INFO - There are 2 unused configuration paths:
[2023-06-27T08:41:54.451+0000] {subprocess.py:93} INFO - - models.badge_5.time_of_day
[2023-06-27T08:41:54.454+0000] {subprocess.py:93} INFO - - models.badge_5.create_stage
[2023-06-27T08:41:54.595+0000] {subprocess.py:93} INFO - [0m08:41:54  Found 2 models, 0 tests, 0 snapshots, 0 analyses, 455 macros, 0 operations, 1 seed file, 0 sources, 0 exposures, 0 metrics, 0 groups
[2023-06-27T08:41:54.608+0000] {subprocess.py:93} INFO - [0m08:41:54
[2023-06-27T08:41:56.490+0000] {subprocess.py:93} INFO - [0m08:41:56  Concurrency: 200 threads (target='dev')
[2023-06-27T08:41:56.498+0000] {subprocess.py:93} INFO - [0m08:41:56
[2023-06-27T08:41:56.728+0000] {subprocess.py:93} INFO - [0m08:41:56  1 of 1 START sql view model ***.select ..................................... [RUN]
[2023-06-27T08:41:57.527+0000] {subprocess.py:93} INFO - [0m08:41:57  1 of 1 ERROR creating sql view model ***.select ............................ [[31mERROR[0m in 0.78s]
[2023-06-27T08:41:57.606+0000] {subprocess.py:93} INFO - [0m08:41:57
[2023-06-27T08:41:57.612+0000] {subprocess.py:93} INFO - [0m08:41:57  Finished running 1 view model in 0 hours 0 minutes and 2.99 seconds (2.99s).
[2023-06-27T08:41:57.696+0000] {subprocess.py:93} INFO - [0m08:41:57
[2023-06-27T08:41:57.699+0000] {subprocess.py:93} INFO - [0m08:41:57  [31mCompleted with 1 error and 0 warnings:[0m
[2023-06-27T08:41:57.702+0000] {subprocess.py:93} INFO - [0m08:41:57
[2023-06-27T08:41:57.706+0000] {subprocess.py:93} INFO - [0m08:41:57  [33mDatabase Error in model select (models/select/select.sql)[0m
[2023-06-27T08:41:57.709+0000] {subprocess.py:93} INFO - [0m08:41:57    001003 (42000): SQL compilation error:
[2023-06-27T08:41:57.712+0000] {subprocess.py:93} INFO - [0m08:41:57    syntax error line 1 at position 43 unexpected '.'.
[2023-06-27T08:41:57.715+0000] {subprocess.py:93} INFO - [0m08:41:57    compiled Code at target/run/badge_5/models/select/select.sql
[2023-06-27T08:41:57.718+0000] {subprocess.py:93} INFO - [0m08:41:57
[2023-06-27T08:41:57.744+0000] {subprocess.py:93} INFO - [0m08:41:57  Done. PASS=0 WARN=0 ERROR=1 SKIP=0 TOTAL=1
[2023-06-27T08:41:59.260+0000] {subprocess.py:97} INFO - Command exited with return code 1
[2023-06-27T08:41:59.315+0000] {taskinstance.py:1824} ERROR - Task failed with exception
Traceback (most recent call last):
  File "/home/airflow/.local/lib/python3.7/site-packages/airflow/operators/bash.py", line 211, in execute
    f"Bash command failed. The command returned a non-zero exit code {result.exit_code}."
airflow.exceptions.AirflowException: Bash command failed. The command returned a non-zero exit code 1.
[2023-06-27T08:41:59.327+0000] {taskinstance.py:1350} INFO - Marking task as FAILED. dag_id=2_Test_Badge_5_Loop, task_id=create_select, execution_date=20230627T003500, start_date=20230627T084124, end_date=20230627T084159
[2023-06-27T08:41:59.374+0000] {standard_task_runner.py:109} ERROR - Failed to execute job 151 for task create_select (Bash command failed. The command returned a non-zero exit code 1.; 858)
[2023-06-27T08:41:59.424+0000] {local_task_job_runner.py:225} INFO - Task exited with return code 1
[2023-06-27T08:41:59.527+0000] {taskinstance.py:2651} INFO - 0 downstream tasks scheduled from follow-on schedule check
[2023-06-27T08:54:40.093+0000] {logging_mixin.py:149} INFO - Changing /opt/***/logs/dag_id=2_Test_Badge_5_Loop/run_id=scheduled__2023-06-27T00:35:00+00:00/task_id=create_select permission to 509
[2023-06-27T08:54:40.105+0000] {logging_mixin.py:149} INFO - Failed to change /opt/***/logs/dag_id=2_Test_Badge_5_Loop/run_id=scheduled__2023-06-27T00:35:00+00:00/task_id=create_select permission to 509: [Errno 1] Operation not permitted: '/opt/***/logs/dag_id=2_Test_Badge_5_Loop/run_id=scheduled__2023-06-27T00:35:00+00:00/task_id=create_select'
[2023-06-27T08:54:40.192+0000] {logging_mixin.py:149} INFO - Changing /opt/***/logs/dag_id=2_Test_Badge_5_Loop/run_id=scheduled__2023-06-27T00:35:00+00:00/task_id=create_select permission to 509
[2023-06-27T08:54:40.194+0000] {logging_mixin.py:149} INFO - Failed to change /opt/***/logs/dag_id=2_Test_Badge_5_Loop/run_id=scheduled__2023-06-27T00:35:00+00:00/task_id=create_select permission to 509: [Errno 1] Operation not permitted: '/opt/***/logs/dag_id=2_Test_Badge_5_Loop/run_id=scheduled__2023-06-27T00:35:00+00:00/task_id=create_select'
[2023-06-27T08:54:40.328+0000] {taskinstance.py:1103} INFO - Dependencies all met for dep_context=non-requeueable deps ti=<TaskInstance: 2_Test_Badge_5_Loop.create_select scheduled__2023-06-27T00:35:00+00:00 [queued]>
[2023-06-27T08:54:42.260+0000] {taskinstance.py:1103} INFO - Dependencies all met for dep_context=requeueable deps ti=<TaskInstance: 2_Test_Badge_5_Loop.create_select scheduled__2023-06-27T00:35:00+00:00 [queued]>
[2023-06-27T08:54:42.272+0000] {taskinstance.py:1308} INFO - Starting attempt 1 of 1
[2023-06-27T08:54:42.320+0000] {taskinstance.py:1327} INFO - Executing <Task(BashOperator): create_select> on 2023-06-27 00:35:00+00:00
[2023-06-27T08:54:42.335+0000] {standard_task_runner.py:57} INFO - Started process 8634 to run task
[2023-06-27T08:54:42.346+0000] {standard_task_runner.py:84} INFO - Running: ['***', 'tasks', 'run', '2_Test_Badge_5_Loop', 'create_select', 'scheduled__2023-06-27T00:35:00+00:00', '--job-id', '189', '--raw', '--subdir', 'DAGS_FOLDER/test.py', '--cfg-path', '/tmp/tmpihi6qmng']
[2023-06-27T08:54:42.353+0000] {standard_task_runner.py:85} INFO - Job 189: Subtask create_select
[2023-06-27T08:54:42.497+0000] {logging_mixin.py:149} INFO - Changing /opt/***/logs/dag_id=2_Test_Badge_5_Loop/run_id=scheduled__2023-06-27T00:35:00+00:00/task_id=create_select permission to 509
[2023-06-27T08:54:42.499+0000] {logging_mixin.py:149} INFO - Failed to change /opt/***/logs/dag_id=2_Test_Badge_5_Loop/run_id=scheduled__2023-06-27T00:35:00+00:00/task_id=create_select permission to 509: [Errno 1] Operation not permitted: '/opt/***/logs/dag_id=2_Test_Badge_5_Loop/run_id=scheduled__2023-06-27T00:35:00+00:00/task_id=create_select'
[2023-06-27T08:54:42.516+0000] {task_command.py:410} INFO - Running <TaskInstance: 2_Test_Badge_5_Loop.create_select scheduled__2023-06-27T00:35:00+00:00 [running]> on host 4d37da440d5c
[2023-06-27T08:54:42.958+0000] {taskinstance.py:1547} INFO - Exporting env vars: AIRFLOW_CTX_DAG_OWNER='***' AIRFLOW_CTX_DAG_ID='2_Test_Badge_5_Loop' AIRFLOW_CTX_TASK_ID='create_select' AIRFLOW_CTX_EXECUTION_DATE='2023-06-27T00:35:00+00:00' AIRFLOW_CTX_TRY_NUMBER='1' AIRFLOW_CTX_DAG_RUN_ID='scheduled__2023-06-27T00:35:00+00:00'
[2023-06-27T08:54:42.965+0000] {subprocess.py:63} INFO - Tmp dir root location: 
 /tmp
[2023-06-27T08:54:42.968+0000] {subprocess.py:75} INFO - Running command: ['/bin/bash', '-c', 'cd /dbt && dbt run --model select']
[2023-06-27T08:54:43.021+0000] {subprocess.py:86} INFO - Output:
[2023-06-27T08:54:53.779+0000] {subprocess.py:93} INFO - [0m08:54:53  Running with dbt=1.5.1
[2023-06-27T08:55:12.483+0000] {job.py:216} ERROR - Job heartbeat got an exception
Traceback (most recent call last):
  File "/home/airflow/.local/lib/python3.7/site-packages/sqlalchemy/engine/base.py", line 3366, in _wrap_pool_connect
    return fn()
  File "/home/airflow/.local/lib/python3.7/site-packages/sqlalchemy/pool/base.py", line 327, in connect
    return _ConnectionFairy._checkout(self)
  File "/home/airflow/.local/lib/python3.7/site-packages/sqlalchemy/pool/base.py", line 894, in _checkout
    fairy = _ConnectionRecord.checkout(pool)
  File "/home/airflow/.local/lib/python3.7/site-packages/sqlalchemy/pool/base.py", line 493, in checkout
    rec = pool._do_get()
  File "/home/airflow/.local/lib/python3.7/site-packages/sqlalchemy/pool/impl.py", line 256, in _do_get
    return self._create_connection()
  File "/home/airflow/.local/lib/python3.7/site-packages/sqlalchemy/pool/base.py", line 273, in _create_connection
    return _ConnectionRecord(self)
  File "/home/airflow/.local/lib/python3.7/site-packages/sqlalchemy/pool/base.py", line 388, in __init__
    self.__connect()
  File "/home/airflow/.local/lib/python3.7/site-packages/sqlalchemy/pool/base.py", line 691, in __connect
    pool.logger.debug("Error on connect(): %s", e)
  File "/home/airflow/.local/lib/python3.7/site-packages/sqlalchemy/util/langhelpers.py", line 72, in __exit__
    with_traceback=exc_tb,
  File "/home/airflow/.local/lib/python3.7/site-packages/sqlalchemy/util/compat.py", line 211, in raise_
    raise exception
  File "/home/airflow/.local/lib/python3.7/site-packages/sqlalchemy/pool/base.py", line 686, in __connect
    self.dbapi_connection = connection = pool._invoke_creator(self)
  File "/home/airflow/.local/lib/python3.7/site-packages/sqlalchemy/engine/create.py", line 574, in connect
    return dialect.connect(*cargs, **cparams)
  File "/home/airflow/.local/lib/python3.7/site-packages/sqlalchemy/engine/default.py", line 598, in connect
    return self.dbapi.connect(*cargs, **cparams)
  File "/home/airflow/.local/lib/python3.7/site-packages/psycopg2/__init__.py", line 122, in connect
    conn = _connect(dsn, connection_factory=connection_factory, **kwasync)
psycopg2.OperationalError: could not translate host name "postgres" to address: Temporary failure in name resolution


The above exception was the direct cause of the following exception:

Traceback (most recent call last):
  File "/home/airflow/.local/lib/python3.7/site-packages/airflow/jobs/job.py", line 187, in heartbeat
    session.merge(self)
  File "/home/airflow/.local/lib/python3.7/site-packages/sqlalchemy/orm/session.py", line 3062, in merge
    _resolve_conflict_map=_resolve_conflict_map,
  File "/home/airflow/.local/lib/python3.7/site-packages/sqlalchemy/orm/session.py", line 3140, in _merge
    options=options,
  File "/home/airflow/.local/lib/python3.7/site-packages/sqlalchemy/orm/session.py", line 2861, in get
    execution_options=execution_options,
  File "/home/airflow/.local/lib/python3.7/site-packages/sqlalchemy/orm/session.py", line 2979, in _get_impl
    load_options=load_options,
  File "/home/airflow/.local/lib/python3.7/site-packages/sqlalchemy/orm/loading.py", line 534, in load_on_pk_identity
    bind_arguments=bind_arguments,
  File "/home/airflow/.local/lib/python3.7/site-packages/sqlalchemy/orm/session.py", line 1716, in execute
    conn = self._connection_for_bind(bind)
  File "/home/airflow/.local/lib/python3.7/site-packages/sqlalchemy/orm/session.py", line 1556, in _connection_for_bind
    engine, execution_options
  File "/home/airflow/.local/lib/python3.7/site-packages/sqlalchemy/orm/session.py", line 750, in _connection_for_bind
    conn = bind.connect()
  File "/home/airflow/.local/lib/python3.7/site-packages/sqlalchemy/engine/base.py", line 3320, in connect
    return self._connection_cls(self, close_with_result=close_with_result)
  File "/home/airflow/.local/lib/python3.7/site-packages/sqlalchemy/engine/base.py", line 96, in __init__
    else engine.raw_connection()
  File "/home/airflow/.local/lib/python3.7/site-packages/sqlalchemy/engine/base.py", line 3399, in raw_connection
    return self._wrap_pool_connect(self.pool.connect, _connection)
  File "/home/airflow/.local/lib/python3.7/site-packages/sqlalchemy/engine/base.py", line 3370, in _wrap_pool_connect
    e, dialect, self
  File "/home/airflow/.local/lib/python3.7/site-packages/sqlalchemy/engine/base.py", line 2204, in _handle_dbapi_exception_noconnection
    sqlalchemy_exception, with_traceback=exc_info[2], from_=e
  File "/home/airflow/.local/lib/python3.7/site-packages/sqlalchemy/util/compat.py", line 211, in raise_
    raise exception
  File "/home/airflow/.local/lib/python3.7/site-packages/sqlalchemy/engine/base.py", line 3366, in _wrap_pool_connect
    return fn()
  File "/home/airflow/.local/lib/python3.7/site-packages/sqlalchemy/pool/base.py", line 327, in connect
    return _ConnectionFairy._checkout(self)
  File "/home/airflow/.local/lib/python3.7/site-packages/sqlalchemy/pool/base.py", line 894, in _checkout
    fairy = _ConnectionRecord.checkout(pool)
  File "/home/airflow/.local/lib/python3.7/site-packages/sqlalchemy/pool/base.py", line 493, in checkout
    rec = pool._do_get()
  File "/home/airflow/.local/lib/python3.7/site-packages/sqlalchemy/pool/impl.py", line 256, in _do_get
    return self._create_connection()
  File "/home/airflow/.local/lib/python3.7/site-packages/sqlalchemy/pool/base.py", line 273, in _create_connection
    return _ConnectionRecord(self)
  File "/home/airflow/.local/lib/python3.7/site-packages/sqlalchemy/pool/base.py", line 388, in __init__
    self.__connect()
  File "/home/airflow/.local/lib/python3.7/site-packages/sqlalchemy/pool/base.py", line 691, in __connect
    pool.logger.debug("Error on connect(): %s", e)
  File "/home/airflow/.local/lib/python3.7/site-packages/sqlalchemy/util/langhelpers.py", line 72, in __exit__
    with_traceback=exc_tb,
  File "/home/airflow/.local/lib/python3.7/site-packages/sqlalchemy/util/compat.py", line 211, in raise_
    raise exception
  File "/home/airflow/.local/lib/python3.7/site-packages/sqlalchemy/pool/base.py", line 686, in __connect
    self.dbapi_connection = connection = pool._invoke_creator(self)
  File "/home/airflow/.local/lib/python3.7/site-packages/sqlalchemy/engine/create.py", line 574, in connect
    return dialect.connect(*cargs, **cparams)
  File "/home/airflow/.local/lib/python3.7/site-packages/sqlalchemy/engine/default.py", line 598, in connect
    return self.dbapi.connect(*cargs, **cparams)
  File "/home/airflow/.local/lib/python3.7/site-packages/psycopg2/__init__.py", line 122, in connect
    conn = _connect(dsn, connection_factory=connection_factory, **kwasync)
sqlalchemy.exc.OperationalError: (psycopg2.OperationalError) could not translate host name "postgres" to address: Temporary failure in name resolution

(Background on this error at: https://sqlalche.me/e/14/e3q8)
[2023-06-27T08:55:24.144+0000] {subprocess.py:93} INFO - [0m08:55:24  Encountered an error:
[2023-06-27T08:55:24.145+0000] {subprocess.py:93} INFO - [Errno 12] Cannot allocate memory: '/dbt/dbt_packages'
[2023-06-27T08:55:24.162+0000] {subprocess.py:93} INFO - [0m08:55:24  Traceback (most recent call last):
[2023-06-27T08:55:24.165+0000] {subprocess.py:93} INFO -   File "/home/***/.local/lib/python3.7/site-packages/dbt/cli/requires.py", line 86, in wrapper
[2023-06-27T08:55:24.166+0000] {subprocess.py:93} INFO -     result, success = func(*args, **kwargs)
[2023-06-27T08:55:24.169+0000] {subprocess.py:93} INFO -   File "/home/***/.local/lib/python3.7/site-packages/dbt/cli/requires.py", line 71, in wrapper
[2023-06-27T08:55:24.172+0000] {subprocess.py:93} INFO -     return func(*args, **kwargs)
[2023-06-27T08:55:24.174+0000] {subprocess.py:93} INFO -   File "/home/***/.local/lib/python3.7/site-packages/dbt/cli/requires.py", line 142, in wrapper
[2023-06-27T08:55:24.177+0000] {subprocess.py:93} INFO -     return func(*args, **kwargs)
[2023-06-27T08:55:24.178+0000] {subprocess.py:93} INFO -   File "/home/***/.local/lib/python3.7/site-packages/dbt/cli/requires.py", line 168, in wrapper
[2023-06-27T08:55:24.179+0000] {subprocess.py:93} INFO -     return func(*args, **kwargs)
[2023-06-27T08:55:24.180+0000] {subprocess.py:93} INFO -   File "/home/***/.local/lib/python3.7/site-packages/dbt/cli/requires.py", line 215, in wrapper
[2023-06-27T08:55:24.181+0000] {subprocess.py:93} INFO -     return func(*args, **kwargs)
[2023-06-27T08:55:24.182+0000] {subprocess.py:93} INFO -   File "/home/***/.local/lib/python3.7/site-packages/dbt/cli/requires.py", line 243, in wrapper
[2023-06-27T08:55:24.184+0000] {subprocess.py:93} INFO -     runtime_config, write_perf_info=write_perf_info
[2023-06-27T08:55:24.185+0000] {subprocess.py:93} INFO -   File "/home/***/.local/lib/python3.7/site-packages/dbt/parser/manifest.py", line 224, in get_full_manifest
[2023-06-27T08:55:24.188+0000] {subprocess.py:93} INFO -     projects = config.load_dependencies()
[2023-06-27T08:55:24.191+0000] {subprocess.py:93} INFO -   File "/home/***/.local/lib/python3.7/site-packages/dbt/config/runtime.py", line 356, in load_dependencies
[2023-06-27T08:55:24.192+0000] {subprocess.py:93} INFO -     count_packages_installed = len(tuple(self._get_project_directories()))
[2023-06-27T08:55:24.194+0000] {subprocess.py:93} INFO -   File "/home/***/.local/lib/python3.7/site-packages/dbt/config/runtime.py", line 392, in _get_project_directories
[2023-06-27T08:55:24.195+0000] {subprocess.py:93} INFO -     for path in root.iterdir():
[2023-06-27T08:55:24.196+0000] {subprocess.py:93} INFO -   File "/usr/local/lib/python3.7/pathlib.py", line 1107, in iterdir
[2023-06-27T08:55:24.198+0000] {subprocess.py:93} INFO -     for name in self._accessor.listdir(self):
[2023-06-27T08:55:24.199+0000] {subprocess.py:93} INFO - OSError: [Errno 12] Cannot allocate memory: '/dbt/dbt_packages'
[2023-06-27T08:55:24.201+0000] {subprocess.py:93} INFO - 
[2023-06-27T08:55:25.476+0000] {subprocess.py:97} INFO - Command exited with return code 2
[2023-06-27T08:55:25.504+0000] {taskinstance.py:1824} ERROR - Task failed with exception
Traceback (most recent call last):
  File "/home/airflow/.local/lib/python3.7/site-packages/airflow/operators/bash.py", line 211, in execute
    f"Bash command failed. The command returned a non-zero exit code {result.exit_code}."
airflow.exceptions.AirflowException: Bash command failed. The command returned a non-zero exit code 2.
[2023-06-27T08:55:25.558+0000] {taskinstance.py:1350} INFO - Marking task as FAILED. dag_id=2_Test_Badge_5_Loop, task_id=create_select, execution_date=20230627T003500, start_date=20230627T085440, end_date=20230627T085525
[2023-06-27T08:55:25.599+0000] {standard_task_runner.py:109} ERROR - Failed to execute job 189 for task create_select (Bash command failed. The command returned a non-zero exit code 2.; 8634)
[2023-06-27T08:55:25.638+0000] {local_task_job_runner.py:225} INFO - Task exited with return code 1
[2023-06-27T08:55:25.673+0000] {taskinstance.py:2651} INFO - 0 downstream tasks scheduled from follow-on schedule check
