[2023-06-27T09:21:36.663+0000] {logging_mixin.py:149} INFO - Changing /opt/***/logs/dag_id=2_Test_Badge_5_Loop/run_id=scheduled__2023-06-27T09:15:00+00:00/task_id=create_select permission to 509
[2023-06-27T09:21:36.665+0000] {logging_mixin.py:149} INFO - Failed to change /opt/***/logs/dag_id=2_Test_Badge_5_Loop/run_id=scheduled__2023-06-27T09:15:00+00:00/task_id=create_select permission to 509: [Errno 1] Operation not permitted: '/opt/***/logs/dag_id=2_Test_Badge_5_Loop/run_id=scheduled__2023-06-27T09:15:00+00:00/task_id=create_select'
[2023-06-27T09:21:36.693+0000] {logging_mixin.py:149} INFO - Changing /opt/***/logs/dag_id=2_Test_Badge_5_Loop/run_id=scheduled__2023-06-27T09:15:00+00:00/task_id=create_select permission to 509
[2023-06-27T09:21:36.694+0000] {logging_mixin.py:149} INFO - Failed to change /opt/***/logs/dag_id=2_Test_Badge_5_Loop/run_id=scheduled__2023-06-27T09:15:00+00:00/task_id=create_select permission to 509: [Errno 1] Operation not permitted: '/opt/***/logs/dag_id=2_Test_Badge_5_Loop/run_id=scheduled__2023-06-27T09:15:00+00:00/task_id=create_select'
[2023-06-27T09:21:36.843+0000] {taskinstance.py:1103} INFO - Dependencies all met for dep_context=non-requeueable deps ti=<TaskInstance: 2_Test_Badge_5_Loop.create_select scheduled__2023-06-27T09:15:00+00:00 [queued]>
[2023-06-27T09:21:36.853+0000] {taskinstance.py:1103} INFO - Dependencies all met for dep_context=requeueable deps ti=<TaskInstance: 2_Test_Badge_5_Loop.create_select scheduled__2023-06-27T09:15:00+00:00 [queued]>
[2023-06-27T09:21:36.853+0000] {taskinstance.py:1308} INFO - Starting attempt 1 of 1
[2023-06-27T09:21:36.869+0000] {taskinstance.py:1327} INFO - Executing <Task(BashOperator): create_select> on 2023-06-27 09:15:00+00:00
[2023-06-27T09:21:36.874+0000] {standard_task_runner.py:57} INFO - Started process 13449 to run task
[2023-06-27T09:21:36.878+0000] {standard_task_runner.py:84} INFO - Running: ['***', 'tasks', 'run', '2_Test_Badge_5_Loop', 'create_select', 'scheduled__2023-06-27T09:15:00+00:00', '--job-id', '207', '--raw', '--subdir', 'DAGS_FOLDER/test.py', '--cfg-path', '/tmp/tmpzuoiautk']
[2023-06-27T09:21:36.881+0000] {standard_task_runner.py:85} INFO - Job 207: Subtask create_select
[2023-06-27T09:21:36.927+0000] {logging_mixin.py:149} INFO - Changing /opt/***/logs/dag_id=2_Test_Badge_5_Loop/run_id=scheduled__2023-06-27T09:15:00+00:00/task_id=create_select permission to 509
[2023-06-27T09:21:36.928+0000] {logging_mixin.py:149} INFO - Failed to change /opt/***/logs/dag_id=2_Test_Badge_5_Loop/run_id=scheduled__2023-06-27T09:15:00+00:00/task_id=create_select permission to 509: [Errno 1] Operation not permitted: '/opt/***/logs/dag_id=2_Test_Badge_5_Loop/run_id=scheduled__2023-06-27T09:15:00+00:00/task_id=create_select'
[2023-06-27T09:21:36.931+0000] {task_command.py:410} INFO - Running <TaskInstance: 2_Test_Badge_5_Loop.create_select scheduled__2023-06-27T09:15:00+00:00 [running]> on host 4d37da440d5c
[2023-06-27T09:21:37.042+0000] {taskinstance.py:1547} INFO - Exporting env vars: AIRFLOW_CTX_DAG_OWNER='***' AIRFLOW_CTX_DAG_ID='2_Test_Badge_5_Loop' AIRFLOW_CTX_TASK_ID='create_select' AIRFLOW_CTX_EXECUTION_DATE='2023-06-27T09:15:00+00:00' AIRFLOW_CTX_TRY_NUMBER='1' AIRFLOW_CTX_DAG_RUN_ID='scheduled__2023-06-27T09:15:00+00:00'
[2023-06-27T09:21:37.044+0000] {subprocess.py:63} INFO - Tmp dir root location: 
 /tmp
[2023-06-27T09:21:37.045+0000] {subprocess.py:75} INFO - Running command: ['/bin/bash', '-c', 'cd /dbt && dbt run --model select']
[2023-06-27T09:21:37.055+0000] {subprocess.py:86} INFO - Output:
[2023-06-27T09:21:39.917+0000] {subprocess.py:93} INFO - [0m09:21:39  Running with dbt=1.5.1
[2023-06-27T09:21:46.934+0000] {subprocess.py:93} INFO - [0m09:21:46  [[33mWARNING[0m]: Configuration paths exist in your dbt_project.yml file which do not apply to any resources.
[2023-06-27T09:21:46.935+0000] {subprocess.py:93} INFO - There are 2 unused configuration paths:
[2023-06-27T09:21:46.936+0000] {subprocess.py:93} INFO - - models.badge_5.time_of_day
[2023-06-27T09:21:46.936+0000] {subprocess.py:93} INFO - - models.badge_5.create_stage
[2023-06-27T09:21:47.003+0000] {subprocess.py:93} INFO - [0m09:21:47  Found 2 models, 0 tests, 0 snapshots, 0 analyses, 455 macros, 0 operations, 1 seed file, 0 sources, 0 exposures, 0 metrics, 0 groups
[2023-06-27T09:21:47.007+0000] {subprocess.py:93} INFO - [0m09:21:47
[2023-06-27T09:21:48.156+0000] {subprocess.py:93} INFO - [0m09:21:48  Concurrency: 200 threads (target='dev')
[2023-06-27T09:21:48.157+0000] {subprocess.py:93} INFO - [0m09:21:48
[2023-06-27T09:21:48.203+0000] {subprocess.py:93} INFO - [0m09:21:48  1 of 1 START sql view model ***.select ..................................... [RUN]
[2023-06-27T09:21:48.728+0000] {subprocess.py:93} INFO - [0m09:21:48  1 of 1 ERROR creating sql view model ***.select ............................ [[31mERROR[0m in 0.52s]
[2023-06-27T09:21:48.825+0000] {subprocess.py:93} INFO - [0m09:21:48
[2023-06-27T09:21:48.826+0000] {subprocess.py:93} INFO - [0m09:21:48  Finished running 1 view model in 0 hours 0 minutes and 1.82 seconds (1.82s).
[2023-06-27T09:21:48.881+0000] {subprocess.py:93} INFO - [0m09:21:48
[2023-06-27T09:21:48.883+0000] {subprocess.py:93} INFO - [0m09:21:48  [31mCompleted with 1 error and 0 warnings:[0m
[2023-06-27T09:21:48.884+0000] {subprocess.py:93} INFO - [0m09:21:48
[2023-06-27T09:21:48.885+0000] {subprocess.py:93} INFO - [0m09:21:48  [33mDatabase Error in model select (models/select/select.sql)[0m
[2023-06-27T09:21:48.886+0000] {subprocess.py:93} INFO - [0m09:21:48    001003 (42000): SQL compilation error:
[2023-06-27T09:21:48.888+0000] {subprocess.py:93} INFO - [0m09:21:48    syntax error line 1 at position 43 unexpected '.'.
[2023-06-27T09:21:48.889+0000] {subprocess.py:93} INFO - [0m09:21:48    compiled Code at target/run/badge_5/models/select/select.sql
[2023-06-27T09:21:48.890+0000] {subprocess.py:93} INFO - [0m09:21:48
[2023-06-27T09:21:48.891+0000] {subprocess.py:93} INFO - [0m09:21:48  Done. PASS=0 WARN=0 ERROR=1 SKIP=0 TOTAL=1
[2023-06-27T09:21:49.555+0000] {subprocess.py:97} INFO - Command exited with return code 1
[2023-06-27T09:21:49.570+0000] {taskinstance.py:1824} ERROR - Task failed with exception
Traceback (most recent call last):
  File "/home/airflow/.local/lib/python3.7/site-packages/airflow/operators/bash.py", line 211, in execute
    f"Bash command failed. The command returned a non-zero exit code {result.exit_code}."
airflow.exceptions.AirflowException: Bash command failed. The command returned a non-zero exit code 1.
[2023-06-27T09:21:49.574+0000] {taskinstance.py:1350} INFO - Marking task as FAILED. dag_id=2_Test_Badge_5_Loop, task_id=create_select, execution_date=20230627T091500, start_date=20230627T092136, end_date=20230627T092149
[2023-06-27T09:21:49.590+0000] {standard_task_runner.py:109} ERROR - Failed to execute job 207 for task create_select (Bash command failed. The command returned a non-zero exit code 1.; 13449)
[2023-06-27T09:21:49.642+0000] {local_task_job_runner.py:225} INFO - Task exited with return code 1
[2023-06-27T09:21:49.663+0000] {taskinstance.py:2651} INFO - 0 downstream tasks scheduled from follow-on schedule check
