[2023-06-27T08:41:22.837+0000] {logging_mixin.py:149} INFO - Changing /opt/***/logs/dag_id=2_Test_Badge_5_Loop/run_id=scheduled__2023-06-27T00:25:00+00:00/task_id=create_select permission to 509
[2023-06-27T08:41:22.841+0000] {logging_mixin.py:149} INFO - Failed to change /opt/***/logs/dag_id=2_Test_Badge_5_Loop/run_id=scheduled__2023-06-27T00:25:00+00:00/task_id=create_select permission to 509: [Errno 1] Operation not permitted: '/opt/***/logs/dag_id=2_Test_Badge_5_Loop/run_id=scheduled__2023-06-27T00:25:00+00:00/task_id=create_select'
[2023-06-27T08:41:22.949+0000] {logging_mixin.py:149} INFO - Changing /opt/***/logs/dag_id=2_Test_Badge_5_Loop/run_id=scheduled__2023-06-27T00:25:00+00:00/task_id=create_select permission to 509
[2023-06-27T08:41:22.952+0000] {logging_mixin.py:149} INFO - Failed to change /opt/***/logs/dag_id=2_Test_Badge_5_Loop/run_id=scheduled__2023-06-27T00:25:00+00:00/task_id=create_select permission to 509: [Errno 1] Operation not permitted: '/opt/***/logs/dag_id=2_Test_Badge_5_Loop/run_id=scheduled__2023-06-27T00:25:00+00:00/task_id=create_select'
[2023-06-27T08:41:23.594+0000] {taskinstance.py:1103} INFO - Dependencies all met for dep_context=non-requeueable deps ti=<TaskInstance: 2_Test_Badge_5_Loop.create_select scheduled__2023-06-27T00:25:00+00:00 [queued]>
[2023-06-27T08:41:23.660+0000] {taskinstance.py:1103} INFO - Dependencies all met for dep_context=requeueable deps ti=<TaskInstance: 2_Test_Badge_5_Loop.create_select scheduled__2023-06-27T00:25:00+00:00 [queued]>
[2023-06-27T08:41:23.665+0000] {taskinstance.py:1308} INFO - Starting attempt 1 of 1
[2023-06-27T08:41:23.751+0000] {taskinstance.py:1327} INFO - Executing <Task(BashOperator): create_select> on 2023-06-27 00:25:00+00:00
[2023-06-27T08:41:23.802+0000] {standard_task_runner.py:57} INFO - Started process 848 to run task
[2023-06-27T08:41:23.824+0000] {standard_task_runner.py:84} INFO - Running: ['***', 'tasks', 'run', '2_Test_Badge_5_Loop', 'create_select', 'scheduled__2023-06-27T00:25:00+00:00', '--job-id', '149', '--raw', '--subdir', 'DAGS_FOLDER/test.py', '--cfg-path', '/tmp/tmpk_j7z_qc']
[2023-06-27T08:41:23.849+0000] {standard_task_runner.py:85} INFO - Job 149: Subtask create_select
[2023-06-27T08:41:24.133+0000] {logging_mixin.py:149} INFO - Changing /opt/***/logs/dag_id=2_Test_Badge_5_Loop/run_id=scheduled__2023-06-27T00:25:00+00:00/task_id=create_select permission to 509
[2023-06-27T08:41:24.136+0000] {logging_mixin.py:149} INFO - Failed to change /opt/***/logs/dag_id=2_Test_Badge_5_Loop/run_id=scheduled__2023-06-27T00:25:00+00:00/task_id=create_select permission to 509: [Errno 1] Operation not permitted: '/opt/***/logs/dag_id=2_Test_Badge_5_Loop/run_id=scheduled__2023-06-27T00:25:00+00:00/task_id=create_select'
[2023-06-27T08:41:24.170+0000] {task_command.py:410} INFO - Running <TaskInstance: 2_Test_Badge_5_Loop.create_select scheduled__2023-06-27T00:25:00+00:00 [running]> on host 4d37da440d5c
[2023-06-27T08:41:24.796+0000] {taskinstance.py:1547} INFO - Exporting env vars: AIRFLOW_CTX_DAG_OWNER='***' AIRFLOW_CTX_DAG_ID='2_Test_Badge_5_Loop' AIRFLOW_CTX_TASK_ID='create_select' AIRFLOW_CTX_EXECUTION_DATE='2023-06-27T00:25:00+00:00' AIRFLOW_CTX_TRY_NUMBER='1' AIRFLOW_CTX_DAG_RUN_ID='scheduled__2023-06-27T00:25:00+00:00'
[2023-06-27T08:41:24.812+0000] {subprocess.py:63} INFO - Tmp dir root location: 
 /tmp
[2023-06-27T08:41:24.821+0000] {subprocess.py:75} INFO - Running command: ['/bin/bash', '-c', 'cd /dbt && dbt run --model select']
[2023-06-27T08:41:24.955+0000] {subprocess.py:86} INFO - Output:
[2023-06-27T08:41:38.341+0000] {subprocess.py:93} INFO - [0m08:41:38  Running with dbt=1.5.1
[2023-06-27T08:41:54.860+0000] {subprocess.py:93} INFO - [0m08:41:54  [[33mWARNING[0m]: Configuration paths exist in your dbt_project.yml file which do not apply to any resources.
[2023-06-27T08:41:54.865+0000] {subprocess.py:93} INFO - There are 2 unused configuration paths:
[2023-06-27T08:41:54.866+0000] {subprocess.py:93} INFO - - models.badge_5.create_stage
[2023-06-27T08:41:54.868+0000] {subprocess.py:93} INFO - - models.badge_5.time_of_day
[2023-06-27T08:41:54.986+0000] {subprocess.py:93} INFO - [0m08:41:54  Found 2 models, 0 tests, 0 snapshots, 0 analyses, 455 macros, 0 operations, 1 seed file, 0 sources, 0 exposures, 0 metrics, 0 groups
[2023-06-27T08:41:54.998+0000] {subprocess.py:93} INFO - [0m08:41:54
[2023-06-27T08:41:56.886+0000] {subprocess.py:93} INFO - [0m08:41:56  Concurrency: 200 threads (target='dev')
[2023-06-27T08:41:56.890+0000] {subprocess.py:93} INFO - [0m08:41:56
[2023-06-27T08:41:57.002+0000] {subprocess.py:93} INFO - [0m08:41:57  1 of 1 START sql view model ***.select ..................................... [RUN]
[2023-06-27T08:41:57.768+0000] {subprocess.py:93} INFO - [0m08:41:57  1 of 1 ERROR creating sql view model ***.select ............................ [[31mERROR[0m in 0.76s]
[2023-06-27T08:41:57.890+0000] {subprocess.py:93} INFO - [0m08:41:57
[2023-06-27T08:41:57.895+0000] {subprocess.py:93} INFO - [0m08:41:57  Finished running 1 view model in 0 hours 0 minutes and 2.89 seconds (2.89s).
[2023-06-27T08:41:57.975+0000] {subprocess.py:93} INFO - [0m08:41:57
[2023-06-27T08:41:57.981+0000] {subprocess.py:93} INFO - [0m08:41:57  [31mCompleted with 1 error and 0 warnings:[0m
[2023-06-27T08:41:57.997+0000] {subprocess.py:93} INFO - [0m08:41:57
[2023-06-27T08:41:58.005+0000] {subprocess.py:93} INFO - [0m08:41:58  [33mDatabase Error in model select (models/select/select.sql)[0m
[2023-06-27T08:41:58.009+0000] {subprocess.py:93} INFO - [0m08:41:58    001003 (42000): SQL compilation error:
[2023-06-27T08:41:58.015+0000] {subprocess.py:93} INFO - [0m08:41:58    syntax error line 1 at position 43 unexpected '.'.
[2023-06-27T08:41:58.017+0000] {subprocess.py:93} INFO - [0m08:41:58    compiled Code at target/run/badge_5/models/select/select.sql
[2023-06-27T08:41:58.024+0000] {subprocess.py:93} INFO - [0m08:41:58
[2023-06-27T08:41:58.029+0000] {subprocess.py:93} INFO - [0m08:41:58  Done. PASS=0 WARN=0 ERROR=1 SKIP=0 TOTAL=1
[2023-06-27T08:41:59.559+0000] {subprocess.py:97} INFO - Command exited with return code 1
[2023-06-27T08:41:59.602+0000] {taskinstance.py:1824} ERROR - Task failed with exception
Traceback (most recent call last):
  File "/home/airflow/.local/lib/python3.7/site-packages/airflow/operators/bash.py", line 211, in execute
    f"Bash command failed. The command returned a non-zero exit code {result.exit_code}."
airflow.exceptions.AirflowException: Bash command failed. The command returned a non-zero exit code 1.
[2023-06-27T08:41:59.616+0000] {taskinstance.py:1350} INFO - Marking task as FAILED. dag_id=2_Test_Badge_5_Loop, task_id=create_select, execution_date=20230627T002500, start_date=20230627T084123, end_date=20230627T084159
[2023-06-27T08:41:59.867+0000] {standard_task_runner.py:109} ERROR - Failed to execute job 149 for task create_select (Bash command failed. The command returned a non-zero exit code 1.; 848)
[2023-06-27T08:41:59.908+0000] {local_task_job_runner.py:225} INFO - Task exited with return code 1
[2023-06-27T08:41:59.952+0000] {taskinstance.py:2651} INFO - 0 downstream tasks scheduled from follow-on schedule check
[2023-06-27T08:54:39.592+0000] {logging_mixin.py:149} INFO - Changing /opt/***/logs/dag_id=2_Test_Badge_5_Loop/run_id=scheduled__2023-06-27T00:25:00+00:00/task_id=create_select permission to 509
[2023-06-27T08:54:39.601+0000] {logging_mixin.py:149} INFO - Failed to change /opt/***/logs/dag_id=2_Test_Badge_5_Loop/run_id=scheduled__2023-06-27T00:25:00+00:00/task_id=create_select permission to 509: [Errno 1] Operation not permitted: '/opt/***/logs/dag_id=2_Test_Badge_5_Loop/run_id=scheduled__2023-06-27T00:25:00+00:00/task_id=create_select'
[2023-06-27T08:54:39.689+0000] {logging_mixin.py:149} INFO - Changing /opt/***/logs/dag_id=2_Test_Badge_5_Loop/run_id=scheduled__2023-06-27T00:25:00+00:00/task_id=create_select permission to 509
[2023-06-27T08:54:39.690+0000] {logging_mixin.py:149} INFO - Failed to change /opt/***/logs/dag_id=2_Test_Badge_5_Loop/run_id=scheduled__2023-06-27T00:25:00+00:00/task_id=create_select permission to 509: [Errno 1] Operation not permitted: '/opt/***/logs/dag_id=2_Test_Badge_5_Loop/run_id=scheduled__2023-06-27T00:25:00+00:00/task_id=create_select'
[2023-06-27T08:54:39.840+0000] {taskinstance.py:1103} INFO - Dependencies all met for dep_context=non-requeueable deps ti=<TaskInstance: 2_Test_Badge_5_Loop.create_select scheduled__2023-06-27T00:25:00+00:00 [queued]>
[2023-06-27T08:54:41.983+0000] {taskinstance.py:1103} INFO - Dependencies all met for dep_context=requeueable deps ti=<TaskInstance: 2_Test_Badge_5_Loop.create_select scheduled__2023-06-27T00:25:00+00:00 [queued]>
[2023-06-27T08:54:41.995+0000] {taskinstance.py:1308} INFO - Starting attempt 1 of 1
[2023-06-27T08:54:42.246+0000] {taskinstance.py:1327} INFO - Executing <Task(BashOperator): create_select> on 2023-06-27 00:25:00+00:00
[2023-06-27T08:54:42.260+0000] {standard_task_runner.py:57} INFO - Started process 8632 to run task
[2023-06-27T08:54:42.270+0000] {standard_task_runner.py:84} INFO - Running: ['***', 'tasks', 'run', '2_Test_Badge_5_Loop', 'create_select', 'scheduled__2023-06-27T00:25:00+00:00', '--job-id', '187', '--raw', '--subdir', 'DAGS_FOLDER/test.py', '--cfg-path', '/tmp/tmpfzkzf6e6']
[2023-06-27T08:54:42.280+0000] {standard_task_runner.py:85} INFO - Job 187: Subtask create_select
[2023-06-27T08:54:42.432+0000] {logging_mixin.py:149} INFO - Changing /opt/***/logs/dag_id=2_Test_Badge_5_Loop/run_id=scheduled__2023-06-27T00:25:00+00:00/task_id=create_select permission to 509
[2023-06-27T08:54:42.435+0000] {logging_mixin.py:149} INFO - Failed to change /opt/***/logs/dag_id=2_Test_Badge_5_Loop/run_id=scheduled__2023-06-27T00:25:00+00:00/task_id=create_select permission to 509: [Errno 1] Operation not permitted: '/opt/***/logs/dag_id=2_Test_Badge_5_Loop/run_id=scheduled__2023-06-27T00:25:00+00:00/task_id=create_select'
[2023-06-27T08:54:42.441+0000] {task_command.py:410} INFO - Running <TaskInstance: 2_Test_Badge_5_Loop.create_select scheduled__2023-06-27T00:25:00+00:00 [running]> on host 4d37da440d5c
[2023-06-27T08:54:42.778+0000] {taskinstance.py:1547} INFO - Exporting env vars: AIRFLOW_CTX_DAG_OWNER='***' AIRFLOW_CTX_DAG_ID='2_Test_Badge_5_Loop' AIRFLOW_CTX_TASK_ID='create_select' AIRFLOW_CTX_EXECUTION_DATE='2023-06-27T00:25:00+00:00' AIRFLOW_CTX_TRY_NUMBER='1' AIRFLOW_CTX_DAG_RUN_ID='scheduled__2023-06-27T00:25:00+00:00'
[2023-06-27T08:54:42.783+0000] {subprocess.py:63} INFO - Tmp dir root location: 
 /tmp
[2023-06-27T08:54:42.785+0000] {subprocess.py:75} INFO - Running command: ['/bin/bash', '-c', 'cd /dbt && dbt run --model select']
[2023-06-27T08:54:42.856+0000] {subprocess.py:86} INFO - Output:
[2023-06-27T08:54:53.288+0000] {subprocess.py:93} INFO - [0m08:54:53  Running with dbt=1.5.1
[2023-06-27T08:55:12.887+0000] {job.py:216} ERROR - Job heartbeat got an exception
Traceback (most recent call last):
  File "/home/airflow/.local/lib/python3.7/site-packages/sqlalchemy/engine/base.py", line 3366, in _wrap_pool_connect
    return fn()
  File "/home/airflow/.local/lib/python3.7/site-packages/sqlalchemy/pool/base.py", line 327, in connect
    return _ConnectionFairy._checkout(self)
  File "/home/airflow/.local/lib/python3.7/site-packages/sqlalchemy/pool/base.py", line 894, in _checkout
    fairy = _ConnectionRecord.checkout(pool)
  File "/home/airflow/.local/lib/python3.7/site-packages/sqlalchemy/pool/base.py", line 493, in checkout
    rec = pool._do_get()
  File "/home/airflow/.local/lib/python3.7/site-packages/sqlalchemy/pool/impl.py", line 256, in _do_get
    return self._create_connection()
  File "/home/airflow/.local/lib/python3.7/site-packages/sqlalchemy/pool/base.py", line 273, in _create_connection
    return _ConnectionRecord(self)
  File "/home/airflow/.local/lib/python3.7/site-packages/sqlalchemy/pool/base.py", line 388, in __init__
    self.__connect()
  File "/home/airflow/.local/lib/python3.7/site-packages/sqlalchemy/pool/base.py", line 691, in __connect
    pool.logger.debug("Error on connect(): %s", e)
  File "/home/airflow/.local/lib/python3.7/site-packages/sqlalchemy/util/langhelpers.py", line 72, in __exit__
    with_traceback=exc_tb,
  File "/home/airflow/.local/lib/python3.7/site-packages/sqlalchemy/util/compat.py", line 211, in raise_
    raise exception
  File "/home/airflow/.local/lib/python3.7/site-packages/sqlalchemy/pool/base.py", line 686, in __connect
    self.dbapi_connection = connection = pool._invoke_creator(self)
  File "/home/airflow/.local/lib/python3.7/site-packages/sqlalchemy/engine/create.py", line 574, in connect
    return dialect.connect(*cargs, **cparams)
  File "/home/airflow/.local/lib/python3.7/site-packages/sqlalchemy/engine/default.py", line 598, in connect
    return self.dbapi.connect(*cargs, **cparams)
  File "/home/airflow/.local/lib/python3.7/site-packages/psycopg2/__init__.py", line 122, in connect
    conn = _connect(dsn, connection_factory=connection_factory, **kwasync)
psycopg2.OperationalError: could not translate host name "postgres" to address: Temporary failure in name resolution


The above exception was the direct cause of the following exception:

Traceback (most recent call last):
  File "/home/airflow/.local/lib/python3.7/site-packages/airflow/jobs/job.py", line 187, in heartbeat
    session.merge(self)
  File "/home/airflow/.local/lib/python3.7/site-packages/sqlalchemy/orm/session.py", line 3062, in merge
    _resolve_conflict_map=_resolve_conflict_map,
  File "/home/airflow/.local/lib/python3.7/site-packages/sqlalchemy/orm/session.py", line 3140, in _merge
    options=options,
  File "/home/airflow/.local/lib/python3.7/site-packages/sqlalchemy/orm/session.py", line 2861, in get
    execution_options=execution_options,
  File "/home/airflow/.local/lib/python3.7/site-packages/sqlalchemy/orm/session.py", line 2979, in _get_impl
    load_options=load_options,
  File "/home/airflow/.local/lib/python3.7/site-packages/sqlalchemy/orm/loading.py", line 534, in load_on_pk_identity
    bind_arguments=bind_arguments,
  File "/home/airflow/.local/lib/python3.7/site-packages/sqlalchemy/orm/session.py", line 1716, in execute
    conn = self._connection_for_bind(bind)
  File "/home/airflow/.local/lib/python3.7/site-packages/sqlalchemy/orm/session.py", line 1556, in _connection_for_bind
    engine, execution_options
  File "/home/airflow/.local/lib/python3.7/site-packages/sqlalchemy/orm/session.py", line 750, in _connection_for_bind
    conn = bind.connect()
  File "/home/airflow/.local/lib/python3.7/site-packages/sqlalchemy/engine/base.py", line 3320, in connect
    return self._connection_cls(self, close_with_result=close_with_result)
  File "/home/airflow/.local/lib/python3.7/site-packages/sqlalchemy/engine/base.py", line 96, in __init__
    else engine.raw_connection()
  File "/home/airflow/.local/lib/python3.7/site-packages/sqlalchemy/engine/base.py", line 3399, in raw_connection
    return self._wrap_pool_connect(self.pool.connect, _connection)
  File "/home/airflow/.local/lib/python3.7/site-packages/sqlalchemy/engine/base.py", line 3370, in _wrap_pool_connect
    e, dialect, self
  File "/home/airflow/.local/lib/python3.7/site-packages/sqlalchemy/engine/base.py", line 2204, in _handle_dbapi_exception_noconnection
    sqlalchemy_exception, with_traceback=exc_info[2], from_=e
  File "/home/airflow/.local/lib/python3.7/site-packages/sqlalchemy/util/compat.py", line 211, in raise_
    raise exception
  File "/home/airflow/.local/lib/python3.7/site-packages/sqlalchemy/engine/base.py", line 3366, in _wrap_pool_connect
    return fn()
  File "/home/airflow/.local/lib/python3.7/site-packages/sqlalchemy/pool/base.py", line 327, in connect
    return _ConnectionFairy._checkout(self)
  File "/home/airflow/.local/lib/python3.7/site-packages/sqlalchemy/pool/base.py", line 894, in _checkout
    fairy = _ConnectionRecord.checkout(pool)
  File "/home/airflow/.local/lib/python3.7/site-packages/sqlalchemy/pool/base.py", line 493, in checkout
    rec = pool._do_get()
  File "/home/airflow/.local/lib/python3.7/site-packages/sqlalchemy/pool/impl.py", line 256, in _do_get
    return self._create_connection()
  File "/home/airflow/.local/lib/python3.7/site-packages/sqlalchemy/pool/base.py", line 273, in _create_connection
    return _ConnectionRecord(self)
  File "/home/airflow/.local/lib/python3.7/site-packages/sqlalchemy/pool/base.py", line 388, in __init__
    self.__connect()
  File "/home/airflow/.local/lib/python3.7/site-packages/sqlalchemy/pool/base.py", line 691, in __connect
    pool.logger.debug("Error on connect(): %s", e)
  File "/home/airflow/.local/lib/python3.7/site-packages/sqlalchemy/util/langhelpers.py", line 72, in __exit__
    with_traceback=exc_tb,
  File "/home/airflow/.local/lib/python3.7/site-packages/sqlalchemy/util/compat.py", line 211, in raise_
    raise exception
  File "/home/airflow/.local/lib/python3.7/site-packages/sqlalchemy/pool/base.py", line 686, in __connect
    self.dbapi_connection = connection = pool._invoke_creator(self)
  File "/home/airflow/.local/lib/python3.7/site-packages/sqlalchemy/engine/create.py", line 574, in connect
    return dialect.connect(*cargs, **cparams)
  File "/home/airflow/.local/lib/python3.7/site-packages/sqlalchemy/engine/default.py", line 598, in connect
    return self.dbapi.connect(*cargs, **cparams)
  File "/home/airflow/.local/lib/python3.7/site-packages/psycopg2/__init__.py", line 122, in connect
    conn = _connect(dsn, connection_factory=connection_factory, **kwasync)
sqlalchemy.exc.OperationalError: (psycopg2.OperationalError) could not translate host name "postgres" to address: Temporary failure in name resolution

(Background on this error at: https://sqlalche.me/e/14/e3q8)
[2023-06-27T08:55:33.998+0000] {subprocess.py:93} INFO - [0m08:55:33  [[33mWARNING[0m]: Configuration paths exist in your dbt_project.yml file which do not apply to any resources.
[2023-06-27T08:55:34.001+0000] {subprocess.py:93} INFO - There are 2 unused configuration paths:
[2023-06-27T08:55:34.003+0000] {subprocess.py:93} INFO - - models.badge_5.time_of_day
[2023-06-27T08:55:34.004+0000] {subprocess.py:93} INFO - - models.badge_5.create_stage
[2023-06-27T08:55:34.138+0000] {subprocess.py:93} INFO - [0m08:55:34  Found 2 models, 0 tests, 0 snapshots, 0 analyses, 455 macros, 0 operations, 1 seed file, 0 sources, 0 exposures, 0 metrics, 0 groups
[2023-06-27T08:55:34.147+0000] {subprocess.py:93} INFO - [0m08:55:34
[2023-06-27T08:55:35.997+0000] {subprocess.py:93} INFO - [0m08:55:35  Concurrency: 200 threads (target='dev')
[2023-06-27T08:55:35.999+0000] {subprocess.py:93} INFO - [0m08:55:35
[2023-06-27T08:55:36.084+0000] {subprocess.py:93} INFO - [0m08:55:36  1 of 1 START sql view model ***.select ..................................... [RUN]
[2023-06-27T08:55:36.823+0000] {subprocess.py:93} INFO - [0m08:55:36  1 of 1 ERROR creating sql view model ***.select ............................ [[31mERROR[0m in 0.74s]
[2023-06-27T08:55:36.907+0000] {subprocess.py:93} INFO - [0m08:55:36
[2023-06-27T08:55:36.908+0000] {subprocess.py:93} INFO - [0m08:55:36  Finished running 1 view model in 0 hours 0 minutes and 2.76 seconds (2.76s).
[2023-06-27T08:55:36.941+0000] {subprocess.py:93} INFO - [0m08:55:36
[2023-06-27T08:55:36.943+0000] {subprocess.py:93} INFO - [0m08:55:36  [31mCompleted with 1 error and 0 warnings:[0m
[2023-06-27T08:55:36.945+0000] {subprocess.py:93} INFO - [0m08:55:36
[2023-06-27T08:55:36.947+0000] {subprocess.py:93} INFO - [0m08:55:36  [33mDatabase Error in model select (models/select/select.sql)[0m
[2023-06-27T08:55:36.948+0000] {subprocess.py:93} INFO - [0m08:55:36    001003 (42000): SQL compilation error:
[2023-06-27T08:55:36.950+0000] {subprocess.py:93} INFO - [0m08:55:36    syntax error line 1 at position 43 unexpected '.'.
[2023-06-27T08:55:36.952+0000] {subprocess.py:93} INFO - [0m08:55:36    compiled Code at target/run/badge_5/models/select/select.sql
[2023-06-27T08:55:36.954+0000] {subprocess.py:93} INFO - [0m08:55:36
[2023-06-27T08:55:36.955+0000] {subprocess.py:93} INFO - [0m08:55:36  Done. PASS=0 WARN=0 ERROR=1 SKIP=0 TOTAL=1
[2023-06-27T08:55:37.870+0000] {subprocess.py:97} INFO - Command exited with return code 1
[2023-06-27T08:55:37.901+0000] {taskinstance.py:1824} ERROR - Task failed with exception
Traceback (most recent call last):
  File "/home/airflow/.local/lib/python3.7/site-packages/airflow/operators/bash.py", line 211, in execute
    f"Bash command failed. The command returned a non-zero exit code {result.exit_code}."
airflow.exceptions.AirflowException: Bash command failed. The command returned a non-zero exit code 1.
[2023-06-27T08:55:37.919+0000] {taskinstance.py:1350} INFO - Marking task as FAILED. dag_id=2_Test_Badge_5_Loop, task_id=create_select, execution_date=20230627T002500, start_date=20230627T085439, end_date=20230627T085537
[2023-06-27T08:55:37.940+0000] {standard_task_runner.py:109} ERROR - Failed to execute job 187 for task create_select (Bash command failed. The command returned a non-zero exit code 1.; 8632)
[2023-06-27T08:55:38.006+0000] {local_task_job_runner.py:225} INFO - Task exited with return code 1
[2023-06-27T08:55:38.035+0000] {taskinstance.py:2651} INFO - 0 downstream tasks scheduled from follow-on schedule check
