[2023-06-27T08:41:24.948+0000] {logging_mixin.py:149} INFO - Changing /opt/***/logs/dag_id=2_Test_Badge_5_Loop/run_id=scheduled__2023-06-27T00:40:00+00:00/task_id=create_select permission to 509
[2023-06-27T08:41:24.959+0000] {logging_mixin.py:149} INFO - Failed to change /opt/***/logs/dag_id=2_Test_Badge_5_Loop/run_id=scheduled__2023-06-27T00:40:00+00:00/task_id=create_select permission to 509: [Errno 1] Operation not permitted: '/opt/***/logs/dag_id=2_Test_Badge_5_Loop/run_id=scheduled__2023-06-27T00:40:00+00:00/task_id=create_select'
[2023-06-27T08:41:25.196+0000] {logging_mixin.py:149} INFO - Changing /opt/***/logs/dag_id=2_Test_Badge_5_Loop/run_id=scheduled__2023-06-27T00:40:00+00:00/task_id=create_select permission to 509
[2023-06-27T08:41:25.207+0000] {logging_mixin.py:149} INFO - Failed to change /opt/***/logs/dag_id=2_Test_Badge_5_Loop/run_id=scheduled__2023-06-27T00:40:00+00:00/task_id=create_select permission to 509: [Errno 1] Operation not permitted: '/opt/***/logs/dag_id=2_Test_Badge_5_Loop/run_id=scheduled__2023-06-27T00:40:00+00:00/task_id=create_select'
[2023-06-27T08:41:25.689+0000] {taskinstance.py:1103} INFO - Dependencies all met for dep_context=non-requeueable deps ti=<TaskInstance: 2_Test_Badge_5_Loop.create_select scheduled__2023-06-27T00:40:00+00:00 [queued]>
[2023-06-27T08:41:25.717+0000] {taskinstance.py:1103} INFO - Dependencies all met for dep_context=requeueable deps ti=<TaskInstance: 2_Test_Badge_5_Loop.create_select scheduled__2023-06-27T00:40:00+00:00 [queued]>
[2023-06-27T08:41:25.723+0000] {taskinstance.py:1308} INFO - Starting attempt 1 of 1
[2023-06-27T08:41:25.790+0000] {taskinstance.py:1327} INFO - Executing <Task(BashOperator): create_select> on 2023-06-27 00:40:00+00:00
[2023-06-27T08:41:25.807+0000] {standard_task_runner.py:57} INFO - Started process 860 to run task
[2023-06-27T08:41:25.834+0000] {standard_task_runner.py:84} INFO - Running: ['***', 'tasks', 'run', '2_Test_Badge_5_Loop', 'create_select', 'scheduled__2023-06-27T00:40:00+00:00', '--job-id', '152', '--raw', '--subdir', 'DAGS_FOLDER/test.py', '--cfg-path', '/tmp/tmpq483swgp']
[2023-06-27T08:41:25.886+0000] {standard_task_runner.py:85} INFO - Job 152: Subtask create_select
[2023-06-27T08:41:26.191+0000] {logging_mixin.py:149} INFO - Changing /opt/***/logs/dag_id=2_Test_Badge_5_Loop/run_id=scheduled__2023-06-27T00:40:00+00:00/task_id=create_select permission to 509
[2023-06-27T08:41:26.219+0000] {logging_mixin.py:149} INFO - Failed to change /opt/***/logs/dag_id=2_Test_Badge_5_Loop/run_id=scheduled__2023-06-27T00:40:00+00:00/task_id=create_select permission to 509: [Errno 1] Operation not permitted: '/opt/***/logs/dag_id=2_Test_Badge_5_Loop/run_id=scheduled__2023-06-27T00:40:00+00:00/task_id=create_select'
[2023-06-27T08:41:26.227+0000] {task_command.py:410} INFO - Running <TaskInstance: 2_Test_Badge_5_Loop.create_select scheduled__2023-06-27T00:40:00+00:00 [running]> on host 4d37da440d5c
[2023-06-27T08:41:26.940+0000] {taskinstance.py:1547} INFO - Exporting env vars: AIRFLOW_CTX_DAG_OWNER='***' AIRFLOW_CTX_DAG_ID='2_Test_Badge_5_Loop' AIRFLOW_CTX_TASK_ID='create_select' AIRFLOW_CTX_EXECUTION_DATE='2023-06-27T00:40:00+00:00' AIRFLOW_CTX_TRY_NUMBER='1' AIRFLOW_CTX_DAG_RUN_ID='scheduled__2023-06-27T00:40:00+00:00'
[2023-06-27T08:41:26.977+0000] {subprocess.py:63} INFO - Tmp dir root location: 
 /tmp
[2023-06-27T08:41:26.979+0000] {subprocess.py:75} INFO - Running command: ['/bin/bash', '-c', 'cd /dbt && dbt run --model select']
[2023-06-27T08:41:27.018+0000] {subprocess.py:86} INFO - Output:
[2023-06-27T08:41:38.286+0000] {subprocess.py:93} INFO - [0m08:41:38  Running with dbt=1.5.1
[2023-06-27T08:41:57.023+0000] {subprocess.py:93} INFO - [0m08:41:57  [[33mWARNING[0m]: Configuration paths exist in your dbt_project.yml file which do not apply to any resources.
[2023-06-27T08:41:57.025+0000] {subprocess.py:93} INFO - There are 2 unused configuration paths:
[2023-06-27T08:41:57.027+0000] {subprocess.py:93} INFO - - models.badge_5.time_of_day
[2023-06-27T08:41:57.029+0000] {subprocess.py:93} INFO - - models.badge_5.create_stage
[2023-06-27T08:41:57.128+0000] {subprocess.py:93} INFO - [0m08:41:57  Found 2 models, 0 tests, 0 snapshots, 0 analyses, 455 macros, 0 operations, 1 seed file, 0 sources, 0 exposures, 0 metrics, 0 groups
[2023-06-27T08:41:57.151+0000] {subprocess.py:93} INFO - [0m08:41:57
[2023-06-27T08:41:58.950+0000] {subprocess.py:93} INFO - [0m08:41:58  Concurrency: 200 threads (target='dev')
[2023-06-27T08:41:58.955+0000] {subprocess.py:93} INFO - [0m08:41:58
[2023-06-27T08:41:59.346+0000] {subprocess.py:93} INFO - [0m08:41:59  1 of 1 START sql view model ***.select ..................................... [RUN]
[2023-06-27T08:42:00.272+0000] {subprocess.py:93} INFO - [0m08:42:00  1 of 1 ERROR creating sql view model ***.select ............................ [[31mERROR[0m in 0.91s]
[2023-06-27T08:42:00.318+0000] {subprocess.py:93} INFO - [0m08:42:00
[2023-06-27T08:42:00.322+0000] {subprocess.py:93} INFO - [0m08:42:00  Finished running 1 view model in 0 hours 0 minutes and 3.16 seconds (3.16s).
[2023-06-27T08:42:00.389+0000] {subprocess.py:93} INFO - [0m08:42:00
[2023-06-27T08:42:00.403+0000] {subprocess.py:93} INFO - [0m08:42:00  [31mCompleted with 1 error and 0 warnings:[0m
[2023-06-27T08:42:00.430+0000] {subprocess.py:93} INFO - [0m08:42:00
[2023-06-27T08:42:00.433+0000] {subprocess.py:93} INFO - [0m08:42:00  [33mDatabase Error in model select (models/select/select.sql)[0m
[2023-06-27T08:42:00.436+0000] {subprocess.py:93} INFO - [0m08:42:00    001003 (42000): SQL compilation error:
[2023-06-27T08:42:00.439+0000] {subprocess.py:93} INFO - [0m08:42:00    syntax error line 1 at position 43 unexpected '.'.
[2023-06-27T08:42:00.446+0000] {subprocess.py:93} INFO - [0m08:42:00    compiled Code at target/run/badge_5/models/select/select.sql
[2023-06-27T08:42:00.451+0000] {subprocess.py:93} INFO - [0m08:42:00
[2023-06-27T08:42:00.454+0000] {subprocess.py:93} INFO - [0m08:42:00  Done. PASS=0 WARN=0 ERROR=1 SKIP=0 TOTAL=1
[2023-06-27T08:42:01.409+0000] {subprocess.py:97} INFO - Command exited with return code 1
[2023-06-27T08:42:01.427+0000] {taskinstance.py:1824} ERROR - Task failed with exception
Traceback (most recent call last):
  File "/home/airflow/.local/lib/python3.7/site-packages/airflow/operators/bash.py", line 211, in execute
    f"Bash command failed. The command returned a non-zero exit code {result.exit_code}."
airflow.exceptions.AirflowException: Bash command failed. The command returned a non-zero exit code 1.
[2023-06-27T08:42:01.432+0000] {taskinstance.py:1350} INFO - Marking task as FAILED. dag_id=2_Test_Badge_5_Loop, task_id=create_select, execution_date=20230627T004000, start_date=20230627T084125, end_date=20230627T084201
[2023-06-27T08:42:01.451+0000] {standard_task_runner.py:109} ERROR - Failed to execute job 152 for task create_select (Bash command failed. The command returned a non-zero exit code 1.; 860)
[2023-06-27T08:42:01.477+0000] {local_task_job_runner.py:225} INFO - Task exited with return code 1
[2023-06-27T08:42:01.500+0000] {taskinstance.py:2651} INFO - 0 downstream tasks scheduled from follow-on schedule check
[2023-06-27T08:54:40.641+0000] {logging_mixin.py:149} INFO - Changing /opt/***/logs/dag_id=2_Test_Badge_5_Loop/run_id=scheduled__2023-06-27T00:40:00+00:00/task_id=create_select permission to 509
[2023-06-27T08:54:40.647+0000] {logging_mixin.py:149} INFO - Failed to change /opt/***/logs/dag_id=2_Test_Badge_5_Loop/run_id=scheduled__2023-06-27T00:40:00+00:00/task_id=create_select permission to 509: [Errno 1] Operation not permitted: '/opt/***/logs/dag_id=2_Test_Badge_5_Loop/run_id=scheduled__2023-06-27T00:40:00+00:00/task_id=create_select'
[2023-06-27T08:54:40.774+0000] {logging_mixin.py:149} INFO - Changing /opt/***/logs/dag_id=2_Test_Badge_5_Loop/run_id=scheduled__2023-06-27T00:40:00+00:00/task_id=create_select permission to 509
[2023-06-27T08:54:40.775+0000] {logging_mixin.py:149} INFO - Failed to change /opt/***/logs/dag_id=2_Test_Badge_5_Loop/run_id=scheduled__2023-06-27T00:40:00+00:00/task_id=create_select permission to 509: [Errno 1] Operation not permitted: '/opt/***/logs/dag_id=2_Test_Badge_5_Loop/run_id=scheduled__2023-06-27T00:40:00+00:00/task_id=create_select'
[2023-06-27T08:54:40.935+0000] {taskinstance.py:1103} INFO - Dependencies all met for dep_context=non-requeueable deps ti=<TaskInstance: 2_Test_Badge_5_Loop.create_select scheduled__2023-06-27T00:40:00+00:00 [queued]>
[2023-06-27T08:54:42.328+0000] {taskinstance.py:1103} INFO - Dependencies all met for dep_context=requeueable deps ti=<TaskInstance: 2_Test_Badge_5_Loop.create_select scheduled__2023-06-27T00:40:00+00:00 [queued]>
[2023-06-27T08:54:42.330+0000] {taskinstance.py:1308} INFO - Starting attempt 1 of 1
[2023-06-27T08:54:42.376+0000] {taskinstance.py:1327} INFO - Executing <Task(BashOperator): create_select> on 2023-06-27 00:40:00+00:00
[2023-06-27T08:54:42.395+0000] {standard_task_runner.py:57} INFO - Started process 8635 to run task
[2023-06-27T08:54:42.406+0000] {standard_task_runner.py:84} INFO - Running: ['***', 'tasks', 'run', '2_Test_Badge_5_Loop', 'create_select', 'scheduled__2023-06-27T00:40:00+00:00', '--job-id', '190', '--raw', '--subdir', 'DAGS_FOLDER/test.py', '--cfg-path', '/tmp/tmptyzaww_n']
[2023-06-27T08:54:42.412+0000] {standard_task_runner.py:85} INFO - Job 190: Subtask create_select
[2023-06-27T08:54:42.538+0000] {logging_mixin.py:149} INFO - Changing /opt/***/logs/dag_id=2_Test_Badge_5_Loop/run_id=scheduled__2023-06-27T00:40:00+00:00/task_id=create_select permission to 509
[2023-06-27T08:54:42.540+0000] {logging_mixin.py:149} INFO - Failed to change /opt/***/logs/dag_id=2_Test_Badge_5_Loop/run_id=scheduled__2023-06-27T00:40:00+00:00/task_id=create_select permission to 509: [Errno 1] Operation not permitted: '/opt/***/logs/dag_id=2_Test_Badge_5_Loop/run_id=scheduled__2023-06-27T00:40:00+00:00/task_id=create_select'
[2023-06-27T08:54:42.544+0000] {task_command.py:410} INFO - Running <TaskInstance: 2_Test_Badge_5_Loop.create_select scheduled__2023-06-27T00:40:00+00:00 [running]> on host 4d37da440d5c
[2023-06-27T08:54:43.018+0000] {taskinstance.py:1547} INFO - Exporting env vars: AIRFLOW_CTX_DAG_OWNER='***' AIRFLOW_CTX_DAG_ID='2_Test_Badge_5_Loop' AIRFLOW_CTX_TASK_ID='create_select' AIRFLOW_CTX_EXECUTION_DATE='2023-06-27T00:40:00+00:00' AIRFLOW_CTX_TRY_NUMBER='1' AIRFLOW_CTX_DAG_RUN_ID='scheduled__2023-06-27T00:40:00+00:00'
[2023-06-27T08:54:43.023+0000] {subprocess.py:63} INFO - Tmp dir root location: 
 /tmp
[2023-06-27T08:54:43.025+0000] {subprocess.py:75} INFO - Running command: ['/bin/bash', '-c', 'cd /dbt && dbt run --model select']
[2023-06-27T08:54:43.080+0000] {subprocess.py:86} INFO - Output:
[2023-06-27T08:54:53.425+0000] {subprocess.py:93} INFO - [0m08:54:53  Running with dbt=1.5.1
[2023-06-27T08:55:09.570+0000] {job.py:216} ERROR - Job heartbeat got an exception
Traceback (most recent call last):
  File "/home/airflow/.local/lib/python3.7/site-packages/sqlalchemy/engine/base.py", line 3366, in _wrap_pool_connect
    return fn()
  File "/home/airflow/.local/lib/python3.7/site-packages/sqlalchemy/pool/base.py", line 327, in connect
    return _ConnectionFairy._checkout(self)
  File "/home/airflow/.local/lib/python3.7/site-packages/sqlalchemy/pool/base.py", line 894, in _checkout
    fairy = _ConnectionRecord.checkout(pool)
  File "/home/airflow/.local/lib/python3.7/site-packages/sqlalchemy/pool/base.py", line 493, in checkout
    rec = pool._do_get()
  File "/home/airflow/.local/lib/python3.7/site-packages/sqlalchemy/pool/impl.py", line 256, in _do_get
    return self._create_connection()
  File "/home/airflow/.local/lib/python3.7/site-packages/sqlalchemy/pool/base.py", line 273, in _create_connection
    return _ConnectionRecord(self)
  File "/home/airflow/.local/lib/python3.7/site-packages/sqlalchemy/pool/base.py", line 388, in __init__
    self.__connect()
  File "/home/airflow/.local/lib/python3.7/site-packages/sqlalchemy/pool/base.py", line 691, in __connect
    pool.logger.debug("Error on connect(): %s", e)
  File "/home/airflow/.local/lib/python3.7/site-packages/sqlalchemy/util/langhelpers.py", line 72, in __exit__
    with_traceback=exc_tb,
  File "/home/airflow/.local/lib/python3.7/site-packages/sqlalchemy/util/compat.py", line 211, in raise_
    raise exception
  File "/home/airflow/.local/lib/python3.7/site-packages/sqlalchemy/pool/base.py", line 686, in __connect
    self.dbapi_connection = connection = pool._invoke_creator(self)
  File "/home/airflow/.local/lib/python3.7/site-packages/sqlalchemy/engine/create.py", line 574, in connect
    return dialect.connect(*cargs, **cparams)
  File "/home/airflow/.local/lib/python3.7/site-packages/sqlalchemy/engine/default.py", line 598, in connect
    return self.dbapi.connect(*cargs, **cparams)
  File "/home/airflow/.local/lib/python3.7/site-packages/psycopg2/__init__.py", line 122, in connect
    conn = _connect(dsn, connection_factory=connection_factory, **kwasync)
psycopg2.OperationalError: could not translate host name "postgres" to address: Temporary failure in name resolution


The above exception was the direct cause of the following exception:

Traceback (most recent call last):
  File "/home/airflow/.local/lib/python3.7/site-packages/airflow/jobs/job.py", line 187, in heartbeat
    session.merge(self)
  File "/home/airflow/.local/lib/python3.7/site-packages/sqlalchemy/orm/session.py", line 3062, in merge
    _resolve_conflict_map=_resolve_conflict_map,
  File "/home/airflow/.local/lib/python3.7/site-packages/sqlalchemy/orm/session.py", line 3140, in _merge
    options=options,
  File "/home/airflow/.local/lib/python3.7/site-packages/sqlalchemy/orm/session.py", line 2861, in get
    execution_options=execution_options,
  File "/home/airflow/.local/lib/python3.7/site-packages/sqlalchemy/orm/session.py", line 2979, in _get_impl
    load_options=load_options,
  File "/home/airflow/.local/lib/python3.7/site-packages/sqlalchemy/orm/loading.py", line 534, in load_on_pk_identity
    bind_arguments=bind_arguments,
  File "/home/airflow/.local/lib/python3.7/site-packages/sqlalchemy/orm/session.py", line 1716, in execute
    conn = self._connection_for_bind(bind)
  File "/home/airflow/.local/lib/python3.7/site-packages/sqlalchemy/orm/session.py", line 1556, in _connection_for_bind
    engine, execution_options
  File "/home/airflow/.local/lib/python3.7/site-packages/sqlalchemy/orm/session.py", line 750, in _connection_for_bind
    conn = bind.connect()
  File "/home/airflow/.local/lib/python3.7/site-packages/sqlalchemy/engine/base.py", line 3320, in connect
    return self._connection_cls(self, close_with_result=close_with_result)
  File "/home/airflow/.local/lib/python3.7/site-packages/sqlalchemy/engine/base.py", line 96, in __init__
    else engine.raw_connection()
  File "/home/airflow/.local/lib/python3.7/site-packages/sqlalchemy/engine/base.py", line 3399, in raw_connection
    return self._wrap_pool_connect(self.pool.connect, _connection)
  File "/home/airflow/.local/lib/python3.7/site-packages/sqlalchemy/engine/base.py", line 3370, in _wrap_pool_connect
    e, dialect, self
  File "/home/airflow/.local/lib/python3.7/site-packages/sqlalchemy/engine/base.py", line 2204, in _handle_dbapi_exception_noconnection
    sqlalchemy_exception, with_traceback=exc_info[2], from_=e
  File "/home/airflow/.local/lib/python3.7/site-packages/sqlalchemy/util/compat.py", line 211, in raise_
    raise exception
  File "/home/airflow/.local/lib/python3.7/site-packages/sqlalchemy/engine/base.py", line 3366, in _wrap_pool_connect
    return fn()
  File "/home/airflow/.local/lib/python3.7/site-packages/sqlalchemy/pool/base.py", line 327, in connect
    return _ConnectionFairy._checkout(self)
  File "/home/airflow/.local/lib/python3.7/site-packages/sqlalchemy/pool/base.py", line 894, in _checkout
    fairy = _ConnectionRecord.checkout(pool)
  File "/home/airflow/.local/lib/python3.7/site-packages/sqlalchemy/pool/base.py", line 493, in checkout
    rec = pool._do_get()
  File "/home/airflow/.local/lib/python3.7/site-packages/sqlalchemy/pool/impl.py", line 256, in _do_get
    return self._create_connection()
  File "/home/airflow/.local/lib/python3.7/site-packages/sqlalchemy/pool/base.py", line 273, in _create_connection
    return _ConnectionRecord(self)
  File "/home/airflow/.local/lib/python3.7/site-packages/sqlalchemy/pool/base.py", line 388, in __init__
    self.__connect()
  File "/home/airflow/.local/lib/python3.7/site-packages/sqlalchemy/pool/base.py", line 691, in __connect
    pool.logger.debug("Error on connect(): %s", e)
  File "/home/airflow/.local/lib/python3.7/site-packages/sqlalchemy/util/langhelpers.py", line 72, in __exit__
    with_traceback=exc_tb,
  File "/home/airflow/.local/lib/python3.7/site-packages/sqlalchemy/util/compat.py", line 211, in raise_
    raise exception
  File "/home/airflow/.local/lib/python3.7/site-packages/sqlalchemy/pool/base.py", line 686, in __connect
    self.dbapi_connection = connection = pool._invoke_creator(self)
  File "/home/airflow/.local/lib/python3.7/site-packages/sqlalchemy/engine/create.py", line 574, in connect
    return dialect.connect(*cargs, **cparams)
  File "/home/airflow/.local/lib/python3.7/site-packages/sqlalchemy/engine/default.py", line 598, in connect
    return self.dbapi.connect(*cargs, **cparams)
  File "/home/airflow/.local/lib/python3.7/site-packages/psycopg2/__init__.py", line 122, in connect
    conn = _connect(dsn, connection_factory=connection_factory, **kwasync)
sqlalchemy.exc.OperationalError: (psycopg2.OperationalError) could not translate host name "postgres" to address: Temporary failure in name resolution

(Background on this error at: https://sqlalche.me/e/14/e3q8)
[2023-06-27T08:55:33.981+0000] {subprocess.py:93} INFO - [0m08:55:33  [[33mWARNING[0m]: Configuration paths exist in your dbt_project.yml file which do not apply to any resources.
[2023-06-27T08:55:33.982+0000] {subprocess.py:93} INFO - There are 2 unused configuration paths:
[2023-06-27T08:55:33.984+0000] {subprocess.py:93} INFO - - models.badge_5.create_stage
[2023-06-27T08:55:33.986+0000] {subprocess.py:93} INFO - - models.badge_5.time_of_day
[2023-06-27T08:55:34.125+0000] {subprocess.py:93} INFO - [0m08:55:34  Found 2 models, 0 tests, 0 snapshots, 0 analyses, 455 macros, 0 operations, 1 seed file, 0 sources, 0 exposures, 0 metrics, 0 groups
[2023-06-27T08:55:34.133+0000] {subprocess.py:93} INFO - [0m08:55:34
[2023-06-27T08:55:35.842+0000] {subprocess.py:93} INFO - [0m08:55:35  Concurrency: 200 threads (target='dev')
[2023-06-27T08:55:35.844+0000] {subprocess.py:93} INFO - [0m08:55:35
[2023-06-27T08:55:35.920+0000] {subprocess.py:93} INFO - [0m08:55:35  1 of 1 START sql view model ***.select ..................................... [RUN]
[2023-06-27T08:55:36.652+0000] {subprocess.py:93} INFO - [0m08:55:36  1 of 1 ERROR creating sql view model ***.select ............................ [[31mERROR[0m in 0.73s]
[2023-06-27T08:55:36.747+0000] {subprocess.py:93} INFO - [0m08:55:36
[2023-06-27T08:55:36.748+0000] {subprocess.py:93} INFO - [0m08:55:36  Finished running 1 view model in 0 hours 0 minutes and 2.61 seconds (2.61s).
[2023-06-27T08:55:36.780+0000] {subprocess.py:93} INFO - [0m08:55:36
[2023-06-27T08:55:36.781+0000] {subprocess.py:93} INFO - [0m08:55:36  [31mCompleted with 1 error and 0 warnings:[0m
[2023-06-27T08:55:36.783+0000] {subprocess.py:93} INFO - [0m08:55:36
[2023-06-27T08:55:36.785+0000] {subprocess.py:93} INFO - [0m08:55:36  [33mDatabase Error in model select (models/select/select.sql)[0m
[2023-06-27T08:55:36.787+0000] {subprocess.py:93} INFO - [0m08:55:36    001003 (42000): SQL compilation error:
[2023-06-27T08:55:36.789+0000] {subprocess.py:93} INFO - [0m08:55:36    syntax error line 1 at position 43 unexpected '.'.
[2023-06-27T08:55:36.791+0000] {subprocess.py:93} INFO - [0m08:55:36    compiled Code at target/run/badge_5/models/select/select.sql
[2023-06-27T08:55:36.793+0000] {subprocess.py:93} INFO - [0m08:55:36
[2023-06-27T08:55:36.795+0000] {subprocess.py:93} INFO - [0m08:55:36  Done. PASS=0 WARN=0 ERROR=1 SKIP=0 TOTAL=1
[2023-06-27T08:55:37.715+0000] {subprocess.py:97} INFO - Command exited with return code 1
[2023-06-27T08:55:37.750+0000] {taskinstance.py:1824} ERROR - Task failed with exception
Traceback (most recent call last):
  File "/home/airflow/.local/lib/python3.7/site-packages/airflow/operators/bash.py", line 211, in execute
    f"Bash command failed. The command returned a non-zero exit code {result.exit_code}."
airflow.exceptions.AirflowException: Bash command failed. The command returned a non-zero exit code 1.
[2023-06-27T08:55:37.764+0000] {taskinstance.py:1350} INFO - Marking task as FAILED. dag_id=2_Test_Badge_5_Loop, task_id=create_select, execution_date=20230627T004000, start_date=20230627T085440, end_date=20230627T085537
[2023-06-27T08:55:37.819+0000] {standard_task_runner.py:109} ERROR - Failed to execute job 190 for task create_select (Bash command failed. The command returned a non-zero exit code 1.; 8635)
[2023-06-27T08:55:37.861+0000] {local_task_job_runner.py:225} INFO - Task exited with return code 1
[2023-06-27T08:55:37.907+0000] {taskinstance.py:2651} INFO - 0 downstream tasks scheduled from follow-on schedule check
