[2023-06-20T09:06:41.377+0000] {logging_mixin.py:149} INFO - Changing /opt/***/logs/dag_id=Badge_5/run_id=scheduled__2023-06-20T00:00:00+00:00/task_id=create_stage permission to 509
[2023-06-20T09:06:41.379+0000] {logging_mixin.py:149} INFO - Failed to change /opt/***/logs/dag_id=Badge_5/run_id=scheduled__2023-06-20T00:00:00+00:00/task_id=create_stage permission to 509: [Errno 1] Operation not permitted: '/opt/***/logs/dag_id=Badge_5/run_id=scheduled__2023-06-20T00:00:00+00:00/task_id=create_stage'
[2023-06-20T09:06:41.414+0000] {logging_mixin.py:149} INFO - Changing /opt/***/logs/dag_id=Badge_5/run_id=scheduled__2023-06-20T00:00:00+00:00/task_id=create_stage permission to 509
[2023-06-20T09:06:41.416+0000] {logging_mixin.py:149} INFO - Failed to change /opt/***/logs/dag_id=Badge_5/run_id=scheduled__2023-06-20T00:00:00+00:00/task_id=create_stage permission to 509: [Errno 1] Operation not permitted: '/opt/***/logs/dag_id=Badge_5/run_id=scheduled__2023-06-20T00:00:00+00:00/task_id=create_stage'
[2023-06-20T09:06:41.598+0000] {taskinstance.py:1103} INFO - Dependencies all met for dep_context=non-requeueable deps ti=<TaskInstance: Badge_5.create_stage scheduled__2023-06-20T00:00:00+00:00 [queued]>
[2023-06-20T09:06:41.608+0000] {taskinstance.py:1103} INFO - Dependencies all met for dep_context=requeueable deps ti=<TaskInstance: Badge_5.create_stage scheduled__2023-06-20T00:00:00+00:00 [queued]>
[2023-06-20T09:06:41.609+0000] {taskinstance.py:1308} INFO - Starting attempt 1 of 1
[2023-06-20T09:06:41.627+0000] {taskinstance.py:1327} INFO - Executing <Task(BashOperator): create_stage> on 2023-06-20 00:00:00+00:00
[2023-06-20T09:06:41.633+0000] {standard_task_runner.py:57} INFO - Started process 863 to run task
[2023-06-20T09:06:41.637+0000] {standard_task_runner.py:84} INFO - Running: ['***', 'tasks', 'run', 'Badge_5', 'create_stage', 'scheduled__2023-06-20T00:00:00+00:00', '--job-id', '10', '--raw', '--subdir', 'DAGS_FOLDER/init.py', '--cfg-path', '/tmp/tmpmrgjvd8v']
[2023-06-20T09:06:41.640+0000] {standard_task_runner.py:85} INFO - Job 10: Subtask create_stage
[2023-06-20T09:06:41.694+0000] {logging_mixin.py:149} INFO - Changing /opt/***/logs/dag_id=Badge_5/run_id=scheduled__2023-06-20T00:00:00+00:00/task_id=create_stage permission to 509
[2023-06-20T09:06:41.695+0000] {logging_mixin.py:149} INFO - Failed to change /opt/***/logs/dag_id=Badge_5/run_id=scheduled__2023-06-20T00:00:00+00:00/task_id=create_stage permission to 509: [Errno 1] Operation not permitted: '/opt/***/logs/dag_id=Badge_5/run_id=scheduled__2023-06-20T00:00:00+00:00/task_id=create_stage'
[2023-06-20T09:06:41.699+0000] {task_command.py:410} INFO - Running <TaskInstance: Badge_5.create_stage scheduled__2023-06-20T00:00:00+00:00 [running]> on host cb5483273a55
[2023-06-20T09:06:41.827+0000] {taskinstance.py:1547} INFO - Exporting env vars: AIRFLOW_CTX_DAG_OWNER='***' AIRFLOW_CTX_DAG_ID='Badge_5' AIRFLOW_CTX_TASK_ID='create_stage' AIRFLOW_CTX_EXECUTION_DATE='2023-06-20T00:00:00+00:00' AIRFLOW_CTX_TRY_NUMBER='1' AIRFLOW_CTX_DAG_RUN_ID='scheduled__2023-06-20T00:00:00+00:00'
[2023-06-20T09:06:41.830+0000] {subprocess.py:63} INFO - Tmp dir root location: 
 /tmp
[2023-06-20T09:06:41.831+0000] {subprocess.py:75} INFO - Running command: ['/bin/bash', '-c', 'cd /dbt && dbt run --models create_stage']
[2023-06-20T09:06:41.841+0000] {subprocess.py:86} INFO - Output:
[2023-06-20T09:06:44.999+0000] {subprocess.py:93} INFO - [0m09:06:44  Running with dbt=1.5.1
[2023-06-20T09:06:46.358+0000] {subprocess.py:93} INFO - [0m09:06:46  [[33mWARNING[0m]: Configuration paths exist in your dbt_project.yml file which do not apply to any resources.
[2023-06-20T09:06:46.358+0000] {subprocess.py:93} INFO - There are 1 unused configuration paths:
[2023-06-20T09:06:46.359+0000] {subprocess.py:93} INFO - - models.badge_5.time_of_day
[2023-06-20T09:06:46.399+0000] {subprocess.py:93} INFO - [0m09:06:46  Found 3 models, 4 tests, 0 snapshots, 0 analyses, 321 macros, 0 operations, 1 seed file, 0 sources, 0 exposures, 0 metrics, 0 groups
[2023-06-20T09:06:46.403+0000] {subprocess.py:93} INFO - [0m09:06:46
[2023-06-20T09:06:47.802+0000] {subprocess.py:93} INFO - [0m09:06:47  Concurrency: 200 threads (target='dev')
[2023-06-20T09:06:47.806+0000] {subprocess.py:93} INFO - [0m09:06:47
[2023-06-20T09:06:47.904+0000] {subprocess.py:93} INFO - [0m09:06:47  1 of 1 START sql view model ***.create_stage ............................... [RUN]
[2023-06-20T09:06:48.715+0000] {subprocess.py:93} INFO - [0m09:06:48  1 of 1 ERROR creating sql view model ***.create_stage ...................... [[31mERROR[0m in 0.80s]
[2023-06-20T09:06:48.875+0000] {subprocess.py:93} INFO - [0m09:06:48
[2023-06-20T09:06:48.880+0000] {subprocess.py:93} INFO - [0m09:06:48  Finished running 1 view model in 0 hours 0 minutes and 2.47 seconds (2.47s).
[2023-06-20T09:06:48.962+0000] {subprocess.py:93} INFO - [0m09:06:48
[2023-06-20T09:06:48.965+0000] {subprocess.py:93} INFO - [0m09:06:48  [31mCompleted with 1 error and 0 warnings:[0m
[2023-06-20T09:06:48.966+0000] {subprocess.py:93} INFO - [0m09:06:48
[2023-06-20T09:06:48.968+0000] {subprocess.py:93} INFO - [0m09:06:48  [33mDatabase Error in model create_stage (models/create_stage/create_stage.sql)[0m
[2023-06-20T09:06:48.969+0000] {subprocess.py:93} INFO - [0m09:06:48    001003 (42000): SQL compilation error:
[2023-06-20T09:06:48.971+0000] {subprocess.py:93} INFO - [0m09:06:48    syntax error line 4 at position 4 unexpected 'CREATE'.
[2023-06-20T09:06:48.972+0000] {subprocess.py:93} INFO - [0m09:06:48    compiled Code at target/run/badge_5/models/create_stage/create_stage.sql
[2023-06-20T09:06:48.973+0000] {subprocess.py:93} INFO - [0m09:06:48
[2023-06-20T09:06:48.974+0000] {subprocess.py:93} INFO - [0m09:06:48  Done. PASS=0 WARN=0 ERROR=1 SKIP=0 TOTAL=1
[2023-06-20T09:06:49.626+0000] {subprocess.py:97} INFO - Command exited with return code 1
[2023-06-20T09:06:49.638+0000] {taskinstance.py:1824} ERROR - Task failed with exception
Traceback (most recent call last):
  File "/home/airflow/.local/lib/python3.7/site-packages/airflow/operators/bash.py", line 211, in execute
    f"Bash command failed. The command returned a non-zero exit code {result.exit_code}."
airflow.exceptions.AirflowException: Bash command failed. The command returned a non-zero exit code 1.
[2023-06-20T09:06:49.642+0000] {taskinstance.py:1350} INFO - Marking task as FAILED. dag_id=Badge_5, task_id=create_stage, execution_date=20230620T000000, start_date=20230620T090641, end_date=20230620T090649
[2023-06-20T09:06:49.658+0000] {standard_task_runner.py:109} ERROR - Failed to execute job 10 for task create_stage (Bash command failed. The command returned a non-zero exit code 1.; 863)
[2023-06-20T09:06:49.680+0000] {local_task_job_runner.py:225} INFO - Task exited with return code 1
[2023-06-20T09:06:49.698+0000] {taskinstance.py:2651} INFO - 0 downstream tasks scheduled from follow-on schedule check
