[2023-06-27T08:41:29.017+0000] {logging_mixin.py:149} INFO - Changing /opt/***/logs/dag_id=2_Test_Badge_5_Loop/run_id=scheduled__2023-06-27T01:05:00+00:00/task_id=create_select permission to 509
[2023-06-27T08:41:29.018+0000] {logging_mixin.py:149} INFO - Failed to change /opt/***/logs/dag_id=2_Test_Badge_5_Loop/run_id=scheduled__2023-06-27T01:05:00+00:00/task_id=create_select permission to 509: [Errno 1] Operation not permitted: '/opt/***/logs/dag_id=2_Test_Badge_5_Loop/run_id=scheduled__2023-06-27T01:05:00+00:00/task_id=create_select'
[2023-06-27T08:41:29.117+0000] {logging_mixin.py:149} INFO - Changing /opt/***/logs/dag_id=2_Test_Badge_5_Loop/run_id=scheduled__2023-06-27T01:05:00+00:00/task_id=create_select permission to 509
[2023-06-27T08:41:29.119+0000] {logging_mixin.py:149} INFO - Failed to change /opt/***/logs/dag_id=2_Test_Badge_5_Loop/run_id=scheduled__2023-06-27T01:05:00+00:00/task_id=create_select permission to 509: [Errno 1] Operation not permitted: '/opt/***/logs/dag_id=2_Test_Badge_5_Loop/run_id=scheduled__2023-06-27T01:05:00+00:00/task_id=create_select'
[2023-06-27T08:41:29.840+0000] {taskinstance.py:1103} INFO - Dependencies all met for dep_context=non-requeueable deps ti=<TaskInstance: 2_Test_Badge_5_Loop.create_select scheduled__2023-06-27T01:05:00+00:00 [queued]>
[2023-06-27T08:41:29.881+0000] {taskinstance.py:1103} INFO - Dependencies all met for dep_context=requeueable deps ti=<TaskInstance: 2_Test_Badge_5_Loop.create_select scheduled__2023-06-27T01:05:00+00:00 [queued]>
[2023-06-27T08:41:29.892+0000] {taskinstance.py:1308} INFO - Starting attempt 1 of 1
[2023-06-27T08:41:29.955+0000] {taskinstance.py:1327} INFO - Executing <Task(BashOperator): create_select> on 2023-06-27 01:05:00+00:00
[2023-06-27T08:41:29.966+0000] {standard_task_runner.py:57} INFO - Started process 875 to run task
[2023-06-27T08:41:29.999+0000] {standard_task_runner.py:84} INFO - Running: ['***', 'tasks', 'run', '2_Test_Badge_5_Loop', 'create_select', 'scheduled__2023-06-27T01:05:00+00:00', '--job-id', '158', '--raw', '--subdir', 'DAGS_FOLDER/test.py', '--cfg-path', '/tmp/tmp9t4bbryp']
[2023-06-27T08:41:30.016+0000] {standard_task_runner.py:85} INFO - Job 158: Subtask create_select
[2023-06-27T08:41:30.163+0000] {logging_mixin.py:149} INFO - Changing /opt/***/logs/dag_id=2_Test_Badge_5_Loop/run_id=scheduled__2023-06-27T01:05:00+00:00/task_id=create_select permission to 509
[2023-06-27T08:41:30.164+0000] {logging_mixin.py:149} INFO - Failed to change /opt/***/logs/dag_id=2_Test_Badge_5_Loop/run_id=scheduled__2023-06-27T01:05:00+00:00/task_id=create_select permission to 509: [Errno 1] Operation not permitted: '/opt/***/logs/dag_id=2_Test_Badge_5_Loop/run_id=scheduled__2023-06-27T01:05:00+00:00/task_id=create_select'
[2023-06-27T08:41:30.195+0000] {task_command.py:410} INFO - Running <TaskInstance: 2_Test_Badge_5_Loop.create_select scheduled__2023-06-27T01:05:00+00:00 [running]> on host 4d37da440d5c
[2023-06-27T08:41:30.734+0000] {taskinstance.py:1547} INFO - Exporting env vars: AIRFLOW_CTX_DAG_OWNER='***' AIRFLOW_CTX_DAG_ID='2_Test_Badge_5_Loop' AIRFLOW_CTX_TASK_ID='create_select' AIRFLOW_CTX_EXECUTION_DATE='2023-06-27T01:05:00+00:00' AIRFLOW_CTX_TRY_NUMBER='1' AIRFLOW_CTX_DAG_RUN_ID='scheduled__2023-06-27T01:05:00+00:00'
[2023-06-27T08:41:30.739+0000] {subprocess.py:63} INFO - Tmp dir root location: 
 /tmp
[2023-06-27T08:41:30.747+0000] {subprocess.py:75} INFO - Running command: ['/bin/bash', '-c', 'cd /dbt && dbt run --model select']
[2023-06-27T08:41:30.785+0000] {subprocess.py:86} INFO - Output:
[2023-06-27T08:41:43.145+0000] {subprocess.py:93} INFO - [0m08:41:43  Running with dbt=1.5.1
[2023-06-27T08:41:58.082+0000] {subprocess.py:93} INFO - [0m08:41:58  [[33mWARNING[0m]: Configuration paths exist in your dbt_project.yml file which do not apply to any resources.
[2023-06-27T08:41:58.084+0000] {subprocess.py:93} INFO - There are 2 unused configuration paths:
[2023-06-27T08:41:58.086+0000] {subprocess.py:93} INFO - - models.badge_5.time_of_day
[2023-06-27T08:41:58.088+0000] {subprocess.py:93} INFO - - models.badge_5.create_stage
[2023-06-27T08:41:58.204+0000] {subprocess.py:93} INFO - [0m08:41:58  Found 2 models, 0 tests, 0 snapshots, 0 analyses, 455 macros, 0 operations, 1 seed file, 0 sources, 0 exposures, 0 metrics, 0 groups
[2023-06-27T08:41:58.214+0000] {subprocess.py:93} INFO - [0m08:41:58
[2023-06-27T08:42:00.267+0000] {subprocess.py:93} INFO - [0m08:42:00  Concurrency: 200 threads (target='dev')
[2023-06-27T08:42:00.270+0000] {subprocess.py:93} INFO - [0m08:42:00
[2023-06-27T08:42:00.407+0000] {subprocess.py:93} INFO - [0m08:42:00  1 of 1 START sql view model ***.select ..................................... [RUN]
[2023-06-27T08:42:01.092+0000] {subprocess.py:93} INFO - [0m08:42:01  1 of 1 ERROR creating sql view model ***.select ............................ [[31mERROR[0m in 0.67s]
[2023-06-27T08:42:01.144+0000] {subprocess.py:93} INFO - [0m08:42:01
[2023-06-27T08:42:01.146+0000] {subprocess.py:93} INFO - [0m08:42:01  Finished running 1 view model in 0 hours 0 minutes and 2.93 seconds (2.93s).
[2023-06-27T08:42:01.182+0000] {subprocess.py:93} INFO - [0m08:42:01
[2023-06-27T08:42:01.184+0000] {subprocess.py:93} INFO - [0m08:42:01  [31mCompleted with 1 error and 0 warnings:[0m
[2023-06-27T08:42:01.187+0000] {subprocess.py:93} INFO - [0m08:42:01
[2023-06-27T08:42:01.189+0000] {subprocess.py:93} INFO - [0m08:42:01  [33mDatabase Error in model select (models/select/select.sql)[0m
[2023-06-27T08:42:01.191+0000] {subprocess.py:93} INFO - [0m08:42:01    001003 (42000): SQL compilation error:
[2023-06-27T08:42:01.193+0000] {subprocess.py:93} INFO - [0m08:42:01    syntax error line 1 at position 43 unexpected '.'.
[2023-06-27T08:42:01.196+0000] {subprocess.py:93} INFO - [0m08:42:01    compiled Code at target/run/badge_5/models/select/select.sql
[2023-06-27T08:42:01.198+0000] {subprocess.py:93} INFO - [0m08:42:01
[2023-06-27T08:42:01.200+0000] {subprocess.py:93} INFO - [0m08:42:01  Done. PASS=0 WARN=0 ERROR=1 SKIP=0 TOTAL=1
[2023-06-27T08:42:01.998+0000] {subprocess.py:97} INFO - Command exited with return code 1
[2023-06-27T08:42:02.016+0000] {taskinstance.py:1824} ERROR - Task failed with exception
Traceback (most recent call last):
  File "/home/airflow/.local/lib/python3.7/site-packages/airflow/operators/bash.py", line 211, in execute
    f"Bash command failed. The command returned a non-zero exit code {result.exit_code}."
airflow.exceptions.AirflowException: Bash command failed. The command returned a non-zero exit code 1.
[2023-06-27T08:42:02.022+0000] {taskinstance.py:1350} INFO - Marking task as FAILED. dag_id=2_Test_Badge_5_Loop, task_id=create_select, execution_date=20230627T010500, start_date=20230627T084129, end_date=20230627T084202
[2023-06-27T08:42:02.049+0000] {standard_task_runner.py:109} ERROR - Failed to execute job 158 for task create_select (Bash command failed. The command returned a non-zero exit code 1.; 875)
[2023-06-27T08:42:02.148+0000] {local_task_job_runner.py:225} INFO - Task exited with return code 1
[2023-06-27T08:42:02.185+0000] {taskinstance.py:2651} INFO - 0 downstream tasks scheduled from follow-on schedule check
[2023-06-27T08:54:42.000+0000] {logging_mixin.py:149} INFO - Changing /opt/***/logs/dag_id=2_Test_Badge_5_Loop/run_id=scheduled__2023-06-27T01:05:00+00:00/task_id=create_select permission to 509
[2023-06-27T08:54:42.019+0000] {logging_mixin.py:149} INFO - Failed to change /opt/***/logs/dag_id=2_Test_Badge_5_Loop/run_id=scheduled__2023-06-27T01:05:00+00:00/task_id=create_select permission to 509: [Errno 1] Operation not permitted: '/opt/***/logs/dag_id=2_Test_Badge_5_Loop/run_id=scheduled__2023-06-27T01:05:00+00:00/task_id=create_select'
[2023-06-27T08:54:42.155+0000] {logging_mixin.py:149} INFO - Changing /opt/***/logs/dag_id=2_Test_Badge_5_Loop/run_id=scheduled__2023-06-27T01:05:00+00:00/task_id=create_select permission to 509
[2023-06-27T08:54:42.159+0000] {logging_mixin.py:149} INFO - Failed to change /opt/***/logs/dag_id=2_Test_Badge_5_Loop/run_id=scheduled__2023-06-27T01:05:00+00:00/task_id=create_select permission to 509: [Errno 1] Operation not permitted: '/opt/***/logs/dag_id=2_Test_Badge_5_Loop/run_id=scheduled__2023-06-27T01:05:00+00:00/task_id=create_select'
[2023-06-27T08:54:42.403+0000] {taskinstance.py:1103} INFO - Dependencies all met for dep_context=non-requeueable deps ti=<TaskInstance: 2_Test_Badge_5_Loop.create_select scheduled__2023-06-27T01:05:00+00:00 [queued]>
[2023-06-27T08:54:44.373+0000] {taskinstance.py:1103} INFO - Dependencies all met for dep_context=requeueable deps ti=<TaskInstance: 2_Test_Badge_5_Loop.create_select scheduled__2023-06-27T01:05:00+00:00 [queued]>
[2023-06-27T08:54:44.374+0000] {taskinstance.py:1308} INFO - Starting attempt 1 of 1
[2023-06-27T08:54:44.427+0000] {taskinstance.py:1327} INFO - Executing <Task(BashOperator): create_select> on 2023-06-27 01:05:00+00:00
[2023-06-27T08:54:44.439+0000] {standard_task_runner.py:57} INFO - Started process 8690 to run task
[2023-06-27T08:54:44.472+0000] {standard_task_runner.py:84} INFO - Running: ['***', 'tasks', 'run', '2_Test_Badge_5_Loop', 'create_select', 'scheduled__2023-06-27T01:05:00+00:00', '--job-id', '195', '--raw', '--subdir', 'DAGS_FOLDER/test.py', '--cfg-path', '/tmp/tmppnea3ed1']
[2023-06-27T08:54:44.482+0000] {standard_task_runner.py:85} INFO - Job 195: Subtask create_select
[2023-06-27T08:54:44.740+0000] {logging_mixin.py:149} INFO - Changing /opt/***/logs/dag_id=2_Test_Badge_5_Loop/run_id=scheduled__2023-06-27T01:05:00+00:00/task_id=create_select permission to 509
[2023-06-27T08:54:44.741+0000] {logging_mixin.py:149} INFO - Failed to change /opt/***/logs/dag_id=2_Test_Badge_5_Loop/run_id=scheduled__2023-06-27T01:05:00+00:00/task_id=create_select permission to 509: [Errno 1] Operation not permitted: '/opt/***/logs/dag_id=2_Test_Badge_5_Loop/run_id=scheduled__2023-06-27T01:05:00+00:00/task_id=create_select'
[2023-06-27T08:54:44.744+0000] {task_command.py:410} INFO - Running <TaskInstance: 2_Test_Badge_5_Loop.create_select scheduled__2023-06-27T01:05:00+00:00 [running]> on host 4d37da440d5c
[2023-06-27T08:54:45.312+0000] {taskinstance.py:1547} INFO - Exporting env vars: AIRFLOW_CTX_DAG_OWNER='***' AIRFLOW_CTX_DAG_ID='2_Test_Badge_5_Loop' AIRFLOW_CTX_TASK_ID='create_select' AIRFLOW_CTX_EXECUTION_DATE='2023-06-27T01:05:00+00:00' AIRFLOW_CTX_TRY_NUMBER='1' AIRFLOW_CTX_DAG_RUN_ID='scheduled__2023-06-27T01:05:00+00:00'
[2023-06-27T08:54:45.329+0000] {subprocess.py:63} INFO - Tmp dir root location: 
 /tmp
[2023-06-27T08:54:45.344+0000] {subprocess.py:75} INFO - Running command: ['/bin/bash', '-c', 'cd /dbt && dbt run --model select']
[2023-06-27T08:54:45.418+0000] {subprocess.py:86} INFO - Output:
[2023-06-27T08:55:17.631+0000] {job.py:216} ERROR - Job heartbeat got an exception
Traceback (most recent call last):
  File "/home/airflow/.local/lib/python3.7/site-packages/sqlalchemy/engine/base.py", line 3366, in _wrap_pool_connect
    return fn()
  File "/home/airflow/.local/lib/python3.7/site-packages/sqlalchemy/pool/base.py", line 327, in connect
    return _ConnectionFairy._checkout(self)
  File "/home/airflow/.local/lib/python3.7/site-packages/sqlalchemy/pool/base.py", line 894, in _checkout
    fairy = _ConnectionRecord.checkout(pool)
  File "/home/airflow/.local/lib/python3.7/site-packages/sqlalchemy/pool/base.py", line 493, in checkout
    rec = pool._do_get()
  File "/home/airflow/.local/lib/python3.7/site-packages/sqlalchemy/pool/impl.py", line 256, in _do_get
    return self._create_connection()
  File "/home/airflow/.local/lib/python3.7/site-packages/sqlalchemy/pool/base.py", line 273, in _create_connection
    return _ConnectionRecord(self)
  File "/home/airflow/.local/lib/python3.7/site-packages/sqlalchemy/pool/base.py", line 388, in __init__
    self.__connect()
  File "/home/airflow/.local/lib/python3.7/site-packages/sqlalchemy/pool/base.py", line 691, in __connect
    pool.logger.debug("Error on connect(): %s", e)
  File "/home/airflow/.local/lib/python3.7/site-packages/sqlalchemy/util/langhelpers.py", line 72, in __exit__
    with_traceback=exc_tb,
  File "/home/airflow/.local/lib/python3.7/site-packages/sqlalchemy/util/compat.py", line 211, in raise_
    raise exception
  File "/home/airflow/.local/lib/python3.7/site-packages/sqlalchemy/pool/base.py", line 686, in __connect
    self.dbapi_connection = connection = pool._invoke_creator(self)
  File "/home/airflow/.local/lib/python3.7/site-packages/sqlalchemy/engine/create.py", line 574, in connect
    return dialect.connect(*cargs, **cparams)
  File "/home/airflow/.local/lib/python3.7/site-packages/sqlalchemy/engine/default.py", line 598, in connect
    return self.dbapi.connect(*cargs, **cparams)
  File "/home/airflow/.local/lib/python3.7/site-packages/psycopg2/__init__.py", line 122, in connect
    conn = _connect(dsn, connection_factory=connection_factory, **kwasync)
psycopg2.OperationalError: could not translate host name "postgres" to address: Temporary failure in name resolution


The above exception was the direct cause of the following exception:

Traceback (most recent call last):
  File "/home/airflow/.local/lib/python3.7/site-packages/airflow/jobs/job.py", line 187, in heartbeat
    session.merge(self)
  File "/home/airflow/.local/lib/python3.7/site-packages/sqlalchemy/orm/session.py", line 3062, in merge
    _resolve_conflict_map=_resolve_conflict_map,
  File "/home/airflow/.local/lib/python3.7/site-packages/sqlalchemy/orm/session.py", line 3140, in _merge
    options=options,
  File "/home/airflow/.local/lib/python3.7/site-packages/sqlalchemy/orm/session.py", line 2861, in get
    execution_options=execution_options,
  File "/home/airflow/.local/lib/python3.7/site-packages/sqlalchemy/orm/session.py", line 2979, in _get_impl
    load_options=load_options,
  File "/home/airflow/.local/lib/python3.7/site-packages/sqlalchemy/orm/loading.py", line 534, in load_on_pk_identity
    bind_arguments=bind_arguments,
  File "/home/airflow/.local/lib/python3.7/site-packages/sqlalchemy/orm/session.py", line 1716, in execute
    conn = self._connection_for_bind(bind)
  File "/home/airflow/.local/lib/python3.7/site-packages/sqlalchemy/orm/session.py", line 1556, in _connection_for_bind
    engine, execution_options
  File "/home/airflow/.local/lib/python3.7/site-packages/sqlalchemy/orm/session.py", line 750, in _connection_for_bind
    conn = bind.connect()
  File "/home/airflow/.local/lib/python3.7/site-packages/sqlalchemy/engine/base.py", line 3320, in connect
    return self._connection_cls(self, close_with_result=close_with_result)
  File "/home/airflow/.local/lib/python3.7/site-packages/sqlalchemy/engine/base.py", line 96, in __init__
    else engine.raw_connection()
  File "/home/airflow/.local/lib/python3.7/site-packages/sqlalchemy/engine/base.py", line 3399, in raw_connection
    return self._wrap_pool_connect(self.pool.connect, _connection)
  File "/home/airflow/.local/lib/python3.7/site-packages/sqlalchemy/engine/base.py", line 3370, in _wrap_pool_connect
    e, dialect, self
  File "/home/airflow/.local/lib/python3.7/site-packages/sqlalchemy/engine/base.py", line 2204, in _handle_dbapi_exception_noconnection
    sqlalchemy_exception, with_traceback=exc_info[2], from_=e
  File "/home/airflow/.local/lib/python3.7/site-packages/sqlalchemy/util/compat.py", line 211, in raise_
    raise exception
  File "/home/airflow/.local/lib/python3.7/site-packages/sqlalchemy/engine/base.py", line 3366, in _wrap_pool_connect
    return fn()
  File "/home/airflow/.local/lib/python3.7/site-packages/sqlalchemy/pool/base.py", line 327, in connect
    return _ConnectionFairy._checkout(self)
  File "/home/airflow/.local/lib/python3.7/site-packages/sqlalchemy/pool/base.py", line 894, in _checkout
    fairy = _ConnectionRecord.checkout(pool)
  File "/home/airflow/.local/lib/python3.7/site-packages/sqlalchemy/pool/base.py", line 493, in checkout
    rec = pool._do_get()
  File "/home/airflow/.local/lib/python3.7/site-packages/sqlalchemy/pool/impl.py", line 256, in _do_get
    return self._create_connection()
  File "/home/airflow/.local/lib/python3.7/site-packages/sqlalchemy/pool/base.py", line 273, in _create_connection
    return _ConnectionRecord(self)
  File "/home/airflow/.local/lib/python3.7/site-packages/sqlalchemy/pool/base.py", line 388, in __init__
    self.__connect()
  File "/home/airflow/.local/lib/python3.7/site-packages/sqlalchemy/pool/base.py", line 691, in __connect
    pool.logger.debug("Error on connect(): %s", e)
  File "/home/airflow/.local/lib/python3.7/site-packages/sqlalchemy/util/langhelpers.py", line 72, in __exit__
    with_traceback=exc_tb,
  File "/home/airflow/.local/lib/python3.7/site-packages/sqlalchemy/util/compat.py", line 211, in raise_
    raise exception
  File "/home/airflow/.local/lib/python3.7/site-packages/sqlalchemy/pool/base.py", line 686, in __connect
    self.dbapi_connection = connection = pool._invoke_creator(self)
  File "/home/airflow/.local/lib/python3.7/site-packages/sqlalchemy/engine/create.py", line 574, in connect
    return dialect.connect(*cargs, **cparams)
  File "/home/airflow/.local/lib/python3.7/site-packages/sqlalchemy/engine/default.py", line 598, in connect
    return self.dbapi.connect(*cargs, **cparams)
  File "/home/airflow/.local/lib/python3.7/site-packages/psycopg2/__init__.py", line 122, in connect
    conn = _connect(dsn, connection_factory=connection_factory, **kwasync)
sqlalchemy.exc.OperationalError: (psycopg2.OperationalError) could not translate host name "postgres" to address: Temporary failure in name resolution

(Background on this error at: https://sqlalche.me/e/14/e3q8)
[2023-06-27T08:55:22.306+0000] {subprocess.py:93} INFO - [0m08:55:22  Running with dbt=1.5.1
[2023-06-27T08:55:35.926+0000] {subprocess.py:93} INFO - [0m08:55:35  [[33mWARNING[0m]: Configuration paths exist in your dbt_project.yml file which do not apply to any resources.
[2023-06-27T08:55:35.927+0000] {subprocess.py:93} INFO - There are 2 unused configuration paths:
[2023-06-27T08:55:35.928+0000] {subprocess.py:93} INFO - - models.badge_5.time_of_day
[2023-06-27T08:55:35.928+0000] {subprocess.py:93} INFO - - models.badge_5.create_stage
[2023-06-27T08:55:36.010+0000] {subprocess.py:93} INFO - [0m08:55:36  Found 2 models, 0 tests, 0 snapshots, 0 analyses, 455 macros, 0 operations, 1 seed file, 0 sources, 0 exposures, 0 metrics, 0 groups
[2023-06-27T08:55:36.015+0000] {subprocess.py:93} INFO - [0m08:55:36
[2023-06-27T08:55:37.606+0000] {subprocess.py:93} INFO - [0m08:55:37  Concurrency: 200 threads (target='dev')
[2023-06-27T08:55:37.609+0000] {subprocess.py:93} INFO - [0m08:55:37
[2023-06-27T08:55:37.882+0000] {subprocess.py:93} INFO - [0m08:55:37  1 of 1 START sql view model ***.select ..................................... [RUN]
[2023-06-27T08:55:38.645+0000] {subprocess.py:93} INFO - [0m08:55:38  1 of 1 ERROR creating sql view model ***.select ............................ [[31mERROR[0m in 0.76s]
[2023-06-27T08:55:38.712+0000] {subprocess.py:93} INFO - [0m08:55:38
[2023-06-27T08:55:38.714+0000] {subprocess.py:93} INFO - [0m08:55:38  Finished running 1 view model in 0 hours 0 minutes and 2.70 seconds (2.70s).
[2023-06-27T08:55:38.779+0000] {subprocess.py:93} INFO - [0m08:55:38
[2023-06-27T08:55:38.780+0000] {subprocess.py:93} INFO - [0m08:55:38  [31mCompleted with 1 error and 0 warnings:[0m
[2023-06-27T08:55:38.781+0000] {subprocess.py:93} INFO - [0m08:55:38
[2023-06-27T08:55:38.783+0000] {subprocess.py:93} INFO - [0m08:55:38  [33mDatabase Error in model select (models/select/select.sql)[0m
[2023-06-27T08:55:38.784+0000] {subprocess.py:93} INFO - [0m08:55:38    001003 (42000): SQL compilation error:
[2023-06-27T08:55:38.785+0000] {subprocess.py:93} INFO - [0m08:55:38    syntax error line 1 at position 43 unexpected '.'.
[2023-06-27T08:55:38.786+0000] {subprocess.py:93} INFO - [0m08:55:38    compiled Code at target/run/badge_5/models/select/select.sql
[2023-06-27T08:55:38.788+0000] {subprocess.py:93} INFO - [0m08:55:38
[2023-06-27T08:55:38.789+0000] {subprocess.py:93} INFO - [0m08:55:38  Done. PASS=0 WARN=0 ERROR=1 SKIP=0 TOTAL=1
[2023-06-27T08:55:39.625+0000] {subprocess.py:97} INFO - Command exited with return code 1
[2023-06-27T08:55:39.641+0000] {taskinstance.py:1824} ERROR - Task failed with exception
Traceback (most recent call last):
  File "/home/airflow/.local/lib/python3.7/site-packages/airflow/operators/bash.py", line 211, in execute
    f"Bash command failed. The command returned a non-zero exit code {result.exit_code}."
airflow.exceptions.AirflowException: Bash command failed. The command returned a non-zero exit code 1.
[2023-06-27T08:55:39.645+0000] {taskinstance.py:1350} INFO - Marking task as FAILED. dag_id=2_Test_Badge_5_Loop, task_id=create_select, execution_date=20230627T010500, start_date=20230627T085442, end_date=20230627T085539
[2023-06-27T08:55:39.660+0000] {standard_task_runner.py:109} ERROR - Failed to execute job 195 for task create_select (Bash command failed. The command returned a non-zero exit code 1.; 8690)
[2023-06-27T08:55:39.715+0000] {local_task_job_runner.py:225} INFO - Task exited with return code 1
[2023-06-27T08:55:39.732+0000] {taskinstance.py:2651} INFO - 0 downstream tasks scheduled from follow-on schedule check
