[2023-06-27T08:41:25.979+0000] {logging_mixin.py:149} INFO - Changing /opt/***/logs/dag_id=2_Test_Badge_5_Loop/run_id=scheduled__2023-06-27T00:50:00+00:00/task_id=create_select permission to 509
[2023-06-27T08:41:26.000+0000] {logging_mixin.py:149} INFO - Failed to change /opt/***/logs/dag_id=2_Test_Badge_5_Loop/run_id=scheduled__2023-06-27T00:50:00+00:00/task_id=create_select permission to 509: [Errno 1] Operation not permitted: '/opt/***/logs/dag_id=2_Test_Badge_5_Loop/run_id=scheduled__2023-06-27T00:50:00+00:00/task_id=create_select'
[2023-06-27T08:41:26.108+0000] {logging_mixin.py:149} INFO - Changing /opt/***/logs/dag_id=2_Test_Badge_5_Loop/run_id=scheduled__2023-06-27T00:50:00+00:00/task_id=create_select permission to 509
[2023-06-27T08:41:26.121+0000] {logging_mixin.py:149} INFO - Failed to change /opt/***/logs/dag_id=2_Test_Badge_5_Loop/run_id=scheduled__2023-06-27T00:50:00+00:00/task_id=create_select permission to 509: [Errno 1] Operation not permitted: '/opt/***/logs/dag_id=2_Test_Badge_5_Loop/run_id=scheduled__2023-06-27T00:50:00+00:00/task_id=create_select'
[2023-06-27T08:41:26.818+0000] {taskinstance.py:1103} INFO - Dependencies all met for dep_context=non-requeueable deps ti=<TaskInstance: 2_Test_Badge_5_Loop.create_select scheduled__2023-06-27T00:50:00+00:00 [queued]>
[2023-06-27T08:41:26.868+0000] {taskinstance.py:1103} INFO - Dependencies all met for dep_context=requeueable deps ti=<TaskInstance: 2_Test_Badge_5_Loop.create_select scheduled__2023-06-27T00:50:00+00:00 [queued]>
[2023-06-27T08:41:26.870+0000] {taskinstance.py:1308} INFO - Starting attempt 1 of 1
[2023-06-27T08:41:26.922+0000] {taskinstance.py:1327} INFO - Executing <Task(BashOperator): create_select> on 2023-06-27 00:50:00+00:00
[2023-06-27T08:41:26.936+0000] {standard_task_runner.py:57} INFO - Started process 864 to run task
[2023-06-27T08:41:26.966+0000] {standard_task_runner.py:84} INFO - Running: ['***', 'tasks', 'run', '2_Test_Badge_5_Loop', 'create_select', 'scheduled__2023-06-27T00:50:00+00:00', '--job-id', '153', '--raw', '--subdir', 'DAGS_FOLDER/test.py', '--cfg-path', '/tmp/tmpnu2l0lf4']
[2023-06-27T08:41:26.995+0000] {standard_task_runner.py:85} INFO - Job 153: Subtask create_select
[2023-06-27T08:41:27.245+0000] {logging_mixin.py:149} INFO - Changing /opt/***/logs/dag_id=2_Test_Badge_5_Loop/run_id=scheduled__2023-06-27T00:50:00+00:00/task_id=create_select permission to 509
[2023-06-27T08:41:27.248+0000] {logging_mixin.py:149} INFO - Failed to change /opt/***/logs/dag_id=2_Test_Badge_5_Loop/run_id=scheduled__2023-06-27T00:50:00+00:00/task_id=create_select permission to 509: [Errno 1] Operation not permitted: '/opt/***/logs/dag_id=2_Test_Badge_5_Loop/run_id=scheduled__2023-06-27T00:50:00+00:00/task_id=create_select'
[2023-06-27T08:41:27.255+0000] {task_command.py:410} INFO - Running <TaskInstance: 2_Test_Badge_5_Loop.create_select scheduled__2023-06-27T00:50:00+00:00 [running]> on host 4d37da440d5c
[2023-06-27T08:41:27.718+0000] {taskinstance.py:1547} INFO - Exporting env vars: AIRFLOW_CTX_DAG_OWNER='***' AIRFLOW_CTX_DAG_ID='2_Test_Badge_5_Loop' AIRFLOW_CTX_TASK_ID='create_select' AIRFLOW_CTX_EXECUTION_DATE='2023-06-27T00:50:00+00:00' AIRFLOW_CTX_TRY_NUMBER='1' AIRFLOW_CTX_DAG_RUN_ID='scheduled__2023-06-27T00:50:00+00:00'
[2023-06-27T08:41:27.726+0000] {subprocess.py:63} INFO - Tmp dir root location: 
 /tmp
[2023-06-27T08:41:27.732+0000] {subprocess.py:75} INFO - Running command: ['/bin/bash', '-c', 'cd /dbt && dbt run --model select']
[2023-06-27T08:41:27.807+0000] {subprocess.py:86} INFO - Output:
[2023-06-27T08:41:43.054+0000] {subprocess.py:93} INFO - [0m08:41:43  Running with dbt=1.5.1
[2023-06-27T08:41:59.200+0000] {subprocess.py:93} INFO - [0m08:41:59  [[33mWARNING[0m]: Configuration paths exist in your dbt_project.yml file which do not apply to any resources.
[2023-06-27T08:41:59.203+0000] {subprocess.py:93} INFO - There are 2 unused configuration paths:
[2023-06-27T08:41:59.206+0000] {subprocess.py:93} INFO - - models.badge_5.create_stage
[2023-06-27T08:41:59.214+0000] {subprocess.py:93} INFO - - models.badge_5.time_of_day
[2023-06-27T08:41:59.418+0000] {subprocess.py:93} INFO - [0m08:41:59  Found 2 models, 0 tests, 0 snapshots, 0 analyses, 455 macros, 0 operations, 1 seed file, 0 sources, 0 exposures, 0 metrics, 0 groups
[2023-06-27T08:41:59.447+0000] {subprocess.py:93} INFO - [0m08:41:59
[2023-06-27T08:42:01.363+0000] {subprocess.py:93} INFO - [0m08:42:01  Concurrency: 200 threads (target='dev')
[2023-06-27T08:42:01.365+0000] {subprocess.py:93} INFO - [0m08:42:01
[2023-06-27T08:42:01.433+0000] {subprocess.py:93} INFO - [0m08:42:01  1 of 1 START sql view model ***.select ..................................... [RUN]
[2023-06-27T08:42:01.952+0000] {subprocess.py:93} INFO - [0m08:42:01  1 of 1 ERROR creating sql view model ***.select ............................ [[31mERROR[0m in 0.51s]
[2023-06-27T08:42:02.060+0000] {subprocess.py:93} INFO - [0m08:42:02
[2023-06-27T08:42:02.062+0000] {subprocess.py:93} INFO - [0m08:42:02  Finished running 1 view model in 0 hours 0 minutes and 2.61 seconds (2.61s).
[2023-06-27T08:42:02.139+0000] {subprocess.py:93} INFO - [0m08:42:02
[2023-06-27T08:42:02.142+0000] {subprocess.py:93} INFO - [0m08:42:02  [31mCompleted with 1 error and 0 warnings:[0m
[2023-06-27T08:42:02.145+0000] {subprocess.py:93} INFO - [0m08:42:02
[2023-06-27T08:42:02.147+0000] {subprocess.py:93} INFO - [0m08:42:02  [33mDatabase Error in model select (models/select/select.sql)[0m
[2023-06-27T08:42:02.150+0000] {subprocess.py:93} INFO - [0m08:42:02    001003 (42000): SQL compilation error:
[2023-06-27T08:42:02.152+0000] {subprocess.py:93} INFO - [0m08:42:02    syntax error line 1 at position 43 unexpected '.'.
[2023-06-27T08:42:02.157+0000] {subprocess.py:93} INFO - [0m08:42:02    compiled Code at target/run/badge_5/models/select/select.sql
[2023-06-27T08:42:02.159+0000] {subprocess.py:93} INFO - [0m08:42:02
[2023-06-27T08:42:02.161+0000] {subprocess.py:93} INFO - [0m08:42:02  Done. PASS=0 WARN=0 ERROR=1 SKIP=0 TOTAL=1
[2023-06-27T08:42:02.982+0000] {subprocess.py:97} INFO - Command exited with return code 1
[2023-06-27T08:42:03.008+0000] {taskinstance.py:1824} ERROR - Task failed with exception
Traceback (most recent call last):
  File "/home/airflow/.local/lib/python3.7/site-packages/airflow/operators/bash.py", line 211, in execute
    f"Bash command failed. The command returned a non-zero exit code {result.exit_code}."
airflow.exceptions.AirflowException: Bash command failed. The command returned a non-zero exit code 1.
[2023-06-27T08:42:03.017+0000] {taskinstance.py:1350} INFO - Marking task as FAILED. dag_id=2_Test_Badge_5_Loop, task_id=create_select, execution_date=20230627T005000, start_date=20230627T084126, end_date=20230627T084203
[2023-06-27T08:42:03.042+0000] {standard_task_runner.py:109} ERROR - Failed to execute job 153 for task create_select (Bash command failed. The command returned a non-zero exit code 1.; 864)
[2023-06-27T08:42:03.066+0000] {local_task_job_runner.py:225} INFO - Task exited with return code 1
[2023-06-27T08:42:03.095+0000] {taskinstance.py:2651} INFO - 0 downstream tasks scheduled from follow-on schedule check
[2023-06-27T08:54:41.341+0000] {logging_mixin.py:149} INFO - Changing /opt/***/logs/dag_id=2_Test_Badge_5_Loop/run_id=scheduled__2023-06-27T00:50:00+00:00/task_id=create_select permission to 509
[2023-06-27T08:54:41.352+0000] {logging_mixin.py:149} INFO - Failed to change /opt/***/logs/dag_id=2_Test_Badge_5_Loop/run_id=scheduled__2023-06-27T00:50:00+00:00/task_id=create_select permission to 509: [Errno 1] Operation not permitted: '/opt/***/logs/dag_id=2_Test_Badge_5_Loop/run_id=scheduled__2023-06-27T00:50:00+00:00/task_id=create_select'
[2023-06-27T08:54:41.442+0000] {logging_mixin.py:149} INFO - Changing /opt/***/logs/dag_id=2_Test_Badge_5_Loop/run_id=scheduled__2023-06-27T00:50:00+00:00/task_id=create_select permission to 509
[2023-06-27T08:54:41.444+0000] {logging_mixin.py:149} INFO - Failed to change /opt/***/logs/dag_id=2_Test_Badge_5_Loop/run_id=scheduled__2023-06-27T00:50:00+00:00/task_id=create_select permission to 509: [Errno 1] Operation not permitted: '/opt/***/logs/dag_id=2_Test_Badge_5_Loop/run_id=scheduled__2023-06-27T00:50:00+00:00/task_id=create_select'
[2023-06-27T08:54:41.542+0000] {taskinstance.py:1103} INFO - Dependencies all met for dep_context=non-requeueable deps ti=<TaskInstance: 2_Test_Badge_5_Loop.create_select scheduled__2023-06-27T00:50:00+00:00 [queued]>
[2023-06-27T08:54:42.756+0000] {taskinstance.py:1103} INFO - Dependencies all met for dep_context=requeueable deps ti=<TaskInstance: 2_Test_Badge_5_Loop.create_select scheduled__2023-06-27T00:50:00+00:00 [queued]>
[2023-06-27T08:54:42.758+0000] {taskinstance.py:1308} INFO - Starting attempt 1 of 1
[2023-06-27T08:54:42.884+0000] {taskinstance.py:1327} INFO - Executing <Task(BashOperator): create_select> on 2023-06-27 00:50:00+00:00
[2023-06-27T08:54:42.902+0000] {standard_task_runner.py:57} INFO - Started process 8670 to run task
[2023-06-27T08:54:42.943+0000] {standard_task_runner.py:84} INFO - Running: ['***', 'tasks', 'run', '2_Test_Badge_5_Loop', 'create_select', 'scheduled__2023-06-27T00:50:00+00:00', '--job-id', '193', '--raw', '--subdir', 'DAGS_FOLDER/test.py', '--cfg-path', '/tmp/tmpkd06f4rq']
[2023-06-27T08:54:42.955+0000] {standard_task_runner.py:85} INFO - Job 193: Subtask create_select
[2023-06-27T08:54:43.167+0000] {logging_mixin.py:149} INFO - Changing /opt/***/logs/dag_id=2_Test_Badge_5_Loop/run_id=scheduled__2023-06-27T00:50:00+00:00/task_id=create_select permission to 509
[2023-06-27T08:54:43.170+0000] {logging_mixin.py:149} INFO - Failed to change /opt/***/logs/dag_id=2_Test_Badge_5_Loop/run_id=scheduled__2023-06-27T00:50:00+00:00/task_id=create_select permission to 509: [Errno 1] Operation not permitted: '/opt/***/logs/dag_id=2_Test_Badge_5_Loop/run_id=scheduled__2023-06-27T00:50:00+00:00/task_id=create_select'
[2023-06-27T08:54:43.187+0000] {task_command.py:410} INFO - Running <TaskInstance: 2_Test_Badge_5_Loop.create_select scheduled__2023-06-27T00:50:00+00:00 [running]> on host 4d37da440d5c
[2023-06-27T08:54:43.590+0000] {taskinstance.py:1547} INFO - Exporting env vars: AIRFLOW_CTX_DAG_OWNER='***' AIRFLOW_CTX_DAG_ID='2_Test_Badge_5_Loop' AIRFLOW_CTX_TASK_ID='create_select' AIRFLOW_CTX_EXECUTION_DATE='2023-06-27T00:50:00+00:00' AIRFLOW_CTX_TRY_NUMBER='1' AIRFLOW_CTX_DAG_RUN_ID='scheduled__2023-06-27T00:50:00+00:00'
[2023-06-27T08:54:43.597+0000] {subprocess.py:63} INFO - Tmp dir root location: 
 /tmp
[2023-06-27T08:54:43.616+0000] {subprocess.py:75} INFO - Running command: ['/bin/bash', '-c', 'cd /dbt && dbt run --model select']
[2023-06-27T08:54:43.669+0000] {subprocess.py:86} INFO - Output:
[2023-06-27T08:54:53.995+0000] {subprocess.py:93} INFO - [0m08:54:53  Running with dbt=1.5.1
[2023-06-27T08:55:14.389+0000] {job.py:216} ERROR - Job heartbeat got an exception
Traceback (most recent call last):
  File "/home/airflow/.local/lib/python3.7/site-packages/sqlalchemy/engine/base.py", line 3366, in _wrap_pool_connect
    return fn()
  File "/home/airflow/.local/lib/python3.7/site-packages/sqlalchemy/pool/base.py", line 327, in connect
    return _ConnectionFairy._checkout(self)
  File "/home/airflow/.local/lib/python3.7/site-packages/sqlalchemy/pool/base.py", line 894, in _checkout
    fairy = _ConnectionRecord.checkout(pool)
  File "/home/airflow/.local/lib/python3.7/site-packages/sqlalchemy/pool/base.py", line 493, in checkout
    rec = pool._do_get()
  File "/home/airflow/.local/lib/python3.7/site-packages/sqlalchemy/pool/impl.py", line 256, in _do_get
    return self._create_connection()
  File "/home/airflow/.local/lib/python3.7/site-packages/sqlalchemy/pool/base.py", line 273, in _create_connection
    return _ConnectionRecord(self)
  File "/home/airflow/.local/lib/python3.7/site-packages/sqlalchemy/pool/base.py", line 388, in __init__
    self.__connect()
  File "/home/airflow/.local/lib/python3.7/site-packages/sqlalchemy/pool/base.py", line 691, in __connect
    pool.logger.debug("Error on connect(): %s", e)
  File "/home/airflow/.local/lib/python3.7/site-packages/sqlalchemy/util/langhelpers.py", line 72, in __exit__
    with_traceback=exc_tb,
  File "/home/airflow/.local/lib/python3.7/site-packages/sqlalchemy/util/compat.py", line 211, in raise_
    raise exception
  File "/home/airflow/.local/lib/python3.7/site-packages/sqlalchemy/pool/base.py", line 686, in __connect
    self.dbapi_connection = connection = pool._invoke_creator(self)
  File "/home/airflow/.local/lib/python3.7/site-packages/sqlalchemy/engine/create.py", line 574, in connect
    return dialect.connect(*cargs, **cparams)
  File "/home/airflow/.local/lib/python3.7/site-packages/sqlalchemy/engine/default.py", line 598, in connect
    return self.dbapi.connect(*cargs, **cparams)
  File "/home/airflow/.local/lib/python3.7/site-packages/psycopg2/__init__.py", line 122, in connect
    conn = _connect(dsn, connection_factory=connection_factory, **kwasync)
psycopg2.OperationalError: could not translate host name "postgres" to address: Temporary failure in name resolution


The above exception was the direct cause of the following exception:

Traceback (most recent call last):
  File "/home/airflow/.local/lib/python3.7/site-packages/airflow/jobs/job.py", line 187, in heartbeat
    session.merge(self)
  File "/home/airflow/.local/lib/python3.7/site-packages/sqlalchemy/orm/session.py", line 3062, in merge
    _resolve_conflict_map=_resolve_conflict_map,
  File "/home/airflow/.local/lib/python3.7/site-packages/sqlalchemy/orm/session.py", line 3140, in _merge
    options=options,
  File "/home/airflow/.local/lib/python3.7/site-packages/sqlalchemy/orm/session.py", line 2861, in get
    execution_options=execution_options,
  File "/home/airflow/.local/lib/python3.7/site-packages/sqlalchemy/orm/session.py", line 2979, in _get_impl
    load_options=load_options,
  File "/home/airflow/.local/lib/python3.7/site-packages/sqlalchemy/orm/loading.py", line 534, in load_on_pk_identity
    bind_arguments=bind_arguments,
  File "/home/airflow/.local/lib/python3.7/site-packages/sqlalchemy/orm/session.py", line 1716, in execute
    conn = self._connection_for_bind(bind)
  File "/home/airflow/.local/lib/python3.7/site-packages/sqlalchemy/orm/session.py", line 1556, in _connection_for_bind
    engine, execution_options
  File "/home/airflow/.local/lib/python3.7/site-packages/sqlalchemy/orm/session.py", line 750, in _connection_for_bind
    conn = bind.connect()
  File "/home/airflow/.local/lib/python3.7/site-packages/sqlalchemy/engine/base.py", line 3320, in connect
    return self._connection_cls(self, close_with_result=close_with_result)
  File "/home/airflow/.local/lib/python3.7/site-packages/sqlalchemy/engine/base.py", line 96, in __init__
    else engine.raw_connection()
  File "/home/airflow/.local/lib/python3.7/site-packages/sqlalchemy/engine/base.py", line 3399, in raw_connection
    return self._wrap_pool_connect(self.pool.connect, _connection)
  File "/home/airflow/.local/lib/python3.7/site-packages/sqlalchemy/engine/base.py", line 3370, in _wrap_pool_connect
    e, dialect, self
  File "/home/airflow/.local/lib/python3.7/site-packages/sqlalchemy/engine/base.py", line 2204, in _handle_dbapi_exception_noconnection
    sqlalchemy_exception, with_traceback=exc_info[2], from_=e
  File "/home/airflow/.local/lib/python3.7/site-packages/sqlalchemy/util/compat.py", line 211, in raise_
    raise exception
  File "/home/airflow/.local/lib/python3.7/site-packages/sqlalchemy/engine/base.py", line 3366, in _wrap_pool_connect
    return fn()
  File "/home/airflow/.local/lib/python3.7/site-packages/sqlalchemy/pool/base.py", line 327, in connect
    return _ConnectionFairy._checkout(self)
  File "/home/airflow/.local/lib/python3.7/site-packages/sqlalchemy/pool/base.py", line 894, in _checkout
    fairy = _ConnectionRecord.checkout(pool)
  File "/home/airflow/.local/lib/python3.7/site-packages/sqlalchemy/pool/base.py", line 493, in checkout
    rec = pool._do_get()
  File "/home/airflow/.local/lib/python3.7/site-packages/sqlalchemy/pool/impl.py", line 256, in _do_get
    return self._create_connection()
  File "/home/airflow/.local/lib/python3.7/site-packages/sqlalchemy/pool/base.py", line 273, in _create_connection
    return _ConnectionRecord(self)
  File "/home/airflow/.local/lib/python3.7/site-packages/sqlalchemy/pool/base.py", line 388, in __init__
    self.__connect()
  File "/home/airflow/.local/lib/python3.7/site-packages/sqlalchemy/pool/base.py", line 691, in __connect
    pool.logger.debug("Error on connect(): %s", e)
  File "/home/airflow/.local/lib/python3.7/site-packages/sqlalchemy/util/langhelpers.py", line 72, in __exit__
    with_traceback=exc_tb,
  File "/home/airflow/.local/lib/python3.7/site-packages/sqlalchemy/util/compat.py", line 211, in raise_
    raise exception
  File "/home/airflow/.local/lib/python3.7/site-packages/sqlalchemy/pool/base.py", line 686, in __connect
    self.dbapi_connection = connection = pool._invoke_creator(self)
  File "/home/airflow/.local/lib/python3.7/site-packages/sqlalchemy/engine/create.py", line 574, in connect
    return dialect.connect(*cargs, **cparams)
  File "/home/airflow/.local/lib/python3.7/site-packages/sqlalchemy/engine/default.py", line 598, in connect
    return self.dbapi.connect(*cargs, **cparams)
  File "/home/airflow/.local/lib/python3.7/site-packages/psycopg2/__init__.py", line 122, in connect
    conn = _connect(dsn, connection_factory=connection_factory, **kwasync)
sqlalchemy.exc.OperationalError: (psycopg2.OperationalError) could not translate host name "postgres" to address: Temporary failure in name resolution

(Background on this error at: https://sqlalche.me/e/14/e3q8)
[2023-06-27T08:55:34.079+0000] {subprocess.py:93} INFO - [0m08:55:34  [[33mWARNING[0m]: Configuration paths exist in your dbt_project.yml file which do not apply to any resources.
[2023-06-27T08:55:34.083+0000] {subprocess.py:93} INFO - There are 2 unused configuration paths:
[2023-06-27T08:55:34.084+0000] {subprocess.py:93} INFO - - models.badge_5.create_stage
[2023-06-27T08:55:34.087+0000] {subprocess.py:93} INFO - - models.badge_5.time_of_day
[2023-06-27T08:55:34.205+0000] {subprocess.py:93} INFO - [0m08:55:34  Found 2 models, 0 tests, 0 snapshots, 0 analyses, 455 macros, 0 operations, 1 seed file, 0 sources, 0 exposures, 0 metrics, 0 groups
[2023-06-27T08:55:34.214+0000] {subprocess.py:93} INFO - [0m08:55:34
[2023-06-27T08:55:36.438+0000] {subprocess.py:93} INFO - [0m08:55:36  Concurrency: 200 threads (target='dev')
[2023-06-27T08:55:36.440+0000] {subprocess.py:93} INFO - [0m08:55:36
[2023-06-27T08:55:36.517+0000] {subprocess.py:93} INFO - [0m08:55:36  1 of 1 START sql view model ***.select ..................................... [RUN]
[2023-06-27T08:55:37.463+0000] {subprocess.py:93} INFO - [0m08:55:37  1 of 1 ERROR creating sql view model ***.select ............................ [[31mERROR[0m in 0.94s]
[2023-06-27T08:55:37.546+0000] {subprocess.py:93} INFO - [0m08:55:37
[2023-06-27T08:55:37.547+0000] {subprocess.py:93} INFO - [0m08:55:37  Finished running 1 view model in 0 hours 0 minutes and 3.33 seconds (3.33s).
[2023-06-27T08:55:37.695+0000] {subprocess.py:93} INFO - [0m08:55:37
[2023-06-27T08:55:37.701+0000] {subprocess.py:93} INFO - [0m08:55:37  [31mCompleted with 1 error and 0 warnings:[0m
[2023-06-27T08:55:37.706+0000] {subprocess.py:93} INFO - [0m08:55:37
[2023-06-27T08:55:37.715+0000] {subprocess.py:93} INFO - [0m08:55:37  [33mDatabase Error in model select (models/select/select.sql)[0m
[2023-06-27T08:55:37.722+0000] {subprocess.py:93} INFO - [0m08:55:37    001003 (42000): SQL compilation error:
[2023-06-27T08:55:37.731+0000] {subprocess.py:93} INFO - [0m08:55:37    syntax error line 1 at position 43 unexpected '.'.
[2023-06-27T08:55:37.740+0000] {subprocess.py:93} INFO - [0m08:55:37    compiled Code at target/run/badge_5/models/select/select.sql
[2023-06-27T08:55:37.762+0000] {subprocess.py:93} INFO - [0m08:55:37
[2023-06-27T08:55:37.775+0000] {subprocess.py:93} INFO - [0m08:55:37  Done. PASS=0 WARN=0 ERROR=1 SKIP=0 TOTAL=1
[2023-06-27T08:55:38.603+0000] {subprocess.py:97} INFO - Command exited with return code 1
[2023-06-27T08:55:38.621+0000] {taskinstance.py:1824} ERROR - Task failed with exception
Traceback (most recent call last):
  File "/home/airflow/.local/lib/python3.7/site-packages/airflow/operators/bash.py", line 211, in execute
    f"Bash command failed. The command returned a non-zero exit code {result.exit_code}."
airflow.exceptions.AirflowException: Bash command failed. The command returned a non-zero exit code 1.
[2023-06-27T08:55:38.626+0000] {taskinstance.py:1350} INFO - Marking task as FAILED. dag_id=2_Test_Badge_5_Loop, task_id=create_select, execution_date=20230627T005000, start_date=20230627T085441, end_date=20230627T085538
[2023-06-27T08:55:38.642+0000] {standard_task_runner.py:109} ERROR - Failed to execute job 193 for task create_select (Bash command failed. The command returned a non-zero exit code 1.; 8670)
[2023-06-27T08:55:38.667+0000] {local_task_job_runner.py:225} INFO - Task exited with return code 1
[2023-06-27T08:55:38.683+0000] {taskinstance.py:2651} INFO - 0 downstream tasks scheduled from follow-on schedule check
