[2023-06-27T11:25:02.272+0000] {logging_mixin.py:149} INFO - Changing /opt/***/logs/dag_id=2_Test_Badge_5_Loop/run_id=scheduled__2023-06-27T11:24:00+00:00/task_id=get_choice permission to 509
[2023-06-27T11:25:02.273+0000] {logging_mixin.py:149} INFO - Failed to change /opt/***/logs/dag_id=2_Test_Badge_5_Loop/run_id=scheduled__2023-06-27T11:24:00+00:00/task_id=get_choice permission to 509: [Errno 1] Operation not permitted: '/opt/***/logs/dag_id=2_Test_Badge_5_Loop/run_id=scheduled__2023-06-27T11:24:00+00:00/task_id=get_choice'
[2023-06-27T11:25:02.317+0000] {logging_mixin.py:149} INFO - Changing /opt/***/logs/dag_id=2_Test_Badge_5_Loop/run_id=scheduled__2023-06-27T11:24:00+00:00/task_id=get_choice permission to 509
[2023-06-27T11:25:02.319+0000] {logging_mixin.py:149} INFO - Failed to change /opt/***/logs/dag_id=2_Test_Badge_5_Loop/run_id=scheduled__2023-06-27T11:24:00+00:00/task_id=get_choice permission to 509: [Errno 1] Operation not permitted: '/opt/***/logs/dag_id=2_Test_Badge_5_Loop/run_id=scheduled__2023-06-27T11:24:00+00:00/task_id=get_choice'
[2023-06-27T11:25:02.502+0000] {taskinstance.py:1103} INFO - Dependencies all met for dep_context=non-requeueable deps ti=<TaskInstance: 2_Test_Badge_5_Loop.get_choice scheduled__2023-06-27T11:24:00+00:00 [queued]>
[2023-06-27T11:25:02.513+0000] {taskinstance.py:1103} INFO - Dependencies all met for dep_context=requeueable deps ti=<TaskInstance: 2_Test_Badge_5_Loop.get_choice scheduled__2023-06-27T11:24:00+00:00 [queued]>
[2023-06-27T11:25:02.514+0000] {taskinstance.py:1308} INFO - Starting attempt 1 of 1
[2023-06-27T11:25:02.532+0000] {taskinstance.py:1327} INFO - Executing <Task(BashOperator): get_choice> on 2023-06-27 11:24:00+00:00
[2023-06-27T11:25:02.538+0000] {standard_task_runner.py:57} INFO - Started process 678 to run task
[2023-06-27T11:25:02.543+0000] {standard_task_runner.py:84} INFO - Running: ['***', 'tasks', 'run', '2_Test_Badge_5_Loop', 'get_choice', 'scheduled__2023-06-27T11:24:00+00:00', '--job-id', '256', '--raw', '--subdir', 'DAGS_FOLDER/test.py', '--cfg-path', '/tmp/tmp7q9snlif']
[2023-06-27T11:25:02.548+0000] {standard_task_runner.py:85} INFO - Job 256: Subtask get_choice
[2023-06-27T11:25:02.611+0000] {logging_mixin.py:149} INFO - Changing /opt/***/logs/dag_id=2_Test_Badge_5_Loop/run_id=scheduled__2023-06-27T11:24:00+00:00/task_id=get_choice permission to 509
[2023-06-27T11:25:02.612+0000] {logging_mixin.py:149} INFO - Failed to change /opt/***/logs/dag_id=2_Test_Badge_5_Loop/run_id=scheduled__2023-06-27T11:24:00+00:00/task_id=get_choice permission to 509: [Errno 1] Operation not permitted: '/opt/***/logs/dag_id=2_Test_Badge_5_Loop/run_id=scheduled__2023-06-27T11:24:00+00:00/task_id=get_choice'
[2023-06-27T11:25:02.615+0000] {task_command.py:410} INFO - Running <TaskInstance: 2_Test_Badge_5_Loop.get_choice scheduled__2023-06-27T11:24:00+00:00 [running]> on host fdcb641f4a74
[2023-06-27T11:25:02.762+0000] {taskinstance.py:1547} INFO - Exporting env vars: AIRFLOW_CTX_DAG_OWNER='***' AIRFLOW_CTX_DAG_ID='2_Test_Badge_5_Loop' AIRFLOW_CTX_TASK_ID='get_choice' AIRFLOW_CTX_EXECUTION_DATE='2023-06-27T11:24:00+00:00' AIRFLOW_CTX_TRY_NUMBER='1' AIRFLOW_CTX_DAG_RUN_ID='scheduled__2023-06-27T11:24:00+00:00'
[2023-06-27T11:25:02.766+0000] {subprocess.py:63} INFO - Tmp dir root location: 
 /tmp
[2023-06-27T11:25:02.767+0000] {subprocess.py:75} INFO - Running command: ['/bin/bash', '-c', 'cd /dbt && dbt run-operation get_stream_value --args \'{                            "stream_name": "ed_cdc_stream",                             "dry_run": false}\'']
[2023-06-27T11:25:02.781+0000] {subprocess.py:86} INFO - Output:
[2023-06-27T11:25:06.979+0000] {subprocess.py:93} INFO - [0m11:25:06  Running with dbt=1.5.1
[2023-06-27T11:25:11.239+0000] {subprocess.py:93} INFO - [0m11:25:11  Found 2 models, 0 tests, 0 snapshots, 0 analyses, 456 macros, 0 operations, 1 seed file, 0 sources, 0 exposures, 0 metrics, 0 groups
[2023-06-27T11:25:12.198+0000] {subprocess.py:93} INFO - [0m11:25:12  Encountered an error while running operation: Database Error
[2023-06-27T11:25:12.199+0000] {subprocess.py:93} INFO -   001046 (22023): SQL compilation error:
[2023-06-27T11:25:12.275+0000] {subprocess.py:93} INFO -   Invalid value ['ed_cdc_stream'] for function 'SYSTEM$STREAM_HAS_DATA', parameter 1: must be a valid stream name
[2023-06-27T11:25:12.973+0000] {subprocess.py:97} INFO - Command exited with return code 1
[2023-06-27T11:25:12.986+0000] {taskinstance.py:1824} ERROR - Task failed with exception
Traceback (most recent call last):
  File "/home/airflow/.local/lib/python3.7/site-packages/airflow/operators/bash.py", line 211, in execute
    f"Bash command failed. The command returned a non-zero exit code {result.exit_code}."
airflow.exceptions.AirflowException: Bash command failed. The command returned a non-zero exit code 1.
[2023-06-27T11:25:12.990+0000] {taskinstance.py:1350} INFO - Marking task as FAILED. dag_id=2_Test_Badge_5_Loop, task_id=get_choice, execution_date=20230627T112400, start_date=20230627T112502, end_date=20230627T112512
[2023-06-27T11:25:13.004+0000] {standard_task_runner.py:109} ERROR - Failed to execute job 256 for task get_choice (Bash command failed. The command returned a non-zero exit code 1.; 678)
[2023-06-27T11:25:13.021+0000] {local_task_job_runner.py:225} INFO - Task exited with return code 1
[2023-06-27T11:25:13.052+0000] {taskinstance.py:2651} INFO - 0 downstream tasks scheduled from follow-on schedule check
