[2023-06-21T09:51:34.007+0000] {logging_mixin.py:149} INFO - Changing /opt/***/logs/dag_id=2_Test_Badge_5/run_id=manual__2023-06-21T09:51:31.567204+00:00/task_id=test_create_stage permission to 509
[2023-06-21T09:51:34.008+0000] {logging_mixin.py:149} INFO - Failed to change /opt/***/logs/dag_id=2_Test_Badge_5/run_id=manual__2023-06-21T09:51:31.567204+00:00/task_id=test_create_stage permission to 509: [Errno 1] Operation not permitted: '/opt/***/logs/dag_id=2_Test_Badge_5/run_id=manual__2023-06-21T09:51:31.567204+00:00/task_id=test_create_stage'
[2023-06-21T09:51:34.153+0000] {logging_mixin.py:149} INFO - Changing /opt/***/logs/dag_id=2_Test_Badge_5/run_id=manual__2023-06-21T09:51:31.567204+00:00/task_id=test_create_stage permission to 509
[2023-06-21T09:51:34.154+0000] {logging_mixin.py:149} INFO - Failed to change /opt/***/logs/dag_id=2_Test_Badge_5/run_id=manual__2023-06-21T09:51:31.567204+00:00/task_id=test_create_stage permission to 509: [Errno 1] Operation not permitted: '/opt/***/logs/dag_id=2_Test_Badge_5/run_id=manual__2023-06-21T09:51:31.567204+00:00/task_id=test_create_stage'
[2023-06-21T09:51:34.189+0000] {taskinstance.py:1103} INFO - Dependencies all met for dep_context=non-requeueable deps ti=<TaskInstance: 2_Test_Badge_5.test_create_stage manual__2023-06-21T09:51:31.567204+00:00 [queued]>
[2023-06-21T09:51:34.198+0000] {taskinstance.py:1103} INFO - Dependencies all met for dep_context=requeueable deps ti=<TaskInstance: 2_Test_Badge_5.test_create_stage manual__2023-06-21T09:51:31.567204+00:00 [queued]>
[2023-06-21T09:51:34.199+0000] {taskinstance.py:1308} INFO - Starting attempt 1 of 1
[2023-06-21T09:51:34.211+0000] {taskinstance.py:1327} INFO - Executing <Task(BashOperator): test_create_stage> on 2023-06-21 09:51:31.567204+00:00
[2023-06-21T09:51:34.215+0000] {standard_task_runner.py:57} INFO - Started process 70 to run task
[2023-06-21T09:51:34.218+0000] {standard_task_runner.py:84} INFO - Running: ['***', 'tasks', 'run', '2_Test_Badge_5', 'test_create_stage', 'manual__2023-06-21T09:51:31.567204+00:00', '--job-id', '25', '--raw', '--subdir', 'DAGS_FOLDER/test.py', '--cfg-path', '/tmp/tmpb0mcbust']
[2023-06-21T09:51:34.220+0000] {standard_task_runner.py:85} INFO - Job 25: Subtask test_create_stage
[2023-06-21T09:51:34.271+0000] {logging_mixin.py:149} INFO - Changing /opt/***/logs/dag_id=2_Test_Badge_5/run_id=manual__2023-06-21T09:51:31.567204+00:00/task_id=test_create_stage permission to 509
[2023-06-21T09:51:34.272+0000] {logging_mixin.py:149} INFO - Failed to change /opt/***/logs/dag_id=2_Test_Badge_5/run_id=manual__2023-06-21T09:51:31.567204+00:00/task_id=test_create_stage permission to 509: [Errno 1] Operation not permitted: '/opt/***/logs/dag_id=2_Test_Badge_5/run_id=manual__2023-06-21T09:51:31.567204+00:00/task_id=test_create_stage'
[2023-06-21T09:51:34.274+0000] {task_command.py:410} INFO - Running <TaskInstance: 2_Test_Badge_5.test_create_stage manual__2023-06-21T09:51:31.567204+00:00 [running]> on host 374c8955c584
[2023-06-21T09:51:34.386+0000] {taskinstance.py:1547} INFO - Exporting env vars: AIRFLOW_CTX_DAG_OWNER='***' AIRFLOW_CTX_DAG_ID='2_Test_Badge_5' AIRFLOW_CTX_TASK_ID='test_create_stage' AIRFLOW_CTX_EXECUTION_DATE='2023-06-21T09:51:31.567204+00:00' AIRFLOW_CTX_TRY_NUMBER='1' AIRFLOW_CTX_DAG_RUN_ID='manual__2023-06-21T09:51:31.567204+00:00'
[2023-06-21T09:51:34.388+0000] {subprocess.py:63} INFO - Tmp dir root location: 
 /tmp
[2023-06-21T09:51:34.388+0000] {subprocess.py:75} INFO - Running command: ['/bin/bash', '-c', 'cd /dbt && dbt run --models create_stage']
[2023-06-21T09:51:34.397+0000] {subprocess.py:86} INFO - Output:
[2023-06-21T09:51:37.444+0000] {subprocess.py:93} INFO - [0m09:51:37  Running with dbt=1.5.1
[2023-06-21T09:51:38.853+0000] {subprocess.py:93} INFO - [0m09:51:38  [[33mWARNING[0m]: Configuration paths exist in your dbt_project.yml file which do not apply to any resources.
[2023-06-21T09:51:38.854+0000] {subprocess.py:93} INFO - There are 1 unused configuration paths:
[2023-06-21T09:51:38.854+0000] {subprocess.py:93} INFO - - models.badge_5.time_of_day
[2023-06-21T09:51:38.903+0000] {subprocess.py:93} INFO - [0m09:51:38  Found 1 model, 0 tests, 0 snapshots, 0 analyses, 324 macros, 0 operations, 1 seed file, 0 sources, 0 exposures, 0 metrics, 0 groups
[2023-06-21T09:51:38.906+0000] {subprocess.py:93} INFO - [0m09:51:38
[2023-06-21T09:51:40.604+0000] {subprocess.py:93} INFO - [0m09:51:40  Concurrency: 200 threads (target='dev')
[2023-06-21T09:51:40.605+0000] {subprocess.py:93} INFO - [0m09:51:40
[2023-06-21T09:51:40.643+0000] {subprocess.py:93} INFO - [0m09:51:40  1 of 1 START sql from_external_stage model ***.create_stage ................ [RUN]
[2023-06-21T09:51:40.698+0000] {subprocess.py:93} INFO - [0m09:51:40  1 of 1 ERROR creating sql from_external_stage model ***.create_stage ....... [[31mERROR[0m in 0.05s]
[2023-06-21T09:51:40.763+0000] {subprocess.py:93} INFO - [0m09:51:40
[2023-06-21T09:51:40.764+0000] {subprocess.py:93} INFO - [0m09:51:40  Finished running 1 from_external_stage model in 0 hours 0 minutes and 1.86 seconds (1.86s).
[2023-06-21T09:51:40.784+0000] {subprocess.py:93} INFO - [0m09:51:40
[2023-06-21T09:51:40.786+0000] {subprocess.py:93} INFO - [0m09:51:40  [31mCompleted with 1 error and 0 warnings:[0m
[2023-06-21T09:51:40.787+0000] {subprocess.py:93} INFO - [0m09:51:40
[2023-06-21T09:51:40.788+0000] {subprocess.py:93} INFO - [0m09:51:40  [33mCompilation Error in model create_stage (models/create_stage/create_stage.sql)[0m
[2023-06-21T09:51:40.789+0000] {subprocess.py:93} INFO - [0m09:51:40    'namespace_stage_name' is undefined
[2023-06-21T09:51:40.790+0000] {subprocess.py:93} INFO - [0m09:51:40
[2023-06-21T09:51:40.791+0000] {subprocess.py:93} INFO - [0m09:51:40  Done. PASS=0 WARN=0 ERROR=1 SKIP=0 TOTAL=1
[2023-06-21T09:51:41.437+0000] {subprocess.py:97} INFO - Command exited with return code 1
[2023-06-21T09:51:41.446+0000] {taskinstance.py:1824} ERROR - Task failed with exception
Traceback (most recent call last):
  File "/home/airflow/.local/lib/python3.7/site-packages/airflow/operators/bash.py", line 211, in execute
    f"Bash command failed. The command returned a non-zero exit code {result.exit_code}."
airflow.exceptions.AirflowException: Bash command failed. The command returned a non-zero exit code 1.
[2023-06-21T09:51:41.449+0000] {taskinstance.py:1350} INFO - Marking task as FAILED. dag_id=2_Test_Badge_5, task_id=test_create_stage, execution_date=20230621T095131, start_date=20230621T095134, end_date=20230621T095141
[2023-06-21T09:51:41.463+0000] {standard_task_runner.py:109} ERROR - Failed to execute job 25 for task test_create_stage (Bash command failed. The command returned a non-zero exit code 1.; 70)
[2023-06-21T09:51:41.487+0000] {local_task_job_runner.py:225} INFO - Task exited with return code 1
[2023-06-21T09:51:41.501+0000] {taskinstance.py:2651} INFO - 0 downstream tasks scheduled from follow-on schedule check
