[2023-06-20T09:10:31.671+0000] {logging_mixin.py:149} INFO - Changing /opt/***/logs/dag_id=Badge_5/run_id=manual__2023-06-20T09:10:15.682153+00:00/task_id=create_stage permission to 509
[2023-06-20T09:10:31.672+0000] {logging_mixin.py:149} INFO - Failed to change /opt/***/logs/dag_id=Badge_5/run_id=manual__2023-06-20T09:10:15.682153+00:00/task_id=create_stage permission to 509: [Errno 1] Operation not permitted: '/opt/***/logs/dag_id=Badge_5/run_id=manual__2023-06-20T09:10:15.682153+00:00/task_id=create_stage'
[2023-06-20T09:10:31.701+0000] {logging_mixin.py:149} INFO - Changing /opt/***/logs/dag_id=Badge_5/run_id=manual__2023-06-20T09:10:15.682153+00:00/task_id=create_stage permission to 509
[2023-06-20T09:10:31.702+0000] {logging_mixin.py:149} INFO - Failed to change /opt/***/logs/dag_id=Badge_5/run_id=manual__2023-06-20T09:10:15.682153+00:00/task_id=create_stage permission to 509: [Errno 1] Operation not permitted: '/opt/***/logs/dag_id=Badge_5/run_id=manual__2023-06-20T09:10:15.682153+00:00/task_id=create_stage'
[2023-06-20T09:10:31.858+0000] {taskinstance.py:1103} INFO - Dependencies all met for dep_context=non-requeueable deps ti=<TaskInstance: Badge_5.create_stage manual__2023-06-20T09:10:15.682153+00:00 [queued]>
[2023-06-20T09:10:31.870+0000] {taskinstance.py:1103} INFO - Dependencies all met for dep_context=requeueable deps ti=<TaskInstance: Badge_5.create_stage manual__2023-06-20T09:10:15.682153+00:00 [queued]>
[2023-06-20T09:10:31.871+0000] {taskinstance.py:1308} INFO - Starting attempt 1 of 1
[2023-06-20T09:10:31.894+0000] {taskinstance.py:1327} INFO - Executing <Task(BashOperator): create_stage> on 2023-06-20 09:10:15.682153+00:00
[2023-06-20T09:10:31.899+0000] {standard_task_runner.py:57} INFO - Started process 296 to run task
[2023-06-20T09:10:31.903+0000] {standard_task_runner.py:84} INFO - Running: ['***', 'tasks', 'run', 'Badge_5', 'create_stage', 'manual__2023-06-20T09:10:15.682153+00:00', '--job-id', '14', '--raw', '--subdir', 'DAGS_FOLDER/init.py', '--cfg-path', '/tmp/tmpx2n9o9_w']
[2023-06-20T09:10:31.905+0000] {standard_task_runner.py:85} INFO - Job 14: Subtask create_stage
[2023-06-20T09:10:31.956+0000] {logging_mixin.py:149} INFO - Changing /opt/***/logs/dag_id=Badge_5/run_id=manual__2023-06-20T09:10:15.682153+00:00/task_id=create_stage permission to 509
[2023-06-20T09:10:31.957+0000] {logging_mixin.py:149} INFO - Failed to change /opt/***/logs/dag_id=Badge_5/run_id=manual__2023-06-20T09:10:15.682153+00:00/task_id=create_stage permission to 509: [Errno 1] Operation not permitted: '/opt/***/logs/dag_id=Badge_5/run_id=manual__2023-06-20T09:10:15.682153+00:00/task_id=create_stage'
[2023-06-20T09:10:31.959+0000] {task_command.py:410} INFO - Running <TaskInstance: Badge_5.create_stage manual__2023-06-20T09:10:15.682153+00:00 [running]> on host 79d4b5a39d3a
[2023-06-20T09:10:32.085+0000] {taskinstance.py:1547} INFO - Exporting env vars: AIRFLOW_CTX_DAG_OWNER='***' AIRFLOW_CTX_DAG_ID='Badge_5' AIRFLOW_CTX_TASK_ID='create_stage' AIRFLOW_CTX_EXECUTION_DATE='2023-06-20T09:10:15.682153+00:00' AIRFLOW_CTX_TRY_NUMBER='1' AIRFLOW_CTX_DAG_RUN_ID='manual__2023-06-20T09:10:15.682153+00:00'
[2023-06-20T09:10:32.087+0000] {subprocess.py:63} INFO - Tmp dir root location: 
 /tmp
[2023-06-20T09:10:32.088+0000] {subprocess.py:75} INFO - Running command: ['/bin/bash', '-c', 'cd /dbt && dbt run --models create_stage']
[2023-06-20T09:10:32.098+0000] {subprocess.py:86} INFO - Output:
[2023-06-20T09:10:35.363+0000] {subprocess.py:93} INFO - [0m09:10:35  Running with dbt=1.5.1
[2023-06-20T09:10:36.916+0000] {subprocess.py:93} INFO - [0m09:10:36  [[33mWARNING[0m]: Configuration paths exist in your dbt_project.yml file which do not apply to any resources.
[2023-06-20T09:10:36.917+0000] {subprocess.py:93} INFO - There are 1 unused configuration paths:
[2023-06-20T09:10:36.918+0000] {subprocess.py:93} INFO - - models.badge_5.time_of_day
[2023-06-20T09:10:37.068+0000] {subprocess.py:93} INFO - [0m09:10:37  Found 3 models, 4 tests, 0 snapshots, 0 analyses, 321 macros, 0 operations, 1 seed file, 0 sources, 0 exposures, 0 metrics, 0 groups
[2023-06-20T09:10:37.072+0000] {subprocess.py:93} INFO - [0m09:10:37
[2023-06-20T09:10:38.462+0000] {subprocess.py:93} INFO - [0m09:10:38  Concurrency: 200 threads (target='dev')
[2023-06-20T09:10:38.467+0000] {subprocess.py:93} INFO - [0m09:10:38
[2023-06-20T09:10:38.550+0000] {subprocess.py:93} INFO - [0m09:10:38  1 of 1 START sql view model ***.create_stage ............................... [RUN]
[2023-06-20T09:10:39.162+0000] {subprocess.py:93} INFO - [0m09:10:39  1 of 1 ERROR creating sql view model ***.create_stage ...................... [[31mERROR[0m in 0.61s]
[2023-06-20T09:10:39.298+0000] {subprocess.py:93} INFO - [0m09:10:39
[2023-06-20T09:10:39.300+0000] {subprocess.py:93} INFO - [0m09:10:39  Finished running 1 view model in 0 hours 0 minutes and 2.22 seconds (2.22s).
[2023-06-20T09:10:39.384+0000] {subprocess.py:93} INFO - [0m09:10:39
[2023-06-20T09:10:39.385+0000] {subprocess.py:93} INFO - [0m09:10:39  [31mCompleted with 1 error and 0 warnings:[0m
[2023-06-20T09:10:39.387+0000] {subprocess.py:93} INFO - [0m09:10:39
[2023-06-20T09:10:39.388+0000] {subprocess.py:93} INFO - [0m09:10:39  [33mDatabase Error in model create_stage (models/create_stage/create_stage.sql)[0m
[2023-06-20T09:10:39.389+0000] {subprocess.py:93} INFO - [0m09:10:39    001003 (42000): SQL compilation error:
[2023-06-20T09:10:39.391+0000] {subprocess.py:93} INFO - [0m09:10:39    syntax error line 4 at position 4 unexpected 'CREATE'.
[2023-06-20T09:10:39.392+0000] {subprocess.py:93} INFO - [0m09:10:39    compiled Code at target/run/badge_5/models/create_stage/create_stage.sql
[2023-06-20T09:10:39.394+0000] {subprocess.py:93} INFO - [0m09:10:39
[2023-06-20T09:10:39.395+0000] {subprocess.py:93} INFO - [0m09:10:39  Done. PASS=0 WARN=0 ERROR=1 SKIP=0 TOTAL=1
[2023-06-20T09:10:40.038+0000] {subprocess.py:97} INFO - Command exited with return code 1
[2023-06-20T09:10:40.050+0000] {taskinstance.py:1824} ERROR - Task failed with exception
Traceback (most recent call last):
  File "/home/airflow/.local/lib/python3.7/site-packages/airflow/operators/bash.py", line 211, in execute
    f"Bash command failed. The command returned a non-zero exit code {result.exit_code}."
airflow.exceptions.AirflowException: Bash command failed. The command returned a non-zero exit code 1.
[2023-06-20T09:10:40.054+0000] {taskinstance.py:1350} INFO - Marking task as FAILED. dag_id=Badge_5, task_id=create_stage, execution_date=20230620T091015, start_date=20230620T091031, end_date=20230620T091040
[2023-06-20T09:10:40.069+0000] {standard_task_runner.py:109} ERROR - Failed to execute job 14 for task create_stage (Bash command failed. The command returned a non-zero exit code 1.; 296)
[2023-06-20T09:10:40.109+0000] {local_task_job_runner.py:225} INFO - Task exited with return code 1
[2023-06-20T09:10:40.127+0000] {taskinstance.py:2651} INFO - 0 downstream tasks scheduled from follow-on schedule check
