[2023-06-27T08:41:20.945+0000] {logging_mixin.py:149} INFO - Changing /opt/***/logs/dag_id=2_Test_Badge_5_Loop/run_id=manual__2023-06-27T08:36:32.927180+00:00/task_id=create_select permission to 509
[2023-06-27T08:41:20.946+0000] {logging_mixin.py:149} INFO - Failed to change /opt/***/logs/dag_id=2_Test_Badge_5_Loop/run_id=manual__2023-06-27T08:36:32.927180+00:00/task_id=create_select permission to 509: [Errno 1] Operation not permitted: '/opt/***/logs/dag_id=2_Test_Badge_5_Loop/run_id=manual__2023-06-27T08:36:32.927180+00:00/task_id=create_select'
[2023-06-27T08:41:20.997+0000] {logging_mixin.py:149} INFO - Changing /opt/***/logs/dag_id=2_Test_Badge_5_Loop/run_id=manual__2023-06-27T08:36:32.927180+00:00/task_id=create_select permission to 509
[2023-06-27T08:41:20.998+0000] {logging_mixin.py:149} INFO - Failed to change /opt/***/logs/dag_id=2_Test_Badge_5_Loop/run_id=manual__2023-06-27T08:36:32.927180+00:00/task_id=create_select permission to 509: [Errno 1] Operation not permitted: '/opt/***/logs/dag_id=2_Test_Badge_5_Loop/run_id=manual__2023-06-27T08:36:32.927180+00:00/task_id=create_select'
[2023-06-27T08:41:21.376+0000] {taskinstance.py:1103} INFO - Dependencies all met for dep_context=non-requeueable deps ti=<TaskInstance: 2_Test_Badge_5_Loop.create_select manual__2023-06-27T08:36:32.927180+00:00 [queued]>
[2023-06-27T08:41:21.404+0000] {taskinstance.py:1103} INFO - Dependencies all met for dep_context=requeueable deps ti=<TaskInstance: 2_Test_Badge_5_Loop.create_select manual__2023-06-27T08:36:32.927180+00:00 [queued]>
[2023-06-27T08:41:21.406+0000] {taskinstance.py:1308} INFO - Starting attempt 1 of 1
[2023-06-27T08:41:21.446+0000] {taskinstance.py:1327} INFO - Executing <Task(BashOperator): create_select> on 2023-06-27 08:36:32.927180+00:00
[2023-06-27T08:41:21.461+0000] {standard_task_runner.py:57} INFO - Started process 829 to run task
[2023-06-27T08:41:21.471+0000] {standard_task_runner.py:84} INFO - Running: ['***', 'tasks', 'run', '2_Test_Badge_5_Loop', 'create_select', 'manual__2023-06-27T08:36:32.927180+00:00', '--job-id', '143', '--raw', '--subdir', 'DAGS_FOLDER/test.py', '--cfg-path', '/tmp/tmpn4mi6ogd']
[2023-06-27T08:41:21.476+0000] {standard_task_runner.py:85} INFO - Job 143: Subtask create_select
[2023-06-27T08:41:21.584+0000] {logging_mixin.py:149} INFO - Changing /opt/***/logs/dag_id=2_Test_Badge_5_Loop/run_id=manual__2023-06-27T08:36:32.927180+00:00/task_id=create_select permission to 509
[2023-06-27T08:41:21.584+0000] {logging_mixin.py:149} INFO - Failed to change /opt/***/logs/dag_id=2_Test_Badge_5_Loop/run_id=manual__2023-06-27T08:36:32.927180+00:00/task_id=create_select permission to 509: [Errno 1] Operation not permitted: '/opt/***/logs/dag_id=2_Test_Badge_5_Loop/run_id=manual__2023-06-27T08:36:32.927180+00:00/task_id=create_select'
[2023-06-27T08:41:21.588+0000] {task_command.py:410} INFO - Running <TaskInstance: 2_Test_Badge_5_Loop.create_select manual__2023-06-27T08:36:32.927180+00:00 [running]> on host 4d37da440d5c
[2023-06-27T08:41:21.925+0000] {taskinstance.py:1547} INFO - Exporting env vars: AIRFLOW_CTX_DAG_OWNER='***' AIRFLOW_CTX_DAG_ID='2_Test_Badge_5_Loop' AIRFLOW_CTX_TASK_ID='create_select' AIRFLOW_CTX_EXECUTION_DATE='2023-06-27T08:36:32.927180+00:00' AIRFLOW_CTX_TRY_NUMBER='1' AIRFLOW_CTX_DAG_RUN_ID='manual__2023-06-27T08:36:32.927180+00:00'
[2023-06-27T08:41:21.930+0000] {subprocess.py:63} INFO - Tmp dir root location: 
 /tmp
[2023-06-27T08:41:21.932+0000] {subprocess.py:75} INFO - Running command: ['/bin/bash', '-c', 'cd /dbt && dbt run --model select']
[2023-06-27T08:41:21.960+0000] {subprocess.py:86} INFO - Output:
[2023-06-27T08:41:34.438+0000] {subprocess.py:93} INFO - [0m08:41:34  Running with dbt=1.5.1
[2023-06-27T08:41:53.483+0000] {subprocess.py:93} INFO - [0m08:41:53  [[33mWARNING[0m]: Configuration paths exist in your dbt_project.yml file which do not apply to any resources.
[2023-06-27T08:41:53.486+0000] {subprocess.py:93} INFO - There are 2 unused configuration paths:
[2023-06-27T08:41:53.488+0000] {subprocess.py:93} INFO - - models.badge_5.create_stage
[2023-06-27T08:41:53.492+0000] {subprocess.py:93} INFO - - models.badge_5.time_of_day
[2023-06-27T08:41:53.709+0000] {subprocess.py:93} INFO - [0m08:41:53  Found 2 models, 0 tests, 0 snapshots, 0 analyses, 455 macros, 0 operations, 1 seed file, 0 sources, 0 exposures, 0 metrics, 0 groups
[2023-06-27T08:41:53.727+0000] {subprocess.py:93} INFO - [0m08:41:53
[2023-06-27T08:41:55.722+0000] {subprocess.py:93} INFO - [0m08:41:55  Concurrency: 200 threads (target='dev')
[2023-06-27T08:41:55.738+0000] {subprocess.py:93} INFO - [0m08:41:55
[2023-06-27T08:41:56.069+0000] {subprocess.py:93} INFO - [0m08:41:56  1 of 1 START sql view model ***.select ..................................... [RUN]
[2023-06-27T08:41:56.982+0000] {subprocess.py:93} INFO - [0m08:41:56  1 of 1 ERROR creating sql view model ***.select ............................ [[31mERROR[0m in 0.89s]
[2023-06-27T08:41:57.135+0000] {subprocess.py:93} INFO - [0m08:41:57
[2023-06-27T08:41:57.142+0000] {subprocess.py:93} INFO - [0m08:41:57  Finished running 1 view model in 0 hours 0 minutes and 3.40 seconds (3.40s).
[2023-06-27T08:41:57.250+0000] {subprocess.py:93} INFO - [0m08:41:57
[2023-06-27T08:41:57.253+0000] {subprocess.py:93} INFO - [0m08:41:57  [31mCompleted with 1 error and 0 warnings:[0m
[2023-06-27T08:41:57.256+0000] {subprocess.py:93} INFO - [0m08:41:57
[2023-06-27T08:41:57.261+0000] {subprocess.py:93} INFO - [0m08:41:57  [33mDatabase Error in model select (models/select/select.sql)[0m
[2023-06-27T08:41:57.266+0000] {subprocess.py:93} INFO - [0m08:41:57    001003 (42000): SQL compilation error:
[2023-06-27T08:41:57.274+0000] {subprocess.py:93} INFO - [0m08:41:57    syntax error line 1 at position 43 unexpected '.'.
[2023-06-27T08:41:57.280+0000] {subprocess.py:93} INFO - [0m08:41:57    compiled Code at target/run/badge_5/models/select/select.sql
[2023-06-27T08:41:57.292+0000] {subprocess.py:93} INFO - [0m08:41:57
[2023-06-27T08:41:57.304+0000] {subprocess.py:93} INFO - [0m08:41:57  Done. PASS=0 WARN=0 ERROR=1 SKIP=0 TOTAL=1
[2023-06-27T08:41:59.094+0000] {subprocess.py:97} INFO - Command exited with return code 1
[2023-06-27T08:41:59.181+0000] {taskinstance.py:1824} ERROR - Task failed with exception
Traceback (most recent call last):
  File "/home/airflow/.local/lib/python3.7/site-packages/airflow/operators/bash.py", line 211, in execute
    f"Bash command failed. The command returned a non-zero exit code {result.exit_code}."
airflow.exceptions.AirflowException: Bash command failed. The command returned a non-zero exit code 1.
[2023-06-27T08:41:59.193+0000] {taskinstance.py:1350} INFO - Marking task as FAILED. dag_id=2_Test_Badge_5_Loop, task_id=create_select, execution_date=20230627T083632, start_date=20230627T084121, end_date=20230627T084159
[2023-06-27T08:41:59.265+0000] {standard_task_runner.py:109} ERROR - Failed to execute job 143 for task create_select (Bash command failed. The command returned a non-zero exit code 1.; 829)
[2023-06-27T08:41:59.343+0000] {local_task_job_runner.py:225} INFO - Task exited with return code 1
[2023-06-27T08:41:59.411+0000] {taskinstance.py:2651} INFO - 0 downstream tasks scheduled from follow-on schedule check
