[2023-06-27T09:25:01.450+0000] {logging_mixin.py:149} INFO - Changing /opt/***/logs/dag_id=2_Test_Badge_5_Loop/run_id=scheduled__2023-06-27T09:20:00+00:00/task_id=create_select permission to 509
[2023-06-27T09:25:01.452+0000] {logging_mixin.py:149} INFO - Failed to change /opt/***/logs/dag_id=2_Test_Badge_5_Loop/run_id=scheduled__2023-06-27T09:20:00+00:00/task_id=create_select permission to 509: [Errno 1] Operation not permitted: '/opt/***/logs/dag_id=2_Test_Badge_5_Loop/run_id=scheduled__2023-06-27T09:20:00+00:00/task_id=create_select'
[2023-06-27T09:25:01.479+0000] {logging_mixin.py:149} INFO - Changing /opt/***/logs/dag_id=2_Test_Badge_5_Loop/run_id=scheduled__2023-06-27T09:20:00+00:00/task_id=create_select permission to 509
[2023-06-27T09:25:01.480+0000] {logging_mixin.py:149} INFO - Failed to change /opt/***/logs/dag_id=2_Test_Badge_5_Loop/run_id=scheduled__2023-06-27T09:20:00+00:00/task_id=create_select permission to 509: [Errno 1] Operation not permitted: '/opt/***/logs/dag_id=2_Test_Badge_5_Loop/run_id=scheduled__2023-06-27T09:20:00+00:00/task_id=create_select'
[2023-06-27T09:25:01.624+0000] {taskinstance.py:1103} INFO - Dependencies all met for dep_context=non-requeueable deps ti=<TaskInstance: 2_Test_Badge_5_Loop.create_select scheduled__2023-06-27T09:20:00+00:00 [queued]>
[2023-06-27T09:25:01.633+0000] {taskinstance.py:1103} INFO - Dependencies all met for dep_context=requeueable deps ti=<TaskInstance: 2_Test_Badge_5_Loop.create_select scheduled__2023-06-27T09:20:00+00:00 [queued]>
[2023-06-27T09:25:01.634+0000] {taskinstance.py:1308} INFO - Starting attempt 1 of 1
[2023-06-27T09:25:01.649+0000] {taskinstance.py:1327} INFO - Executing <Task(BashOperator): create_select> on 2023-06-27 09:20:00+00:00
[2023-06-27T09:25:01.654+0000] {standard_task_runner.py:57} INFO - Started process 14206 to run task
[2023-06-27T09:25:01.658+0000] {standard_task_runner.py:84} INFO - Running: ['***', 'tasks', 'run', '2_Test_Badge_5_Loop', 'create_select', 'scheduled__2023-06-27T09:20:00+00:00', '--job-id', '210', '--raw', '--subdir', 'DAGS_FOLDER/test.py', '--cfg-path', '/tmp/tmpaai_r2do']
[2023-06-27T09:25:01.660+0000] {standard_task_runner.py:85} INFO - Job 210: Subtask create_select
[2023-06-27T09:25:01.710+0000] {logging_mixin.py:149} INFO - Changing /opt/***/logs/dag_id=2_Test_Badge_5_Loop/run_id=scheduled__2023-06-27T09:20:00+00:00/task_id=create_select permission to 509
[2023-06-27T09:25:01.711+0000] {logging_mixin.py:149} INFO - Failed to change /opt/***/logs/dag_id=2_Test_Badge_5_Loop/run_id=scheduled__2023-06-27T09:20:00+00:00/task_id=create_select permission to 509: [Errno 1] Operation not permitted: '/opt/***/logs/dag_id=2_Test_Badge_5_Loop/run_id=scheduled__2023-06-27T09:20:00+00:00/task_id=create_select'
[2023-06-27T09:25:01.713+0000] {task_command.py:410} INFO - Running <TaskInstance: 2_Test_Badge_5_Loop.create_select scheduled__2023-06-27T09:20:00+00:00 [running]> on host 4d37da440d5c
[2023-06-27T09:25:01.829+0000] {taskinstance.py:1547} INFO - Exporting env vars: AIRFLOW_CTX_DAG_OWNER='***' AIRFLOW_CTX_DAG_ID='2_Test_Badge_5_Loop' AIRFLOW_CTX_TASK_ID='create_select' AIRFLOW_CTX_EXECUTION_DATE='2023-06-27T09:20:00+00:00' AIRFLOW_CTX_TRY_NUMBER='1' AIRFLOW_CTX_DAG_RUN_ID='scheduled__2023-06-27T09:20:00+00:00'
[2023-06-27T09:25:01.831+0000] {subprocess.py:63} INFO - Tmp dir root location: 
 /tmp
[2023-06-27T09:25:01.832+0000] {subprocess.py:75} INFO - Running command: ['/bin/bash', '-c', 'cd /dbt && dbt run --model select']
[2023-06-27T09:25:01.842+0000] {subprocess.py:86} INFO - Output:
[2023-06-27T09:25:04.648+0000] {subprocess.py:93} INFO - [0m09:25:04  Running with dbt=1.5.1
[2023-06-27T09:25:11.628+0000] {subprocess.py:93} INFO - [0m09:25:11  [[33mWARNING[0m]: Configuration paths exist in your dbt_project.yml file which do not apply to any resources.
[2023-06-27T09:25:11.628+0000] {subprocess.py:93} INFO - There are 2 unused configuration paths:
[2023-06-27T09:25:11.629+0000] {subprocess.py:93} INFO - - models.badge_5.create_stage
[2023-06-27T09:25:11.629+0000] {subprocess.py:93} INFO - - models.badge_5.time_of_day
[2023-06-27T09:25:11.699+0000] {subprocess.py:93} INFO - [0m09:25:11  Found 2 models, 0 tests, 0 snapshots, 0 analyses, 455 macros, 0 operations, 1 seed file, 0 sources, 0 exposures, 0 metrics, 0 groups
[2023-06-27T09:25:11.702+0000] {subprocess.py:93} INFO - [0m09:25:11
[2023-06-27T09:25:12.849+0000] {subprocess.py:93} INFO - [0m09:25:12  Concurrency: 200 threads (target='dev')
[2023-06-27T09:25:12.853+0000] {subprocess.py:93} INFO - [0m09:25:12
[2023-06-27T09:25:12.903+0000] {subprocess.py:93} INFO - [0m09:25:12  1 of 1 START sql table model ***.select .................................... [RUN]
[2023-06-27T09:25:13.643+0000] {subprocess.py:93} INFO - [0m09:25:13  1 of 1 ERROR creating sql table model ***.select ........................... [[31mERROR[0m in 0.74s]
[2023-06-27T09:25:13.746+0000] {subprocess.py:93} INFO - [0m09:25:13
[2023-06-27T09:25:13.747+0000] {subprocess.py:93} INFO - [0m09:25:13  Finished running 1 table model in 0 hours 0 minutes and 2.04 seconds (2.04s).
[2023-06-27T09:25:13.796+0000] {subprocess.py:93} INFO - [0m09:25:13
[2023-06-27T09:25:13.797+0000] {subprocess.py:93} INFO - [0m09:25:13  [31mCompleted with 1 error and 0 warnings:[0m
[2023-06-27T09:25:13.799+0000] {subprocess.py:93} INFO - [0m09:25:13
[2023-06-27T09:25:13.800+0000] {subprocess.py:93} INFO - [0m09:25:13  [33mDatabase Error in model select (models/select/select.sql)[0m
[2023-06-27T09:25:13.801+0000] {subprocess.py:93} INFO - [0m09:25:13    001003 (42000): SQL compilation error:
[2023-06-27T09:25:13.802+0000] {subprocess.py:93} INFO - [0m09:25:13    syntax error line 1 at position 52 unexpected '.'.
[2023-06-27T09:25:13.804+0000] {subprocess.py:93} INFO - [0m09:25:13    compiled Code at target/run/badge_5/models/select/select.sql
[2023-06-27T09:25:13.805+0000] {subprocess.py:93} INFO - [0m09:25:13
[2023-06-27T09:25:13.807+0000] {subprocess.py:93} INFO - [0m09:25:13  Done. PASS=0 WARN=0 ERROR=1 SKIP=0 TOTAL=1
[2023-06-27T09:25:14.484+0000] {subprocess.py:97} INFO - Command exited with return code 1
[2023-06-27T09:25:14.496+0000] {taskinstance.py:1824} ERROR - Task failed with exception
Traceback (most recent call last):
  File "/home/airflow/.local/lib/python3.7/site-packages/airflow/operators/bash.py", line 211, in execute
    f"Bash command failed. The command returned a non-zero exit code {result.exit_code}."
airflow.exceptions.AirflowException: Bash command failed. The command returned a non-zero exit code 1.
[2023-06-27T09:25:14.500+0000] {taskinstance.py:1350} INFO - Marking task as FAILED. dag_id=2_Test_Badge_5_Loop, task_id=create_select, execution_date=20230627T092000, start_date=20230627T092501, end_date=20230627T092514
[2023-06-27T09:25:14.516+0000] {standard_task_runner.py:109} ERROR - Failed to execute job 210 for task create_select (Bash command failed. The command returned a non-zero exit code 1.; 14206)
[2023-06-27T09:25:14.542+0000] {local_task_job_runner.py:225} INFO - Task exited with return code 1
[2023-06-27T09:25:14.555+0000] {taskinstance.py:2651} INFO - 0 downstream tasks scheduled from follow-on schedule check
