[2023-06-27T09:15:01.640+0000] {logging_mixin.py:149} INFO - Changing /opt/***/logs/dag_id=2_Test_Badge_5_Loop/run_id=scheduled__2023-06-27T09:10:00+00:00/task_id=create_select permission to 509
[2023-06-27T09:15:01.641+0000] {logging_mixin.py:149} INFO - Failed to change /opt/***/logs/dag_id=2_Test_Badge_5_Loop/run_id=scheduled__2023-06-27T09:10:00+00:00/task_id=create_select permission to 509: [Errno 1] Operation not permitted: '/opt/***/logs/dag_id=2_Test_Badge_5_Loop/run_id=scheduled__2023-06-27T09:10:00+00:00/task_id=create_select'
[2023-06-27T09:15:01.668+0000] {logging_mixin.py:149} INFO - Changing /opt/***/logs/dag_id=2_Test_Badge_5_Loop/run_id=scheduled__2023-06-27T09:10:00+00:00/task_id=create_select permission to 509
[2023-06-27T09:15:01.669+0000] {logging_mixin.py:149} INFO - Failed to change /opt/***/logs/dag_id=2_Test_Badge_5_Loop/run_id=scheduled__2023-06-27T09:10:00+00:00/task_id=create_select permission to 509: [Errno 1] Operation not permitted: '/opt/***/logs/dag_id=2_Test_Badge_5_Loop/run_id=scheduled__2023-06-27T09:10:00+00:00/task_id=create_select'
[2023-06-27T09:15:01.818+0000] {taskinstance.py:1103} INFO - Dependencies all met for dep_context=non-requeueable deps ti=<TaskInstance: 2_Test_Badge_5_Loop.create_select scheduled__2023-06-27T09:10:00+00:00 [queued]>
[2023-06-27T09:15:01.826+0000] {taskinstance.py:1103} INFO - Dependencies all met for dep_context=requeueable deps ti=<TaskInstance: 2_Test_Badge_5_Loop.create_select scheduled__2023-06-27T09:10:00+00:00 [queued]>
[2023-06-27T09:15:01.826+0000] {taskinstance.py:1308} INFO - Starting attempt 1 of 1
[2023-06-27T09:15:01.840+0000] {taskinstance.py:1327} INFO - Executing <Task(BashOperator): create_select> on 2023-06-27 09:10:00+00:00
[2023-06-27T09:15:01.845+0000] {standard_task_runner.py:57} INFO - Started process 13114 to run task
[2023-06-27T09:15:01.848+0000] {standard_task_runner.py:84} INFO - Running: ['***', 'tasks', 'run', '2_Test_Badge_5_Loop', 'create_select', 'scheduled__2023-06-27T09:10:00+00:00', '--job-id', '206', '--raw', '--subdir', 'DAGS_FOLDER/test.py', '--cfg-path', '/tmp/tmp5gd5hihl']
[2023-06-27T09:15:01.850+0000] {standard_task_runner.py:85} INFO - Job 206: Subtask create_select
[2023-06-27T09:15:01.900+0000] {logging_mixin.py:149} INFO - Changing /opt/***/logs/dag_id=2_Test_Badge_5_Loop/run_id=scheduled__2023-06-27T09:10:00+00:00/task_id=create_select permission to 509
[2023-06-27T09:15:01.900+0000] {logging_mixin.py:149} INFO - Failed to change /opt/***/logs/dag_id=2_Test_Badge_5_Loop/run_id=scheduled__2023-06-27T09:10:00+00:00/task_id=create_select permission to 509: [Errno 1] Operation not permitted: '/opt/***/logs/dag_id=2_Test_Badge_5_Loop/run_id=scheduled__2023-06-27T09:10:00+00:00/task_id=create_select'
[2023-06-27T09:15:01.903+0000] {task_command.py:410} INFO - Running <TaskInstance: 2_Test_Badge_5_Loop.create_select scheduled__2023-06-27T09:10:00+00:00 [running]> on host 4d37da440d5c
[2023-06-27T09:15:02.014+0000] {taskinstance.py:1547} INFO - Exporting env vars: AIRFLOW_CTX_DAG_OWNER='***' AIRFLOW_CTX_DAG_ID='2_Test_Badge_5_Loop' AIRFLOW_CTX_TASK_ID='create_select' AIRFLOW_CTX_EXECUTION_DATE='2023-06-27T09:10:00+00:00' AIRFLOW_CTX_TRY_NUMBER='1' AIRFLOW_CTX_DAG_RUN_ID='scheduled__2023-06-27T09:10:00+00:00'
[2023-06-27T09:15:02.016+0000] {subprocess.py:63} INFO - Tmp dir root location: 
 /tmp
[2023-06-27T09:15:02.017+0000] {subprocess.py:75} INFO - Running command: ['/bin/bash', '-c', 'cd /dbt && dbt run --model select']
[2023-06-27T09:15:02.025+0000] {subprocess.py:86} INFO - Output:
[2023-06-27T09:15:04.442+0000] {subprocess.py:93} INFO - [0m09:15:04  Running with dbt=1.5.1
[2023-06-27T09:15:10.879+0000] {subprocess.py:93} INFO - [0m09:15:10  [[33mWARNING[0m]: Configuration paths exist in your dbt_project.yml file which do not apply to any resources.
[2023-06-27T09:15:10.880+0000] {subprocess.py:93} INFO - There are 2 unused configuration paths:
[2023-06-27T09:15:10.880+0000] {subprocess.py:93} INFO - - models.badge_5.create_stage
[2023-06-27T09:15:10.881+0000] {subprocess.py:93} INFO - - models.badge_5.time_of_day
[2023-06-27T09:15:10.921+0000] {subprocess.py:93} INFO - [0m09:15:10  Found 2 models, 0 tests, 0 snapshots, 0 analyses, 455 macros, 0 operations, 1 seed file, 0 sources, 0 exposures, 0 metrics, 0 groups
[2023-06-27T09:15:10.924+0000] {subprocess.py:93} INFO - [0m09:15:10
[2023-06-27T09:15:12.418+0000] {subprocess.py:93} INFO - [0m09:15:12  Concurrency: 200 threads (target='dev')
[2023-06-27T09:15:12.420+0000] {subprocess.py:93} INFO - [0m09:15:12
[2023-06-27T09:15:12.471+0000] {subprocess.py:93} INFO - [0m09:15:12  1 of 1 START sql view model ***.select ..................................... [RUN]
[2023-06-27T09:15:13.043+0000] {subprocess.py:93} INFO - [0m09:15:13  1 of 1 ERROR creating sql view model ***.select ............................ [[31mERROR[0m in 0.57s]
[2023-06-27T09:15:13.098+0000] {subprocess.py:93} INFO - [0m09:15:13
[2023-06-27T09:15:13.100+0000] {subprocess.py:93} INFO - [0m09:15:13  Finished running 1 view model in 0 hours 0 minutes and 2.17 seconds (2.17s).
[2023-06-27T09:15:13.153+0000] {subprocess.py:93} INFO - [0m09:15:13
[2023-06-27T09:15:13.154+0000] {subprocess.py:93} INFO - [0m09:15:13  [31mCompleted with 1 error and 0 warnings:[0m
[2023-06-27T09:15:13.155+0000] {subprocess.py:93} INFO - [0m09:15:13
[2023-06-27T09:15:13.156+0000] {subprocess.py:93} INFO - [0m09:15:13  [33mDatabase Error in model select (models/select/select.sql)[0m
[2023-06-27T09:15:13.157+0000] {subprocess.py:93} INFO - [0m09:15:13    001003 (42000): SQL compilation error:
[2023-06-27T09:15:13.158+0000] {subprocess.py:93} INFO - [0m09:15:13    syntax error line 1 at position 43 unexpected '.'.
[2023-06-27T09:15:13.159+0000] {subprocess.py:93} INFO - [0m09:15:13    compiled Code at target/run/badge_5/models/select/select.sql
[2023-06-27T09:15:13.160+0000] {subprocess.py:93} INFO - [0m09:15:13
[2023-06-27T09:15:13.161+0000] {subprocess.py:93} INFO - [0m09:15:13  Done. PASS=0 WARN=0 ERROR=1 SKIP=0 TOTAL=1
[2023-06-27T09:15:13.796+0000] {subprocess.py:97} INFO - Command exited with return code 1
[2023-06-27T09:15:13.806+0000] {taskinstance.py:1824} ERROR - Task failed with exception
Traceback (most recent call last):
  File "/home/airflow/.local/lib/python3.7/site-packages/airflow/operators/bash.py", line 211, in execute
    f"Bash command failed. The command returned a non-zero exit code {result.exit_code}."
airflow.exceptions.AirflowException: Bash command failed. The command returned a non-zero exit code 1.
[2023-06-27T09:15:13.810+0000] {taskinstance.py:1350} INFO - Marking task as FAILED. dag_id=2_Test_Badge_5_Loop, task_id=create_select, execution_date=20230627T091000, start_date=20230627T091501, end_date=20230627T091513
[2023-06-27T09:15:13.824+0000] {standard_task_runner.py:109} ERROR - Failed to execute job 206 for task create_select (Bash command failed. The command returned a non-zero exit code 1.; 13114)
[2023-06-27T09:15:13.858+0000] {local_task_job_runner.py:225} INFO - Task exited with return code 1
[2023-06-27T09:15:13.874+0000] {taskinstance.py:2651} INFO - 0 downstream tasks scheduled from follow-on schedule check
