[2023-06-26T11:43:16.890+0000] {logging_mixin.py:149} INFO - Changing /opt/***/logs/dag_id=2_Test_Badge_5/run_id=manual__2023-06-26T11:35:41.515726+00:00/task_id=create_ed_pipeline_logs permission to 509
[2023-06-26T11:43:16.892+0000] {logging_mixin.py:149} INFO - Failed to change /opt/***/logs/dag_id=2_Test_Badge_5/run_id=manual__2023-06-26T11:35:41.515726+00:00/task_id=create_ed_pipeline_logs permission to 509: [Errno 1] Operation not permitted: '/opt/***/logs/dag_id=2_Test_Badge_5/run_id=manual__2023-06-26T11:35:41.515726+00:00/task_id=create_ed_pipeline_logs'
[2023-06-26T11:43:16.980+0000] {logging_mixin.py:149} INFO - Changing /opt/***/logs/dag_id=2_Test_Badge_5/run_id=manual__2023-06-26T11:35:41.515726+00:00/task_id=create_ed_pipeline_logs permission to 509
[2023-06-26T11:43:16.982+0000] {logging_mixin.py:149} INFO - Failed to change /opt/***/logs/dag_id=2_Test_Badge_5/run_id=manual__2023-06-26T11:35:41.515726+00:00/task_id=create_ed_pipeline_logs permission to 509: [Errno 1] Operation not permitted: '/opt/***/logs/dag_id=2_Test_Badge_5/run_id=manual__2023-06-26T11:35:41.515726+00:00/task_id=create_ed_pipeline_logs'
[2023-06-26T11:43:17.082+0000] {taskinstance.py:1103} INFO - Dependencies all met for dep_context=non-requeueable deps ti=<TaskInstance: 2_Test_Badge_5.create_ed_pipeline_logs manual__2023-06-26T11:35:41.515726+00:00 [queued]>
[2023-06-26T11:43:17.103+0000] {taskinstance.py:1103} INFO - Dependencies all met for dep_context=requeueable deps ti=<TaskInstance: 2_Test_Badge_5.create_ed_pipeline_logs manual__2023-06-26T11:35:41.515726+00:00 [queued]>
[2023-06-26T11:43:17.105+0000] {taskinstance.py:1308} INFO - Starting attempt 1 of 1
[2023-06-26T11:43:17.136+0000] {taskinstance.py:1327} INFO - Executing <Task(BashOperator): create_ed_pipeline_logs> on 2023-06-26 11:35:41.515726+00:00
[2023-06-26T11:43:17.147+0000] {standard_task_runner.py:57} INFO - Started process 70 to run task
[2023-06-26T11:43:17.157+0000] {standard_task_runner.py:84} INFO - Running: ['***', 'tasks', 'run', '2_Test_Badge_5', 'create_ed_pipeline_logs', 'manual__2023-06-26T11:35:41.515726+00:00', '--job-id', '110', '--raw', '--subdir', 'DAGS_FOLDER/test.py', '--cfg-path', '/tmp/tmpwnwitibt']
[2023-06-26T11:43:17.167+0000] {standard_task_runner.py:85} INFO - Job 110: Subtask create_ed_pipeline_logs
[2023-06-26T11:43:17.309+0000] {logging_mixin.py:149} INFO - Changing /opt/***/logs/dag_id=2_Test_Badge_5/run_id=manual__2023-06-26T11:35:41.515726+00:00/task_id=create_ed_pipeline_logs permission to 509
[2023-06-26T11:43:17.311+0000] {logging_mixin.py:149} INFO - Failed to change /opt/***/logs/dag_id=2_Test_Badge_5/run_id=manual__2023-06-26T11:35:41.515726+00:00/task_id=create_ed_pipeline_logs permission to 509: [Errno 1] Operation not permitted: '/opt/***/logs/dag_id=2_Test_Badge_5/run_id=manual__2023-06-26T11:35:41.515726+00:00/task_id=create_ed_pipeline_logs'
[2023-06-26T11:43:17.317+0000] {task_command.py:410} INFO - Running <TaskInstance: 2_Test_Badge_5.create_ed_pipeline_logs manual__2023-06-26T11:35:41.515726+00:00 [running]> on host 218da83420ad
[2023-06-26T11:43:17.686+0000] {taskinstance.py:1547} INFO - Exporting env vars: AIRFLOW_CTX_DAG_OWNER='***' AIRFLOW_CTX_DAG_ID='2_Test_Badge_5' AIRFLOW_CTX_TASK_ID='create_ed_pipeline_logs' AIRFLOW_CTX_EXECUTION_DATE='2023-06-26T11:35:41.515726+00:00' AIRFLOW_CTX_TRY_NUMBER='1' AIRFLOW_CTX_DAG_RUN_ID='manual__2023-06-26T11:35:41.515726+00:00'
[2023-06-26T11:43:17.692+0000] {subprocess.py:63} INFO - Tmp dir root location: 
 /tmp
[2023-06-26T11:43:17.694+0000] {subprocess.py:75} INFO - Running command: ['/bin/bash', '-c', 'cd /dbt &&             dbt run --model ed_pipeline_logs']
[2023-06-26T11:43:17.719+0000] {subprocess.py:86} INFO - Output:
[2023-06-26T11:43:24.345+0000] {subprocess.py:93} INFO - [0m11:43:24  Running with dbt=1.5.1
[2023-06-26T11:43:41.794+0000] {subprocess.py:93} INFO - [0m11:43:41  [[33mWARNING[0m]: Configuration paths exist in your dbt_project.yml file which do not apply to any resources.
[2023-06-26T11:43:41.797+0000] {subprocess.py:93} INFO - There are 2 unused configuration paths:
[2023-06-26T11:43:41.799+0000] {subprocess.py:93} INFO - - models.badge_5.create_stage
[2023-06-26T11:43:41.801+0000] {subprocess.py:93} INFO - - models.badge_5.time_of_day
[2023-06-26T11:43:42.414+0000] {subprocess.py:93} INFO - [0m11:43:42  Found 1 model, 0 tests, 0 snapshots, 0 analyses, 455 macros, 0 operations, 1 seed file, 0 sources, 0 exposures, 0 metrics, 0 groups
[2023-06-26T11:43:42.420+0000] {subprocess.py:93} INFO - [0m11:43:42
[2023-06-26T11:43:45.640+0000] {subprocess.py:93} INFO - [0m11:43:45  Concurrency: 200 threads (target='dev')
[2023-06-26T11:43:45.644+0000] {subprocess.py:93} INFO - [0m11:43:45
[2023-06-26T11:43:45.933+0000] {subprocess.py:93} INFO - [0m11:43:45  1 of 1 START sql table model ***.ed_pipeline_logs .......................... [RUN]
[2023-06-26T11:43:47.516+0000] {subprocess.py:93} INFO - [0m11:43:47  1 of 1 ERROR creating sql table model ***.ed_pipeline_logs ................. [[31mERROR[0m in 1.57s]
[2023-06-26T11:43:47.593+0000] {subprocess.py:93} INFO - [0m11:43:47
[2023-06-26T11:43:47.598+0000] {subprocess.py:93} INFO - [0m11:43:47  Finished running 1 table model in 0 hours 0 minutes and 5.17 seconds (5.17s).
[2023-06-26T11:43:47.795+0000] {subprocess.py:93} INFO - [0m11:43:47
[2023-06-26T11:43:47.798+0000] {subprocess.py:93} INFO - [0m11:43:47  [31mCompleted with 1 error and 0 warnings:[0m
[2023-06-26T11:43:47.801+0000] {subprocess.py:93} INFO - [0m11:43:47
[2023-06-26T11:43:47.803+0000] {subprocess.py:93} INFO - [0m11:43:47  [33mDatabase Error in model ed_pipeline_logs (models/ed_pipeline_logs/ed_pipeline_logs.sql)[0m
[2023-06-26T11:43:47.806+0000] {subprocess.py:93} INFO - [0m11:43:47    002003 (02000): SQL compilation error:
[2023-06-26T11:43:47.809+0000] {subprocess.py:93} INFO - [0m11:43:47    Stage 'MTENAUD_DB.AIRFLOW.UNI_KISHORE_PIPELINE' does not exist or not authorized.
[2023-06-26T11:43:47.811+0000] {subprocess.py:93} INFO - [0m11:43:47    compiled Code at target/run/badge_5/models/ed_pipeline_logs/ed_pipeline_logs.sql
[2023-06-26T11:43:47.812+0000] {subprocess.py:93} INFO - [0m11:43:47
[2023-06-26T11:43:47.814+0000] {subprocess.py:93} INFO - [0m11:43:47  Done. PASS=0 WARN=0 ERROR=1 SKIP=0 TOTAL=1
[2023-06-26T11:43:48.783+0000] {subprocess.py:97} INFO - Command exited with return code 1
[2023-06-26T11:43:48.801+0000] {taskinstance.py:1824} ERROR - Task failed with exception
Traceback (most recent call last):
  File "/home/airflow/.local/lib/python3.7/site-packages/airflow/operators/bash.py", line 211, in execute
    f"Bash command failed. The command returned a non-zero exit code {result.exit_code}."
airflow.exceptions.AirflowException: Bash command failed. The command returned a non-zero exit code 1.
[2023-06-26T11:43:48.807+0000] {taskinstance.py:1350} INFO - Marking task as FAILED. dag_id=2_Test_Badge_5, task_id=create_ed_pipeline_logs, execution_date=20230626T113541, start_date=20230626T114317, end_date=20230626T114348
[2023-06-26T11:43:48.828+0000] {standard_task_runner.py:109} ERROR - Failed to execute job 110 for task create_ed_pipeline_logs (Bash command failed. The command returned a non-zero exit code 1.; 70)
[2023-06-26T11:43:48.866+0000] {local_task_job_runner.py:225} INFO - Task exited with return code 1
[2023-06-26T11:43:48.910+0000] {taskinstance.py:2651} INFO - 0 downstream tasks scheduled from follow-on schedule check
