[2023-06-27T08:41:28.741+0000] {logging_mixin.py:149} INFO - Changing /opt/***/logs/dag_id=2_Test_Badge_5_Loop/run_id=scheduled__2023-06-27T01:10:00+00:00/task_id=create_select permission to 509
[2023-06-27T08:41:28.743+0000] {logging_mixin.py:149} INFO - Failed to change /opt/***/logs/dag_id=2_Test_Badge_5_Loop/run_id=scheduled__2023-06-27T01:10:00+00:00/task_id=create_select permission to 509: [Errno 1] Operation not permitted: '/opt/***/logs/dag_id=2_Test_Badge_5_Loop/run_id=scheduled__2023-06-27T01:10:00+00:00/task_id=create_select'
[2023-06-27T08:41:28.856+0000] {logging_mixin.py:149} INFO - Changing /opt/***/logs/dag_id=2_Test_Badge_5_Loop/run_id=scheduled__2023-06-27T01:10:00+00:00/task_id=create_select permission to 509
[2023-06-27T08:41:28.858+0000] {logging_mixin.py:149} INFO - Failed to change /opt/***/logs/dag_id=2_Test_Badge_5_Loop/run_id=scheduled__2023-06-27T01:10:00+00:00/task_id=create_select permission to 509: [Errno 1] Operation not permitted: '/opt/***/logs/dag_id=2_Test_Badge_5_Loop/run_id=scheduled__2023-06-27T01:10:00+00:00/task_id=create_select'
[2023-06-27T08:41:29.569+0000] {taskinstance.py:1103} INFO - Dependencies all met for dep_context=non-requeueable deps ti=<TaskInstance: 2_Test_Badge_5_Loop.create_select scheduled__2023-06-27T01:10:00+00:00 [queued]>
[2023-06-27T08:41:29.610+0000] {taskinstance.py:1103} INFO - Dependencies all met for dep_context=requeueable deps ti=<TaskInstance: 2_Test_Badge_5_Loop.create_select scheduled__2023-06-27T01:10:00+00:00 [queued]>
[2023-06-27T08:41:29.612+0000] {taskinstance.py:1308} INFO - Starting attempt 1 of 1
[2023-06-27T08:41:29.660+0000] {taskinstance.py:1327} INFO - Executing <Task(BashOperator): create_select> on 2023-06-27 01:10:00+00:00
[2023-06-27T08:41:29.689+0000] {standard_task_runner.py:57} INFO - Started process 874 to run task
[2023-06-27T08:41:29.752+0000] {standard_task_runner.py:84} INFO - Running: ['***', 'tasks', 'run', '2_Test_Badge_5_Loop', 'create_select', 'scheduled__2023-06-27T01:10:00+00:00', '--job-id', '157', '--raw', '--subdir', 'DAGS_FOLDER/test.py', '--cfg-path', '/tmp/tmp_zpuipl9']
[2023-06-27T08:41:29.766+0000] {standard_task_runner.py:85} INFO - Job 157: Subtask create_select
[2023-06-27T08:41:30.019+0000] {logging_mixin.py:149} INFO - Changing /opt/***/logs/dag_id=2_Test_Badge_5_Loop/run_id=scheduled__2023-06-27T01:10:00+00:00/task_id=create_select permission to 509
[2023-06-27T08:41:30.020+0000] {logging_mixin.py:149} INFO - Failed to change /opt/***/logs/dag_id=2_Test_Badge_5_Loop/run_id=scheduled__2023-06-27T01:10:00+00:00/task_id=create_select permission to 509: [Errno 1] Operation not permitted: '/opt/***/logs/dag_id=2_Test_Badge_5_Loop/run_id=scheduled__2023-06-27T01:10:00+00:00/task_id=create_select'
[2023-06-27T08:41:30.024+0000] {task_command.py:410} INFO - Running <TaskInstance: 2_Test_Badge_5_Loop.create_select scheduled__2023-06-27T01:10:00+00:00 [running]> on host 4d37da440d5c
[2023-06-27T08:41:30.467+0000] {taskinstance.py:1547} INFO - Exporting env vars: AIRFLOW_CTX_DAG_OWNER='***' AIRFLOW_CTX_DAG_ID='2_Test_Badge_5_Loop' AIRFLOW_CTX_TASK_ID='create_select' AIRFLOW_CTX_EXECUTION_DATE='2023-06-27T01:10:00+00:00' AIRFLOW_CTX_TRY_NUMBER='1' AIRFLOW_CTX_DAG_RUN_ID='scheduled__2023-06-27T01:10:00+00:00'
[2023-06-27T08:41:30.474+0000] {subprocess.py:63} INFO - Tmp dir root location: 
 /tmp
[2023-06-27T08:41:30.476+0000] {subprocess.py:75} INFO - Running command: ['/bin/bash', '-c', 'cd /dbt && dbt run --model select']
[2023-06-27T08:41:30.534+0000] {subprocess.py:86} INFO - Output:
[2023-06-27T08:41:43.058+0000] {subprocess.py:93} INFO - [0m08:41:43  Running with dbt=1.5.1
[2023-06-27T08:42:00.938+0000] {subprocess.py:93} INFO - [0m08:42:00  [[33mWARNING[0m]: Configuration paths exist in your dbt_project.yml file which do not apply to any resources.
[2023-06-27T08:42:00.939+0000] {subprocess.py:93} INFO - There are 2 unused configuration paths:
[2023-06-27T08:42:00.940+0000] {subprocess.py:93} INFO - - models.badge_5.create_stage
[2023-06-27T08:42:00.941+0000] {subprocess.py:93} INFO - - models.badge_5.time_of_day
[2023-06-27T08:42:01.018+0000] {subprocess.py:93} INFO - [0m08:42:01  Found 2 models, 0 tests, 0 snapshots, 0 analyses, 455 macros, 0 operations, 1 seed file, 0 sources, 0 exposures, 0 metrics, 0 groups
[2023-06-27T08:42:01.025+0000] {subprocess.py:93} INFO - [0m08:42:01
[2023-06-27T08:42:02.199+0000] {subprocess.py:93} INFO - [0m08:42:02  Concurrency: 200 threads (target='dev')
[2023-06-27T08:42:02.201+0000] {subprocess.py:93} INFO - [0m08:42:02
[2023-06-27T08:42:02.288+0000] {subprocess.py:93} INFO - [0m08:42:02  1 of 1 START sql view model ***.select ..................................... [RUN]
[2023-06-27T08:42:02.837+0000] {subprocess.py:93} INFO - [0m08:42:02  1 of 1 ERROR creating sql view model ***.select ............................ [[31mERROR[0m in 0.55s]
[2023-06-27T08:42:02.918+0000] {subprocess.py:93} INFO - [0m08:42:02
[2023-06-27T08:42:02.921+0000] {subprocess.py:93} INFO - [0m08:42:02  Finished running 1 view model in 0 hours 0 minutes and 1.89 seconds (1.89s).
[2023-06-27T08:42:02.993+0000] {subprocess.py:93} INFO - [0m08:42:02
[2023-06-27T08:42:02.995+0000] {subprocess.py:93} INFO - [0m08:42:02  [31mCompleted with 1 error and 0 warnings:[0m
[2023-06-27T08:42:02.996+0000] {subprocess.py:93} INFO - [0m08:42:02
[2023-06-27T08:42:02.998+0000] {subprocess.py:93} INFO - [0m08:42:02  [33mDatabase Error in model select (models/select/select.sql)[0m
[2023-06-27T08:42:03.000+0000] {subprocess.py:93} INFO - [0m08:42:03    001003 (42000): SQL compilation error:
[2023-06-27T08:42:03.003+0000] {subprocess.py:93} INFO - [0m08:42:03    syntax error line 1 at position 43 unexpected '.'.
[2023-06-27T08:42:03.005+0000] {subprocess.py:93} INFO - [0m08:42:03    compiled Code at target/run/badge_5/models/select/select.sql
[2023-06-27T08:42:03.007+0000] {subprocess.py:93} INFO - [0m08:42:03
[2023-06-27T08:42:03.010+0000] {subprocess.py:93} INFO - [0m08:42:03  Done. PASS=0 WARN=0 ERROR=1 SKIP=0 TOTAL=1
[2023-06-27T08:42:03.765+0000] {subprocess.py:97} INFO - Command exited with return code 1
[2023-06-27T08:42:03.778+0000] {taskinstance.py:1824} ERROR - Task failed with exception
Traceback (most recent call last):
  File "/home/airflow/.local/lib/python3.7/site-packages/airflow/operators/bash.py", line 211, in execute
    f"Bash command failed. The command returned a non-zero exit code {result.exit_code}."
airflow.exceptions.AirflowException: Bash command failed. The command returned a non-zero exit code 1.
[2023-06-27T08:42:03.782+0000] {taskinstance.py:1350} INFO - Marking task as FAILED. dag_id=2_Test_Badge_5_Loop, task_id=create_select, execution_date=20230627T011000, start_date=20230627T084129, end_date=20230627T084203
[2023-06-27T08:42:03.797+0000] {standard_task_runner.py:109} ERROR - Failed to execute job 157 for task create_select (Bash command failed. The command returned a non-zero exit code 1.; 874)
[2023-06-27T08:42:03.826+0000] {local_task_job_runner.py:225} INFO - Task exited with return code 1
[2023-06-27T08:42:03.845+0000] {taskinstance.py:2651} INFO - 0 downstream tasks scheduled from follow-on schedule check
[2023-06-27T08:54:42.889+0000] {logging_mixin.py:149} INFO - Changing /opt/***/logs/dag_id=2_Test_Badge_5_Loop/run_id=scheduled__2023-06-27T01:10:00+00:00/task_id=create_select permission to 509
[2023-06-27T08:54:42.907+0000] {logging_mixin.py:149} INFO - Failed to change /opt/***/logs/dag_id=2_Test_Badge_5_Loop/run_id=scheduled__2023-06-27T01:10:00+00:00/task_id=create_select permission to 509: [Errno 1] Operation not permitted: '/opt/***/logs/dag_id=2_Test_Badge_5_Loop/run_id=scheduled__2023-06-27T01:10:00+00:00/task_id=create_select'
[2023-06-27T08:54:43.051+0000] {logging_mixin.py:149} INFO - Changing /opt/***/logs/dag_id=2_Test_Badge_5_Loop/run_id=scheduled__2023-06-27T01:10:00+00:00/task_id=create_select permission to 509
[2023-06-27T08:54:43.052+0000] {logging_mixin.py:149} INFO - Failed to change /opt/***/logs/dag_id=2_Test_Badge_5_Loop/run_id=scheduled__2023-06-27T01:10:00+00:00/task_id=create_select permission to 509: [Errno 1] Operation not permitted: '/opt/***/logs/dag_id=2_Test_Badge_5_Loop/run_id=scheduled__2023-06-27T01:10:00+00:00/task_id=create_select'
[2023-06-27T08:54:43.215+0000] {taskinstance.py:1103} INFO - Dependencies all met for dep_context=non-requeueable deps ti=<TaskInstance: 2_Test_Badge_5_Loop.create_select scheduled__2023-06-27T01:10:00+00:00 [queued]>
[2023-06-27T08:54:44.776+0000] {taskinstance.py:1103} INFO - Dependencies all met for dep_context=requeueable deps ti=<TaskInstance: 2_Test_Badge_5_Loop.create_select scheduled__2023-06-27T01:10:00+00:00 [queued]>
[2023-06-27T08:54:44.778+0000] {taskinstance.py:1308} INFO - Starting attempt 1 of 1
[2023-06-27T08:54:45.181+0000] {taskinstance.py:1327} INFO - Executing <Task(BashOperator): create_select> on 2023-06-27 01:10:00+00:00
[2023-06-27T08:54:45.193+0000] {standard_task_runner.py:57} INFO - Started process 8696 to run task
[2023-06-27T08:54:45.217+0000] {standard_task_runner.py:84} INFO - Running: ['***', 'tasks', 'run', '2_Test_Badge_5_Loop', 'create_select', 'scheduled__2023-06-27T01:10:00+00:00', '--job-id', '196', '--raw', '--subdir', 'DAGS_FOLDER/test.py', '--cfg-path', '/tmp/tmpsjzl__t9']
[2023-06-27T08:54:45.232+0000] {standard_task_runner.py:85} INFO - Job 196: Subtask create_select
[2023-06-27T08:54:45.517+0000] {logging_mixin.py:149} INFO - Changing /opt/***/logs/dag_id=2_Test_Badge_5_Loop/run_id=scheduled__2023-06-27T01:10:00+00:00/task_id=create_select permission to 509
[2023-06-27T08:54:45.522+0000] {logging_mixin.py:149} INFO - Failed to change /opt/***/logs/dag_id=2_Test_Badge_5_Loop/run_id=scheduled__2023-06-27T01:10:00+00:00/task_id=create_select permission to 509: [Errno 1] Operation not permitted: '/opt/***/logs/dag_id=2_Test_Badge_5_Loop/run_id=scheduled__2023-06-27T01:10:00+00:00/task_id=create_select'
[2023-06-27T08:54:45.530+0000] {task_command.py:410} INFO - Running <TaskInstance: 2_Test_Badge_5_Loop.create_select scheduled__2023-06-27T01:10:00+00:00 [running]> on host 4d37da440d5c
[2023-06-27T08:54:45.996+0000] {taskinstance.py:1547} INFO - Exporting env vars: AIRFLOW_CTX_DAG_OWNER='***' AIRFLOW_CTX_DAG_ID='2_Test_Badge_5_Loop' AIRFLOW_CTX_TASK_ID='create_select' AIRFLOW_CTX_EXECUTION_DATE='2023-06-27T01:10:00+00:00' AIRFLOW_CTX_TRY_NUMBER='1' AIRFLOW_CTX_DAG_RUN_ID='scheduled__2023-06-27T01:10:00+00:00'
[2023-06-27T08:54:46.000+0000] {subprocess.py:63} INFO - Tmp dir root location: 
 /tmp
[2023-06-27T08:54:46.004+0000] {subprocess.py:75} INFO - Running command: ['/bin/bash', '-c', 'cd /dbt && dbt run --model select']
[2023-06-27T08:54:46.036+0000] {subprocess.py:86} INFO - Output:
[2023-06-27T08:55:23.043+0000] {subprocess.py:93} INFO - [0m08:55:23  Running with dbt=1.5.1
[2023-06-27T08:55:36.024+0000] {subprocess.py:93} INFO - [0m08:55:36  [[33mWARNING[0m]: Configuration paths exist in your dbt_project.yml file which do not apply to any resources.
[2023-06-27T08:55:36.025+0000] {subprocess.py:93} INFO - There are 2 unused configuration paths:
[2023-06-27T08:55:36.026+0000] {subprocess.py:93} INFO - - models.badge_5.time_of_day
[2023-06-27T08:55:36.027+0000] {subprocess.py:93} INFO - - models.badge_5.create_stage
[2023-06-27T08:55:36.083+0000] {subprocess.py:93} INFO - [0m08:55:36  Found 2 models, 0 tests, 0 snapshots, 0 analyses, 455 macros, 0 operations, 1 seed file, 0 sources, 0 exposures, 0 metrics, 0 groups
[2023-06-27T08:55:36.087+0000] {subprocess.py:93} INFO - [0m08:55:36
[2023-06-27T08:55:37.675+0000] {subprocess.py:93} INFO - [0m08:55:37  Concurrency: 200 threads (target='dev')
[2023-06-27T08:55:37.679+0000] {subprocess.py:93} INFO - [0m08:55:37
[2023-06-27T08:55:37.944+0000] {subprocess.py:93} INFO - [0m08:55:37  1 of 1 START sql view model ***.select ..................................... [RUN]
[2023-06-27T08:55:38.799+0000] {subprocess.py:93} INFO - [0m08:55:38  1 of 1 ERROR creating sql view model ***.select ............................ [[31mERROR[0m in 0.85s]
[2023-06-27T08:55:38.891+0000] {subprocess.py:93} INFO - [0m08:55:38
[2023-06-27T08:55:38.914+0000] {subprocess.py:93} INFO - [0m08:55:38  Finished running 1 view model in 0 hours 0 minutes and 2.80 seconds (2.80s).
[2023-06-27T08:55:38.966+0000] {subprocess.py:93} INFO - [0m08:55:38
[2023-06-27T08:55:38.968+0000] {subprocess.py:93} INFO - [0m08:55:38  [31mCompleted with 1 error and 0 warnings:[0m
[2023-06-27T08:55:38.969+0000] {subprocess.py:93} INFO - [0m08:55:38
[2023-06-27T08:55:38.970+0000] {subprocess.py:93} INFO - [0m08:55:38  [33mDatabase Error in model select (models/select/select.sql)[0m
[2023-06-27T08:55:38.971+0000] {subprocess.py:93} INFO - [0m08:55:38    001003 (42000): SQL compilation error:
[2023-06-27T08:55:38.972+0000] {subprocess.py:93} INFO - [0m08:55:38    syntax error line 1 at position 43 unexpected '.'.
[2023-06-27T08:55:38.974+0000] {subprocess.py:93} INFO - [0m08:55:38    compiled Code at target/run/badge_5/models/select/select.sql
[2023-06-27T08:55:38.975+0000] {subprocess.py:93} INFO - [0m08:55:38
[2023-06-27T08:55:38.976+0000] {subprocess.py:93} INFO - [0m08:55:38  Done. PASS=0 WARN=0 ERROR=1 SKIP=0 TOTAL=1
[2023-06-27T08:55:39.649+0000] {subprocess.py:97} INFO - Command exited with return code 1
[2023-06-27T08:55:39.663+0000] {taskinstance.py:1824} ERROR - Task failed with exception
Traceback (most recent call last):
  File "/home/airflow/.local/lib/python3.7/site-packages/airflow/operators/bash.py", line 211, in execute
    f"Bash command failed. The command returned a non-zero exit code {result.exit_code}."
airflow.exceptions.AirflowException: Bash command failed. The command returned a non-zero exit code 1.
[2023-06-27T08:55:39.669+0000] {taskinstance.py:1350} INFO - Marking task as FAILED. dag_id=2_Test_Badge_5_Loop, task_id=create_select, execution_date=20230627T011000, start_date=20230627T085443, end_date=20230627T085539
[2023-06-27T08:55:39.686+0000] {standard_task_runner.py:109} ERROR - Failed to execute job 196 for task create_select (Bash command failed. The command returned a non-zero exit code 1.; 8696)
[2023-06-27T08:55:39.717+0000] {local_task_job_runner.py:225} INFO - Task exited with return code 1
[2023-06-27T08:55:39.734+0000] {taskinstance.py:2651} INFO - 0 downstream tasks scheduled from follow-on schedule check
